<?xml version="1.0" encoding="UTF-8"?>
<testng-results skipped="2" failed="0" ignored="0" total="2" passed="0">
  <reporter-output>
  </reporter-output>
  <suite name="Command line suite" duration-ms="882" started-at="2021-09-22T01:25:19 IST" finished-at="2021-09-22T01:25:20 IST">
    <groups>
    </groups>
    <test name="Command line test" duration-ms="882" started-at="2021-09-22T01:25:19 IST" finished-at="2021-09-22T01:25:20 IST">
      <class name="com.mousiki.testscripts.Register">
        <test-method status="PASS" signature="properties()[pri:0, instance:com.mousiki.testscripts.Register@49d904ec]" name="properties" is-config="true" duration-ms="8" started-at="2021-09-22T01:25:19 IST" finished-at="2021-09-22T01:25:19 IST">
          <reporter-output>
          </reporter-output>
        </test-method> <!-- properties -->
        <test-method status="PASS" signature="startTest(org.testng.ITestContext)[pri:0, instance:com.mousiki.testscripts.Register@49d904ec]" name="startTest" is-config="true" duration-ms="3" started-at="2021-09-22T01:25:19 IST" finished-at="2021-09-22T01:25:19 IST">
          <params>
            <param index="0">
              <value>
                <![CDATA[org.testng.TestRunner@73173f63]]>
              </value>
            </param>
          </params>
          <reporter-output>
          </reporter-output>
        </test-method> <!-- startTest -->
        <test-method status="PASS" signature="setup()[pri:0, instance:com.mousiki.testscripts.Register@49d904ec]" name="setup" is-config="true" duration-ms="0" started-at="2021-09-22T01:25:19 IST" finished-at="2021-09-22T01:25:19 IST">
          <reporter-output>
          </reporter-output>
        </test-method> <!-- setup -->
        <test-method status="SKIP" signature="TC_appregistration_negativeflow(java.util.Map)[pri:0, instance:com.mousiki.testscripts.Register@49d904ec]" name="TC_appregistration_negativeflow" duration-ms="0" started-at="2021-09-22T01:25:20 IST" data-provider="testdata" finished-at="2021-09-22T01:25:20 IST">
          <exception class="java.lang.RuntimeException">
            <message>
              <![CDATA[java.lang.NullPointerException]]>
            </message>
            <full-stacktrace>
              <![CDATA[java.lang.RuntimeException: java.lang.NullPointerException
at org.testng.internal.MethodInvocationHelper.invokeMethodNoCheckedException(MethodInvocationHelper.java:51)
at org.testng.internal.MethodInvocationHelper.invokeDataProvider(MethodInvocationHelper.java:147)
at org.testng.internal.Parameters.handleParameters(Parameters.java:801)
at org.testng.internal.Parameters.handleParameters(Parameters.java:744)
at org.testng.internal.ParameterHandler.handleParameters(ParameterHandler.java:59)
at org.testng.internal.ParameterHandler.createParameters(ParameterHandler.java:38)
at org.testng.internal.TestInvoker$MethodInvocationAgent.invoke(TestInvoker.java:783)
at org.testng.internal.TestInvoker.invokeTestMethods(TestInvoker.java:146)
at org.testng.internal.TestMethodWorker.invokeTestMethods(TestMethodWorker.java:146)
at org.testng.internal.TestMethodWorker.run(TestMethodWorker.java:128)
at java.util.ArrayList.forEach(ArrayList.java:1259)
at org.testng.TestRunner.privateRun(TestRunner.java:766)
at org.testng.TestRunner.run(TestRunner.java:587)
at org.testng.SuiteRunner.runTest(SuiteRunner.java:384)
at org.testng.SuiteRunner.runSequentially(SuiteRunner.java:378)
at org.testng.SuiteRunner.privateRun(SuiteRunner.java:337)
at org.testng.SuiteRunner.run(SuiteRunner.java:286)
at org.testng.SuiteRunnerWorker.runSuite(SuiteRunnerWorker.java:53)
at org.testng.SuiteRunnerWorker.run(SuiteRunnerWorker.java:96)
at org.testng.TestNG.runSuitesSequentially(TestNG.java:1187)
at org.testng.TestNG.runSuitesLocally(TestNG.java:1109)
at org.testng.TestNG.runSuites(TestNG.java:1039)
at org.testng.TestNG.run(TestNG.java:1007)
at com.mousiki.testbase.TestBase.<clinit>(TestBase.java:102)
at sun.reflect.NativeConstructorAccessorImpl.newInstance0(Native Method)
at sun.reflect.NativeConstructorAccessorImpl.newInstance(NativeConstructorAccessorImpl.java:62)
at sun.reflect.DelegatingConstructorAccessorImpl.newInstance(DelegatingConstructorAccessorImpl.java:45)
at java.lang.reflect.Constructor.newInstance(Constructor.java:423)
at org.testng.internal.ObjectFactoryImpl.newInstance(ObjectFactoryImpl.java:23)
at org.testng.internal.InstanceCreator.instantiateUsingDefaultConstructor(InstanceCreator.java:193)
at org.testng.internal.InstanceCreator.createInstanceUsingObjectFactory(InstanceCreator.java:113)
at org.testng.internal.InstanceCreator.createInstance(InstanceCreator.java:79)
at org.testng.internal.ClassImpl.getDefaultInstance(ClassImpl.java:109)
at org.testng.internal.ClassImpl.getInstances(ClassImpl.java:167)
at org.testng.TestClass.getInstances(TestClass.java:102)
at org.testng.TestClass.initTestClassesAndInstances(TestClass.java:82)
at org.testng.TestClass.init(TestClass.java:74)
at org.testng.TestClass.<init>(TestClass.java:39)
at org.testng.TestRunner.initMethods(TestRunner.java:459)
at org.testng.TestRunner.init(TestRunner.java:338)
at org.testng.TestRunner.init(TestRunner.java:291)
at org.testng.TestRunner.<init>(TestRunner.java:179)
at org.testng.SuiteRunner$DefaultTestRunnerFactory.newTestRunner(SuiteRunner.java:613)
at org.testng.SuiteRunner.init(SuiteRunner.java:178)
at org.testng.SuiteRunner.<init>(SuiteRunner.java:112)
at org.testng.TestNG.createSuiteRunner(TestNG.java:1275)
at org.testng.TestNG.createSuiteRunners(TestNG.java:1251)
at org.testng.TestNG.runSuitesLocally(TestNG.java:1100)
at org.testng.TestNG.runSuites(TestNG.java:1039)
at org.testng.TestNG.run(TestNG.java:1007)
at org.apache.maven.surefire.testng.TestNGExecutor.run(TestNGExecutor.java:284)
at org.apache.maven.surefire.testng.TestNGXmlTestSuite.execute(TestNGXmlTestSuite.java:75)
at org.apache.maven.surefire.testng.TestNGProvider.invoke(TestNGProvider.java:119)
at org.apache.maven.surefire.booter.ForkedBooter.runSuitesInProcess(ForkedBooter.java:428)
at org.apache.maven.surefire.booter.ForkedBooter.execute(ForkedBooter.java:162)
at org.apache.maven.surefire.booter.ForkedBooter.run(ForkedBooter.java:562)
at org.apache.maven.surefire.booter.ForkedBooter.main(ForkedBooter.java:548)
Caused by: java.lang.NullPointerException
at com.mousiki.testbase.TestBase.getExcelData(TestBase.java:612)
at com.mousiki.dataprovider.TestCaseData.getinput(TestCaseData.java:16)
at sun.reflect.NativeMethodAccessorImpl.invoke0(Native Method)
at sun.reflect.NativeMethodAccessorImpl.invoke(NativeMethodAccessorImpl.java:62)
at sun.reflect.DelegatingMethodAccessorImpl.invoke(DelegatingMethodAccessorImpl.java:43)
at java.lang.reflect.Method.invoke(Method.java:498)
at org.testng.internal.MethodInvocationHelper.invokeMethod(MethodInvocationHelper.java:134)
at org.testng.internal.MethodInvocationHelper.invokeMethod(MethodInvocationHelper.java:78)
at org.testng.internal.MethodInvocationHelper.invokeMethodNoCheckedException(MethodInvocationHelper.java:47)
... 56 more
]]>
            </full-stacktrace>
          </exception> <!-- java.lang.RuntimeException -->
          <reporter-output>
          </reporter-output>
        </test-method> <!-- TC_appregistration_negativeflow -->
        <test-method status="SKIP" signature="TC_appregistration_positiveflow(java.util.Map)[pri:0, instance:com.mousiki.testscripts.Register@49d904ec]" name="TC_appregistration_positiveflow" duration-ms="0" started-at="2021-09-22T01:25:20 IST" data-provider="testdata" finished-at="2021-09-22T01:25:20 IST">
          <exception class="java.lang.RuntimeException">
            <message>
              <![CDATA[java.lang.NullPointerException]]>
            </message>
            <full-stacktrace>
              <![CDATA[java.lang.RuntimeException: java.lang.NullPointerException
at org.testng.internal.MethodInvocationHelper.invokeMethodNoCheckedException(MethodInvocationHelper.java:51)
at org.testng.internal.MethodInvocationHelper.invokeDataProvider(MethodInvocationHelper.java:147)
at org.testng.internal.Parameters.handleParameters(Parameters.java:801)
at org.testng.internal.Parameters.handleParameters(Parameters.java:744)
at org.testng.internal.ParameterHandler.handleParameters(ParameterHandler.java:59)
at org.testng.internal.ParameterHandler.createParameters(ParameterHandler.java:38)
at org.testng.internal.TestInvoker$MethodInvocationAgent.invoke(TestInvoker.java:783)
at org.testng.internal.TestInvoker.invokeTestMethods(TestInvoker.java:146)
at org.testng.internal.TestMethodWorker.invokeTestMethods(TestMethodWorker.java:146)
at org.testng.internal.TestMethodWorker.run(TestMethodWorker.java:128)
at java.util.ArrayList.forEach(ArrayList.java:1259)
at org.testng.TestRunner.privateRun(TestRunner.java:766)
at org.testng.TestRunner.run(TestRunner.java:587)
at org.testng.SuiteRunner.runTest(SuiteRunner.java:384)
at org.testng.SuiteRunner.runSequentially(SuiteRunner.java:378)
at org.testng.SuiteRunner.privateRun(SuiteRunner.java:337)
at org.testng.SuiteRunner.run(SuiteRunner.java:286)
at org.testng.SuiteRunnerWorker.runSuite(SuiteRunnerWorker.java:53)
at org.testng.SuiteRunnerWorker.run(SuiteRunnerWorker.java:96)
at org.testng.TestNG.runSuitesSequentially(TestNG.java:1187)
at org.testng.TestNG.runSuitesLocally(TestNG.java:1109)
at org.testng.TestNG.runSuites(TestNG.java:1039)
at org.testng.TestNG.run(TestNG.java:1007)
at com.mousiki.testbase.TestBase.<clinit>(TestBase.java:102)
at sun.reflect.NativeConstructorAccessorImpl.newInstance0(Native Method)
at sun.reflect.NativeConstructorAccessorImpl.newInstance(NativeConstructorAccessorImpl.java:62)
at sun.reflect.DelegatingConstructorAccessorImpl.newInstance(DelegatingConstructorAccessorImpl.java:45)
at java.lang.reflect.Constructor.newInstance(Constructor.java:423)
at org.testng.internal.ObjectFactoryImpl.newInstance(ObjectFactoryImpl.java:23)
at org.testng.internal.InstanceCreator.instantiateUsingDefaultConstructor(InstanceCreator.java:193)
at org.testng.internal.InstanceCreator.createInstanceUsingObjectFactory(InstanceCreator.java:113)
at org.testng.internal.InstanceCreator.createInstance(InstanceCreator.java:79)
at org.testng.internal.ClassImpl.getDefaultInstance(ClassImpl.java:109)
at org.testng.internal.ClassImpl.getInstances(ClassImpl.java:167)
at org.testng.TestClass.getInstances(TestClass.java:102)
at org.testng.TestClass.initTestClassesAndInstances(TestClass.java:82)
at org.testng.TestClass.init(TestClass.java:74)
at org.testng.TestClass.<init>(TestClass.java:39)
at org.testng.TestRunner.initMethods(TestRunner.java:459)
at org.testng.TestRunner.init(TestRunner.java:338)
at org.testng.TestRunner.init(TestRunner.java:291)
at org.testng.TestRunner.<init>(TestRunner.java:179)
at org.testng.SuiteRunner$DefaultTestRunnerFactory.newTestRunner(SuiteRunner.java:613)
at org.testng.SuiteRunner.init(SuiteRunner.java:178)
at org.testng.SuiteRunner.<init>(SuiteRunner.java:112)
at org.testng.TestNG.createSuiteRunner(TestNG.java:1275)
at org.testng.TestNG.createSuiteRunners(TestNG.java:1251)
at org.testng.TestNG.runSuitesLocally(TestNG.java:1100)
at org.testng.TestNG.runSuites(TestNG.java:1039)
at org.testng.TestNG.run(TestNG.java:1007)
at org.apache.maven.surefire.testng.TestNGExecutor.run(TestNGExecutor.java:284)
at org.apache.maven.surefire.testng.TestNGXmlTestSuite.execute(TestNGXmlTestSuite.java:75)
at org.apache.maven.surefire.testng.TestNGProvider.invoke(TestNGProvider.java:119)
at org.apache.maven.surefire.booter.ForkedBooter.runSuitesInProcess(ForkedBooter.java:428)
at org.apache.maven.surefire.booter.ForkedBooter.execute(ForkedBooter.java:162)
at org.apache.maven.surefire.booter.ForkedBooter.run(ForkedBooter.java:562)
at org.apache.maven.surefire.booter.ForkedBooter.main(ForkedBooter.java:548)
Caused by: java.lang.NullPointerException
at com.mousiki.testbase.TestBase.getExcelData(TestBase.java:612)
at com.mousiki.dataprovider.TestCaseData.getinput(TestCaseData.java:16)
at sun.reflect.NativeMethodAccessorImpl.invoke0(Native Method)
at sun.reflect.NativeMethodAccessorImpl.invoke(NativeMethodAccessorImpl.java:62)
at sun.reflect.DelegatingMethodAccessorImpl.invoke(DelegatingMethodAccessorImpl.java:43)
at java.lang.reflect.Method.invoke(Method.java:498)
at org.testng.internal.MethodInvocationHelper.invokeMethod(MethodInvocationHelper.java:134)
at org.testng.internal.MethodInvocationHelper.invokeMethod(MethodInvocationHelper.java:78)
at org.testng.internal.MethodInvocationHelper.invokeMethodNoCheckedException(MethodInvocationHelper.java:47)
... 56 more
]]>
            </full-stacktrace>
          </exception> <!-- java.lang.RuntimeException -->
          <reporter-output>
          </reporter-output>
        </test-method> <!-- TC_appregistration_positiveflow -->
        <test-method status="PASS" signature="extentflush()[pri:0, instance:com.mousiki.testscripts.Register@49d904ec]" name="extentflush" is-config="true" duration-ms="260" started-at="2021-09-22T01:25:20 IST" finished-at="2021-09-22T01:25:20 IST">
          <reporter-output>
          </reporter-output>
        </test-method> <!-- extentflush -->
        <test-method status="PASS" signature="backtohomepage()[pri:0, instance:com.mousiki.testscripts.Register@49d904ec]" name="backtohomepage" is-config="true" duration-ms="0" started-at="2021-09-22T01:25:20 IST" finished-at="2021-09-22T01:25:20 IST">
          <reporter-output>
          </reporter-output>
        </test-method> <!-- backtohomepage -->
      </class> <!-- com.mousiki.testscripts.Register -->
    </test> <!-- Command line test -->
  </suite> <!-- Command line suite -->
</testng-results>
