

<!DOCTYPE html>
<html>
<head>
<meta charset="UTF-8">
<meta name="viewport" content="width=device-width, initial-scale=1, shrink-to-fit=no">
<title>Mousiki Automation</title>
<link rel="apple-touch-icon" href="https://cdn.jsdelivr.net/gh/extent-framework/extent-github-cdn@b00a2d0486596e73dd7326beacf352c639623a0e/commons/img/logo.png">
<link rel="shortcut icon" href="https://cdn.jsdelivr.net/gh/extent-framework/extent-github-cdn@b00a2d0486596e73dd7326beacf352c639623a0e/commons/img/logo.png">
<link href="https://cdn.jsdelivr.net/gh/extent-framework/extent-github-cdn@d6562a79075e061305ccfdb82f01e5e195e2d307/spark/css/spark-style.css" rel="stylesheet" />
<link href="https://stackpath.bootstrapcdn.com/font-awesome/4.7.0/css/font-awesome.min.css" rel="stylesheet">
<script src="https://cdn.rawgit.com/extent-framework/extent-github-cdn/7cc78ce/spark/js/jsontree.js"></script>
<style type="text/css"></style></head><body class="spa -report dark">
  <div class="app">
    <div class="layout">
<div class="header navbar">
<div class="vheader">
<div class="nav-logo">
<a href="#">
<div class="logo" style="background-image: url('https://cdn.jsdelivr.net/gh/extent-framework/extent-github-cdn@b00a2d0486596e73dd7326beacf352c639623a0e/commons/img/logo.png')"></div>
</a>
</div>
<ul class="nav-left">
<li class="search-box">
<a class="search-toggle" href="#">
<i class="search-icon fa fa-search"></i>
<i class="search-icon-close fa fa-close"></i>
</a>
</li>
<li class="search-input"><input id="search-tests" class="form-control" type="text" placeholder="Search..."></li>
</ul>
<ul class="nav-right">
<li class="m-r-10">
<a href="#"><span class="badge badge-primary"></span></a>
</li>
<li class="m-r-10">
<a href="#"><span class="badge badge-primary">Sep 21, 2021 09:29:51 PM</span></a>
</li>
</ul>
</div>
</div><div class="side-nav">
<div class="side-nav-inner">
<ul class="side-nav-menu">
<li class="nav-item dropdown" onclick="toggleView('test-view')">
<a id="nav-test" class="dropdown-toggle" href="#">
<span class="ico"><i class="fa fa-list"></i></span>
</a>
</li>
<li class="nav-item dropdown" onclick="toggleView('dashboard-view')">
<a id="nav-dashboard" class="dropdown-toggle" href="#">
<span class="ico"><i class="fa fa-bar-chart"></i></span>
</a>
</li>
</ul>
</div>
</div>      <div class="vcontainer">
        <div class="main-content">
<div class="test-wrapper row view test-view">
  <div class="test-list">
    <div class="test-list-tools">
<ul class="tools pull-left">
<li><a href="#"><span class="font-size-14">Tests</span></a></li>
</ul>
<ul class="tools text-right">
<li class="dropdown">
<a href="#" class="dropdown-toggle" data-toggle="dropdown"><i class="fa fa-exclamation-circle"></i></a>
<ul id="status-toggle" class="dropdown-menu dropdown-md p-v-0">
<a class="dropdown-item" status="pass" href="#"><span>Pass</span><span class="status success"></span></a>
<a class="dropdown-item" status="fail" href="#"><span>Fail</span><span class="status danger"></span></a>
<div class="dropdown-divider"></div>
<a status="clear" class="dropdown-item" href="#"><span>Clear</span><span class="pull-right"><i class="fa fa-close"></i></span></a>
</ul>
</li>
</ul>
</div>    <div class="test-list-wrapper scrollable">
      <ul class="test-list-item">
        <li class="test-item"  status="fail" test-id="1"
          author=""
          tag=""
          device="">
          <div class="test-detail">
            <p class="name">TC_appregistration_negativeflow_Teacher_2</p>
            <p class="text-sm">
              <span>9:30:05 PM</span> / <span>00:00:09:573</span>
              <span class="badge fail-bg log float-right">Fail</span>
            </p>
          </div>
          <div class="test-contents d-none">
<div class="detail-head">
<div class="p-v-10">
<div class="info">
<h5 class="test-status text-fail">TC_appregistration_negativeflow_Teacher_2</h5>
<span class='badge badge-success'>09.21.2021 9:30:05 PM</span>
<span class='badge badge-danger'>09.21.2021 9:30:15 PM</span>
<span class='badge badge-default'>00:00:09:573</span>
&middot; <span class='uri-anchor badge badge-default'>#test-id=1</span>
<span class='badge badge-default pointer float-right ml-1 et'><i class="fa fa-chevron-down"></i></span>
<span class='badge badge-default pointer float-right ct'><i class="fa fa-chevron-up"></i></span>
</div>
</div>
</div>    <div class="row mb-3"><div class="col-md-3">
<img data-featherlight='C:\gitRepo\app\Selenium_Framework_Mousiki\screenshots\RUN_21_09_2021_09_30_14.png' src="C:\gitRepo\app\Selenium_Framework_Mousiki\screenshots\RUN_21_09_2021_09_30_14.png">
    <div class="title">Last Name is invalid</div>
    </div></div>
<div class="detail-body mt-4">
<table class="table table-sm">
  <thead><tr><th class="status-col">Status</th><th class="timestamp-col">Timestamp</th><th class="details-col">Details</th></tr></thead>
  <tbody>
      <tr class="event-row">
        <td><span class="badge log info-bg">Info</span></td>
        <td>9:30:05 PM</td>
        <td>
          Sign Upclicked successfully
        </td>
      </tr>
      <tr class="event-row">
        <td><span class="badge log info-bg">Info</span></td>
        <td>9:30:06 PM</td>
        <td>
          I'm a Teacherclicked successfully
        </td>
      </tr>
      <tr class="event-row">
        <td><span class="badge log info-bg">Info</span></td>
        <td>9:30:06 PM</td>
        <td>
          First Nameentered successfully
        </td>
      </tr>
      <tr class="event-row">
        <td><span class="badge log info-bg">Info</span></td>
        <td>9:30:07 PM</td>
        <td>
          Last Nameentered successfully
        </td>
      </tr>
      <tr class="event-row">
        <td><span class="badge log info-bg">Info</span></td>
        <td>9:30:07 PM</td>
        <td>
          Emailentered successfully
        </td>
      </tr>
      <tr class="event-row">
        <td><span class="badge log info-bg">Info</span></td>
        <td>9:30:07 PM</td>
        <td>
          Passwordentered successfully
        </td>
      </tr>
      <tr class="event-row">
        <td><span class="badge log fail-bg">Fail</span></td>
        <td>9:30:14 PM</td>
        <td>
          Registration completed for 'Last Name is invalid' invalid data
        </td>
      </tr>
      <tr class="event-row">
        <td><span class="badge log info-bg">Info</span></td>
        <td>9:30:15 PM</td>
        <td>
          Mousiki logoclicked successfully
        </td>
      </tr>
  </tbody>
</table>
</div>
          </div>
        </li>
        <li class="test-item"  status="fail" test-id="2"
          author=""
          tag=""
          device="">
          <div class="test-detail">
            <p class="name">TC_appregistration_negativeflow_Teacher_1</p>
            <p class="text-sm">
              <span>9:30:08 PM</span> / <span>00:00:08:918</span>
              <span class="badge fail-bg log float-right">Fail</span>
            </p>
          </div>
          <div class="test-contents d-none">
<div class="detail-head">
<div class="p-v-10">
<div class="info">
<h5 class="test-status text-fail">TC_appregistration_negativeflow_Teacher_1</h5>
<span class='badge badge-success'>09.21.2021 9:30:08 PM</span>
<span class='badge badge-danger'>09.21.2021 9:30:17 PM</span>
<span class='badge badge-default'>00:00:08:918</span>
&middot; <span class='uri-anchor badge badge-default'>#test-id=2</span>
<span class='badge badge-default pointer float-right ml-1 et'><i class="fa fa-chevron-down"></i></span>
<span class='badge badge-default pointer float-right ct'><i class="fa fa-chevron-up"></i></span>
</div>
</div>
</div>    <div class="row mb-3"><div class="col-md-3">
<img data-featherlight='C:\gitRepo\app\Selenium_Framework_Mousiki\screenshots\RUN_21_09_2021_09_30_17.png' src="C:\gitRepo\app\Selenium_Framework_Mousiki\screenshots\RUN_21_09_2021_09_30_17.png">
    <div class="title">First Name is invalid</div>
    </div></div>
<div class="detail-body mt-4">
<table class="table table-sm">
  <thead><tr><th class="status-col">Status</th><th class="timestamp-col">Timestamp</th><th class="details-col">Details</th></tr></thead>
  <tbody>
      <tr class="event-row">
        <td><span class="badge log info-bg">Info</span></td>
        <td>9:30:08 PM</td>
        <td>
          Sign Upclicked successfully
        </td>
      </tr>
      <tr class="event-row">
        <td><span class="badge log info-bg">Info</span></td>
        <td>9:30:09 PM</td>
        <td>
          I'm a Teacherclicked successfully
        </td>
      </tr>
      <tr class="event-row">
        <td><span class="badge log info-bg">Info</span></td>
        <td>9:30:09 PM</td>
        <td>
          First Nameentered successfully
        </td>
      </tr>
      <tr class="event-row">
        <td><span class="badge log info-bg">Info</span></td>
        <td>9:30:10 PM</td>
        <td>
          Last Nameentered successfully
        </td>
      </tr>
      <tr class="event-row">
        <td><span class="badge log info-bg">Info</span></td>
        <td>9:30:10 PM</td>
        <td>
          Emailentered successfully
        </td>
      </tr>
      <tr class="event-row">
        <td><span class="badge log info-bg">Info</span></td>
        <td>9:30:10 PM</td>
        <td>
          Passwordentered successfully
        </td>
      </tr>
      <tr class="event-row">
        <td><span class="badge log fail-bg">Fail</span></td>
        <td>9:30:17 PM</td>
        <td>
          Registration completed for 'First Name is invalid' invalid data
        </td>
      </tr>
      <tr class="event-row">
        <td><span class="badge log info-bg">Info</span></td>
        <td>9:30:17 PM</td>
        <td>
          Mousiki logoclicked successfully
        </td>
      </tr>
  </tbody>
</table>
</div>
          </div>
        </li>
        <li class="test-item"  status="pass" test-id="3"
          author=""
          tag=""
          device="">
          <div class="test-detail">
            <p class="name">TC_appregistration_negativeflow_Teacher_3</p>
            <p class="text-sm">
              <span>9:30:23 PM</span> / <span>00:00:05:937</span>
              <span class="badge pass-bg log float-right">Pass</span>
            </p>
          </div>
          <div class="test-contents d-none">
<div class="detail-head">
<div class="p-v-10">
<div class="info">
<h5 class="test-status text-pass">TC_appregistration_negativeflow_Teacher_3</h5>
<span class='badge badge-success'>09.21.2021 9:30:23 PM</span>
<span class='badge badge-danger'>09.21.2021 9:30:29 PM</span>
<span class='badge badge-default'>00:00:05:937</span>
&middot; <span class='uri-anchor badge badge-default'>#test-id=3</span>
<span class='badge badge-default pointer float-right ml-1 et'><i class="fa fa-chevron-down"></i></span>
<span class='badge badge-default pointer float-right ct'><i class="fa fa-chevron-up"></i></span>
</div>
</div>
</div>    <div class="row mb-3"><div class="col-md-3">
<img data-featherlight='C:\gitRepo\app\Selenium_Framework_Mousiki\screenshots\RUN_21_09_2021_09_30_28.png' src="C:\gitRepo\app\Selenium_Framework_Mousiki\screenshots\RUN_21_09_2021_09_30_28.png">
    <div class="title">Email is invalid.</div>
    </div></div>
<div class="detail-body mt-4">
<table class="table table-sm">
  <thead><tr><th class="status-col">Status</th><th class="timestamp-col">Timestamp</th><th class="details-col">Details</th></tr></thead>
  <tbody>
      <tr class="event-row">
        <td><span class="badge log info-bg">Info</span></td>
        <td>9:30:23 PM</td>
        <td>
          Sign Upclicked successfully
        </td>
      </tr>
      <tr class="event-row">
        <td><span class="badge log info-bg">Info</span></td>
        <td>9:30:24 PM</td>
        <td>
          I'm a Teacherclicked successfully
        </td>
      </tr>
      <tr class="event-row">
        <td><span class="badge log info-bg">Info</span></td>
        <td>9:30:25 PM</td>
        <td>
          First Nameentered successfully
        </td>
      </tr>
      <tr class="event-row">
        <td><span class="badge log info-bg">Info</span></td>
        <td>9:30:25 PM</td>
        <td>
          Last Nameentered successfully
        </td>
      </tr>
      <tr class="event-row">
        <td><span class="badge log info-bg">Info</span></td>
        <td>9:30:25 PM</td>
        <td>
          Emailentered successfully
        </td>
      </tr>
      <tr class="event-row">
        <td><span class="badge log info-bg">Info</span></td>
        <td>9:30:25 PM</td>
        <td>
          Passwordentered successfully
        </td>
      </tr>
      <tr class="event-row">
        <td><span class="badge log info-bg">Info</span></td>
        <td>9:30:28 PM</td>
        <td>
          customerrormessageget text from element successfully
        </td>
      </tr>
      <tr class="event-row">
        <td><span class="badge log info-bg">Info</span></td>
        <td>9:30:28 PM</td>
        <td>
          customerrormessageget text from element successfully
        </td>
      </tr>
      <tr class="event-row">
        <td><span class="badge log pass-bg">Pass</span></td>
        <td>9:30:28 PM</td>
        <td>
          Registration not completed for 'Email is invalid.' invalid data as expected
        </td>
      </tr>
      <tr class="event-row">
        <td><span class="badge log info-bg">Info</span></td>
        <td>9:30:29 PM</td>
        <td>
          Mousiki logoclicked successfully
        </td>
      </tr>
  </tbody>
</table>
</div>
          </div>
        </li>
        <li class="test-item"  status="pass" test-id="4"
          author=""
          tag=""
          device="">
          <div class="test-detail">
            <p class="name">TC_appregistration_negativeflow_Teacher_4</p>
            <p class="text-sm">
              <span>9:30:32 PM</span> / <span>00:00:06:076</span>
              <span class="badge pass-bg log float-right">Pass</span>
            </p>
          </div>
          <div class="test-contents d-none">
<div class="detail-head">
<div class="p-v-10">
<div class="info">
<h5 class="test-status text-pass">TC_appregistration_negativeflow_Teacher_4</h5>
<span class='badge badge-success'>09.21.2021 9:30:32 PM</span>
<span class='badge badge-danger'>09.21.2021 9:30:38 PM</span>
<span class='badge badge-default'>00:00:06:076</span>
&middot; <span class='uri-anchor badge badge-default'>#test-id=4</span>
<span class='badge badge-default pointer float-right ml-1 et'><i class="fa fa-chevron-down"></i></span>
<span class='badge badge-default pointer float-right ct'><i class="fa fa-chevron-up"></i></span>
</div>
</div>
</div>    <div class="row mb-3"><div class="col-md-3">
<img data-featherlight='C:\gitRepo\app\Selenium_Framework_Mousiki\screenshots\RUN_21_09_2021_09_30_38.png' src="C:\gitRepo\app\Selenium_Framework_Mousiki\screenshots\RUN_21_09_2021_09_30_38.png">
    <div class="title">Password should contain at least one upper case letter</div>
    </div></div>
<div class="detail-body mt-4">
<table class="table table-sm">
  <thead><tr><th class="status-col">Status</th><th class="timestamp-col">Timestamp</th><th class="details-col">Details</th></tr></thead>
  <tbody>
      <tr class="event-row">
        <td><span class="badge log info-bg">Info</span></td>
        <td>9:30:33 PM</td>
        <td>
          Sign Upclicked successfully
        </td>
      </tr>
      <tr class="event-row">
        <td><span class="badge log info-bg">Info</span></td>
        <td>9:30:35 PM</td>
        <td>
          I'm a Teacherclicked successfully
        </td>
      </tr>
      <tr class="event-row">
        <td><span class="badge log info-bg">Info</span></td>
        <td>9:30:36 PM</td>
        <td>
          First Nameentered successfully
        </td>
      </tr>
      <tr class="event-row">
        <td><span class="badge log info-bg">Info</span></td>
        <td>9:30:36 PM</td>
        <td>
          Last Nameentered successfully
        </td>
      </tr>
      <tr class="event-row">
        <td><span class="badge log info-bg">Info</span></td>
        <td>9:30:36 PM</td>
        <td>
          Emailentered successfully
        </td>
      </tr>
      <tr class="event-row">
        <td><span class="badge log info-bg">Info</span></td>
        <td>9:30:37 PM</td>
        <td>
          Passwordentered successfully
        </td>
      </tr>
      <tr class="event-row">
        <td><span class="badge log info-bg">Info</span></td>
        <td>9:30:38 PM</td>
        <td>
          pasworderrormessageget text from element successfully
        </td>
      </tr>
      <tr class="event-row">
        <td><span class="badge log pass-bg">Pass</span></td>
        <td>9:30:38 PM</td>
        <td>
          Registration not completed for 'Password should contain at least one upper case letter' invalid data as expected
        </td>
      </tr>
      <tr class="event-row">
        <td><span class="badge log info-bg">Info</span></td>
        <td>9:30:38 PM</td>
        <td>
          Mousiki logoclicked successfully
        </td>
      </tr>
  </tbody>
</table>
</div>
          </div>
        </li>
        <li class="test-item"  status="fail" test-id="5"
          author=""
          tag=""
          device="">
          <div class="test-detail">
            <p class="name">TC_appregistration_negativeflow_Teacher_5</p>
            <p class="text-sm">
              <span>9:30:54 PM</span> / <span>00:00:12:498</span>
              <span class="badge fail-bg log float-right">Fail</span>
            </p>
          </div>
          <div class="test-contents d-none">
<div class="detail-head">
<div class="p-v-10">
<div class="info">
<h5 class="test-status text-fail">TC_appregistration_negativeflow_Teacher_5</h5>
<span class='badge badge-success'>09.21.2021 9:30:54 PM</span>
<span class='badge badge-danger'>09.21.2021 9:31:07 PM</span>
<span class='badge badge-default'>00:00:12:498</span>
&middot; <span class='uri-anchor badge badge-default'>#test-id=5</span>
<span class='badge badge-default pointer float-right ml-1 et'><i class="fa fa-chevron-down"></i></span>
<span class='badge badge-default pointer float-right ct'><i class="fa fa-chevron-up"></i></span>
</div>
</div>
</div>    <div class="row mb-3"><div class="col-md-3">
<img data-featherlight='C:\gitRepo\app\Selenium_Framework_Mousiki\screenshots\RUN_21_09_2021_09_31_01.png' src="C:\gitRepo\app\Selenium_Framework_Mousiki\screenshots\RUN_21_09_2021_09_31_01.png">
    <div class="title">Password should be at least 8 characters</div>
    </div></div>
    <div class="row mb-3"><div class="col-md-3">
<img data-featherlight='C:\gitRepo\app\Selenium_Framework_Mousiki\screenshots\RUN_21_09_2021_09_31_06.png' src="C:\gitRepo\app\Selenium_Framework_Mousiki\screenshots\RUN_21_09_2021_09_31_06.png">
    <div class="title">Click fail</div>
    </div></div>
<div class="detail-body mt-4">
<table class="table table-sm">
  <thead><tr><th class="status-col">Status</th><th class="timestamp-col">Timestamp</th><th class="details-col">Details</th></tr></thead>
  <tbody>
      <tr class="event-row">
        <td><span class="badge log info-bg">Info</span></td>
        <td>9:30:54 PM</td>
        <td>
          Sign Upclicked successfully
        </td>
      </tr>
      <tr class="event-row">
        <td><span class="badge log info-bg">Info</span></td>
        <td>9:30:55 PM</td>
        <td>
          I'm a Teacherclicked successfully
        </td>
      </tr>
      <tr class="event-row">
        <td><span class="badge log info-bg">Info</span></td>
        <td>9:30:55 PM</td>
        <td>
          First Nameentered successfully
        </td>
      </tr>
      <tr class="event-row">
        <td><span class="badge log info-bg">Info</span></td>
        <td>9:30:56 PM</td>
        <td>
          Last Nameentered successfully
        </td>
      </tr>
      <tr class="event-row">
        <td><span class="badge log info-bg">Info</span></td>
        <td>9:30:56 PM</td>
        <td>
          Emailentered successfully
        </td>
      </tr>
      <tr class="event-row">
        <td><span class="badge log info-bg">Info</span></td>
        <td>9:30:56 PM</td>
        <td>
          Passwordentered successfully
        </td>
      </tr>
      <tr class="event-row">
        <td><span class="badge log info-bg">Info</span></td>
        <td>9:31:01 PM</td>
        <td>
          pasworderrormessageget text from element successfully
        </td>
      </tr>
      <tr class="event-row">
        <td><span class="badge log fail-bg">Fail</span></td>
        <td>9:31:01 PM</td>
        <td>
          Registration completed for 'Password should be at least 8 characters' invalid data
        </td>
      </tr>
      <tr class="event-row">
        <td><span class="badge log fail-bg">Fail</span></td>
        <td>9:31:06 PM</td>
        <td>
          An exception occured while click for element Mousiki logo Exeception:org.openqa.selenium.NoSuchSessionException: Session ID is null. Using WebDriver after calling quit()?
Build info: version: '3.141.5', revision: 'd54ebd709a', time: '2018-11-06T11:42:16'
System info: host: 'LAPTOP-DL44I5GH', ip: '192.168.1.17', os.name: 'Windows 10', os.arch: 'amd64', os.version: '10.0', java.version: '1.8.0_301'
Driver info: driver.version: RemoteWebDriver
        </td>
      </tr>
  </tbody>
</table>
</div>
          </div>
        </li>
        <li class="test-item"  status="pass" test-id="6"
          author=""
          tag=""
          device="">
          <div class="test-detail">
            <p class="name">TC_appregistration_negativeflow_Teacher_6</p>
            <p class="text-sm">
              <span>9:30:57 PM</span> / <span>00:00:04:917</span>
              <span class="badge pass-bg log float-right">Pass</span>
            </p>
          </div>
          <div class="test-contents d-none">
<div class="detail-head">
<div class="p-v-10">
<div class="info">
<h5 class="test-status text-pass">TC_appregistration_negativeflow_Teacher_6</h5>
<span class='badge badge-success'>09.21.2021 9:30:57 PM</span>
<span class='badge badge-danger'>09.21.2021 9:31:02 PM</span>
<span class='badge badge-default'>00:00:04:917</span>
&middot; <span class='uri-anchor badge badge-default'>#test-id=6</span>
<span class='badge badge-default pointer float-right ml-1 et'><i class="fa fa-chevron-down"></i></span>
<span class='badge badge-default pointer float-right ct'><i class="fa fa-chevron-up"></i></span>
</div>
</div>
</div>    <div class="row mb-3"><div class="col-md-3">
<img data-featherlight='C:\gitRepo\app\Selenium_Framework_Mousiki\screenshots\RUN_21_09_2021_09_31_01.png' src="C:\gitRepo\app\Selenium_Framework_Mousiki\screenshots\RUN_21_09_2021_09_31_01.png">
    <div class="title">Password should contain at least one lower case letter</div>
    </div></div>
<div class="detail-body mt-4">
<table class="table table-sm">
  <thead><tr><th class="status-col">Status</th><th class="timestamp-col">Timestamp</th><th class="details-col">Details</th></tr></thead>
  <tbody>
      <tr class="event-row">
        <td><span class="badge log info-bg">Info</span></td>
        <td>9:30:57 PM</td>
        <td>
          Sign Upclicked successfully
        </td>
      </tr>
      <tr class="event-row">
        <td><span class="badge log info-bg">Info</span></td>
        <td>9:30:58 PM</td>
        <td>
          I'm a Teacherclicked successfully
        </td>
      </tr>
      <tr class="event-row">
        <td><span class="badge log info-bg">Info</span></td>
        <td>9:30:58 PM</td>
        <td>
          First Nameentered successfully
        </td>
      </tr>
      <tr class="event-row">
        <td><span class="badge log info-bg">Info</span></td>
        <td>9:30:59 PM</td>
        <td>
          Last Nameentered successfully
        </td>
      </tr>
      <tr class="event-row">
        <td><span class="badge log info-bg">Info</span></td>
        <td>9:30:59 PM</td>
        <td>
          Emailentered successfully
        </td>
      </tr>
      <tr class="event-row">
        <td><span class="badge log info-bg">Info</span></td>
        <td>9:30:59 PM</td>
        <td>
          Passwordentered successfully
        </td>
      </tr>
      <tr class="event-row">
        <td><span class="badge log info-bg">Info</span></td>
        <td>9:31:01 PM</td>
        <td>
          pasworderrormessageget text from element successfully
        </td>
      </tr>
      <tr class="event-row">
        <td><span class="badge log pass-bg">Pass</span></td>
        <td>9:31:01 PM</td>
        <td>
          Registration not completed for 'Password should contain at least one lower case letter' invalid data as expected
        </td>
      </tr>
      <tr class="event-row">
        <td><span class="badge log info-bg">Info</span></td>
        <td>9:31:02 PM</td>
        <td>
          Mousiki logoclicked successfully
        </td>
      </tr>
  </tbody>
</table>
</div>
          </div>
        </li>
        <li class="test-item"  status="fail" test-id="7"
          author=""
          tag=""
          device="">
          <div class="test-detail">
            <p class="name">TC_appregistration_negativeflow_Teacher_7</p>
            <p class="text-sm">
              <span>9:31:11 PM</span> / <span>00:00:11:737</span>
              <span class="badge fail-bg log float-right">Fail</span>
            </p>
          </div>
          <div class="test-contents d-none">
<div class="detail-head">
<div class="p-v-10">
<div class="info">
<h5 class="test-status text-fail">TC_appregistration_negativeflow_Teacher_7</h5>
<span class='badge badge-success'>09.21.2021 9:31:11 PM</span>
<span class='badge badge-danger'>09.21.2021 9:31:22 PM</span>
<span class='badge badge-default'>00:00:11:737</span>
&middot; <span class='uri-anchor badge badge-default'>#test-id=7</span>
<span class='badge badge-default pointer float-right ml-1 et'><i class="fa fa-chevron-down"></i></span>
<span class='badge badge-default pointer float-right ct'><i class="fa fa-chevron-up"></i></span>
</div>
</div>
</div>    <div class="row mb-3"><div class="col-md-3">
<img data-featherlight='C:\gitRepo\app\Selenium_Framework_Mousiki\screenshots\RUN_21_09_2021_09_31_21.png' src="C:\gitRepo\app\Selenium_Framework_Mousiki\screenshots\RUN_21_09_2021_09_31_21.png">
    <div class="title">Password should contain at least one lower case letter</div>
    </div></div>
    <div class="row mb-3"><div class="col-md-3">
<img data-featherlight='C:\gitRepo\app\Selenium_Framework_Mousiki\screenshots\RUN_21_09_2021_09_31_22.png' src="C:\gitRepo\app\Selenium_Framework_Mousiki\screenshots\RUN_21_09_2021_09_31_22.png">
    <div class="title">Click fail</div>
    </div></div>
<div class="detail-body mt-4">
<table class="table table-sm">
  <thead><tr><th class="status-col">Status</th><th class="timestamp-col">Timestamp</th><th class="details-col">Details</th></tr></thead>
  <tbody>
      <tr class="event-row">
        <td><span class="badge log info-bg">Info</span></td>
        <td>9:31:11 PM</td>
        <td>
          Sign Upclicked successfully
        </td>
      </tr>
      <tr class="event-row">
        <td><span class="badge log info-bg">Info</span></td>
        <td>9:31:11 PM</td>
        <td>
          I'm a Teacherclicked successfully
        </td>
      </tr>
      <tr class="event-row">
        <td><span class="badge log info-bg">Info</span></td>
        <td>9:31:12 PM</td>
        <td>
          First Nameentered successfully
        </td>
      </tr>
      <tr class="event-row">
        <td><span class="badge log info-bg">Info</span></td>
        <td>9:31:12 PM</td>
        <td>
          Last Nameentered successfully
        </td>
      </tr>
      <tr class="event-row">
        <td><span class="badge log info-bg">Info</span></td>
        <td>9:31:12 PM</td>
        <td>
          Emailentered successfully
        </td>
      </tr>
      <tr class="event-row">
        <td><span class="badge log info-bg">Info</span></td>
        <td>9:31:13 PM</td>
        <td>
          Passwordentered successfully
        </td>
      </tr>
      <tr class="event-row">
        <td><span class="badge log fail-bg">Fail</span></td>
        <td>9:31:21 PM</td>
        <td>
          Registration completed for 'Password should contain at least one lower case letter' invalid data
        </td>
      </tr>
      <tr class="event-row">
        <td><span class="badge log fail-bg">Fail</span></td>
        <td>9:31:22 PM</td>
        <td>
          An exception occured while click for element Mousiki logo Exeception:org.openqa.selenium.NoSuchSessionException: Session ID is null. Using WebDriver after calling quit()?
Build info: version: '3.141.5', revision: 'd54ebd709a', time: '2018-11-06T11:42:16'
System info: host: 'LAPTOP-DL44I5GH', ip: '192.168.1.17', os.name: 'Windows 10', os.arch: 'amd64', os.version: '10.0', java.version: '1.8.0_301'
Driver info: driver.version: RemoteWebDriver
        </td>
      </tr>
  </tbody>
</table>
</div>
          </div>
        </li>
        <li class="test-item"  status="pass" test-id="8"
          author=""
          tag=""
          device="">
          <div class="test-detail">
            <p class="name">TC_appregistration_negativeflow_Teacher_8</p>
            <p class="text-sm">
              <span>9:31:13 PM</span> / <span>00:00:03:461</span>
              <span class="badge pass-bg log float-right">Pass</span>
            </p>
          </div>
          <div class="test-contents d-none">
<div class="detail-head">
<div class="p-v-10">
<div class="info">
<h5 class="test-status text-pass">TC_appregistration_negativeflow_Teacher_8</h5>
<span class='badge badge-success'>09.21.2021 9:31:13 PM</span>
<span class='badge badge-danger'>09.21.2021 9:31:16 PM</span>
<span class='badge badge-default'>00:00:03:461</span>
&middot; <span class='uri-anchor badge badge-default'>#test-id=8</span>
<span class='badge badge-default pointer float-right ml-1 et'><i class="fa fa-chevron-down"></i></span>
<span class='badge badge-default pointer float-right ct'><i class="fa fa-chevron-up"></i></span>
</div>
</div>
</div><div class="detail-body mt-4">
<table class="table table-sm">
  <thead><tr><th class="status-col">Status</th><th class="timestamp-col">Timestamp</th><th class="details-col">Details</th></tr></thead>
  <tbody>
      <tr class="event-row">
        <td><span class="badge log info-bg">Info</span></td>
        <td>9:31:13 PM</td>
        <td>
          Sign Upclicked successfully
        </td>
      </tr>
      <tr class="event-row">
        <td><span class="badge log info-bg">Info</span></td>
        <td>9:31:14 PM</td>
        <td>
          We're Music Schoolclicked successfully
        </td>
      </tr>
      <tr class="event-row">
        <td><span class="badge log info-bg">Info</span></td>
        <td>9:31:14 PM</td>
        <td>
          First Nameentered successfully
        </td>
      </tr>
      <tr class="event-row">
        <td><span class="badge log info-bg">Info</span></td>
        <td>9:31:14 PM</td>
        <td>
          Last Nameentered successfully
        </td>
      </tr>
      <tr class="event-row">
        <td><span class="badge log info-bg">Info</span></td>
        <td>9:31:15 PM</td>
        <td>
          Emailentered successfully
        </td>
      </tr>
      <tr class="event-row">
        <td><span class="badge log info-bg">Info</span></td>
        <td>9:31:15 PM</td>
        <td>
          Passwordentered successfully
        </td>
      </tr>
      <tr class="event-row">
        <td><span class="badge log info-bg">Info</span></td>
        <td>9:31:16 PM</td>
        <td>
          Mousiki logoclicked successfully
        </td>
      </tr>
  </tbody>
</table>
</div>
          </div>
        </li>
        <li class="test-item"  status="fail" test-id="9"
          author=""
          tag=""
          device="">
          <div class="test-detail">
            <p class="name">TC_appregistration_negativeflow_Teacher_9</p>
            <p class="text-sm">
              <span>9:31:26 PM</span> / <span>00:00:05:601</span>
              <span class="badge fail-bg log float-right">Fail</span>
            </p>
          </div>
          <div class="test-contents d-none">
<div class="detail-head">
<div class="p-v-10">
<div class="info">
<h5 class="test-status text-fail">TC_appregistration_negativeflow_Teacher_9</h5>
<span class='badge badge-success'>09.21.2021 9:31:26 PM</span>
<span class='badge badge-danger'>09.21.2021 9:31:32 PM</span>
<span class='badge badge-default'>00:00:05:601</span>
&middot; <span class='uri-anchor badge badge-default'>#test-id=9</span>
<span class='badge badge-default pointer float-right ml-1 et'><i class="fa fa-chevron-down"></i></span>
<span class='badge badge-default pointer float-right ct'><i class="fa fa-chevron-up"></i></span>
</div>
</div>
</div>    <div class="row mb-3"><div class="col-md-3">
<img data-featherlight='C:\gitRepo\app\Selenium_Framework_Mousiki\screenshots\RUN_21_09_2021_09_31_29.png' src="C:\gitRepo\app\Selenium_Framework_Mousiki\screenshots\RUN_21_09_2021_09_31_29.png">
    <div class="title">Enter text fail</div>
    </div></div>
    <div class="row mb-3"><div class="col-md-3">
<img data-featherlight='C:\gitRepo\app\Selenium_Framework_Mousiki\screenshots\RUN_21_09_2021_09_31_30.png' src="C:\gitRepo\app\Selenium_Framework_Mousiki\screenshots\RUN_21_09_2021_09_31_30.png">
    <div class="title">Password should contain at least one non alpha numeric character</div>
    </div></div>
<div class="detail-body mt-4">
<table class="table table-sm">
  <thead><tr><th class="status-col">Status</th><th class="timestamp-col">Timestamp</th><th class="details-col">Details</th></tr></thead>
  <tbody>
      <tr class="event-row">
        <td><span class="badge log info-bg">Info</span></td>
        <td>9:31:27 PM</td>
        <td>
          Sign Upclicked successfully
        </td>
      </tr>
      <tr class="event-row">
        <td><span class="badge log info-bg">Info</span></td>
        <td>9:31:27 PM</td>
        <td>
          I'm a Teacherclicked successfully
        </td>
      </tr>
      <tr class="event-row">
        <td><span class="badge log info-bg">Info</span></td>
        <td>9:31:28 PM</td>
        <td>
          First Nameentered successfully
        </td>
      </tr>
      <tr class="event-row">
        <td><span class="badge log info-bg">Info</span></td>
        <td>9:31:28 PM</td>
        <td>
          Last Nameentered successfully
        </td>
      </tr>
      <tr class="event-row">
        <td><span class="badge log info-bg">Info</span></td>
        <td>9:31:28 PM</td>
        <td>
          Emailentered successfully
        </td>
      </tr>
      <tr class="event-row">
        <td><span class="badge log fail-bg">Fail</span></td>
        <td>9:31:29 PM</td>
        <td>
          An exception occured while enter for element Password Exeception:org.openqa.selenium.StaleElementReferenceException: stale element reference: element is not attached to the page document
  (Session info: chrome=93.0.4577.82)
For documentation on this error, please visit: http://seleniumhq.org/exceptions/stale_element_reference.html
Build info: version: '3.141.5', revision: 'd54ebd709a', time: '2018-11-06T11:42:16'
System info: host: 'LAPTOP-DL44I5GH', ip: '192.168.1.17', os.name: 'Windows 10', os.arch: 'amd64', os.version: '10.0', java.version: '1.8.0_301'
Driver info: org.openqa.selenium.chrome.ChromeDriver
Capabilities {acceptInsecureCerts: false, browserName: chrome, browserVersion: 93.0.4577.82, chrome: {chromedriverVersion: 93.0.4577.63 (ff5c0da2ec0ad..., userDataDir: C:\Users\USER\AppData\Local...}, goog:chromeOptions: {debuggerAddress: localhost:59256}, javascriptEnabled: true, networkConnectionEnabled: false, pageLoadStrategy: normal, platform: WINDOWS, platformName: WINDOWS, proxy: Proxy(), setWindowRect: true, strictFileInteractability: false, timeouts: {implicit: 0, pageLoad: 300000, script: 30000}, unhandledPromptBehavior: dismiss and notify, webauthn:extension:credBlob: true, webauthn:extension:largeBlob: true, webauthn:virtualAuthenticators: true}
Session ID: 6f65012e62ba8f4de072d1f02dc30c7f
        </td>
      </tr>
      <tr class="event-row">
        <td><span class="badge log info-bg">Info</span></td>
        <td>9:31:30 PM</td>
        <td>
          Registerclicked successfully
        </td>
      </tr>
      <tr class="event-row">
        <td><span class="badge log info-bg">Info</span></td>
        <td>9:31:30 PM</td>
        <td>
          pasworderrormessageget text from element successfully
        </td>
      </tr>
      <tr class="event-row">
        <td><span class="badge log fail-bg">Fail</span></td>
        <td>9:31:30 PM</td>
        <td>
          Registration completed for 'Password should contain at least one non alpha numeric character' invalid data
        </td>
      </tr>
      <tr class="event-row">
        <td><span class="badge log info-bg">Info</span></td>
        <td>9:31:32 PM</td>
        <td>
          Mousiki logoclicked successfully
        </td>
      </tr>
  </tbody>
</table>
</div>
          </div>
        </li>
        <li class="test-item"  status="fail" test-id="10"
          author=""
          tag=""
          device="">
          <div class="test-detail">
            <p class="name">TC_appregistration_negativeflow_Teacher_10</p>
            <p class="text-sm">
              <span>9:31:28 PM</span> / <span>00:00:04:134</span>
              <span class="badge fail-bg log float-right">Fail</span>
            </p>
          </div>
          <div class="test-contents d-none">
<div class="detail-head">
<div class="p-v-10">
<div class="info">
<h5 class="test-status text-fail">TC_appregistration_negativeflow_Teacher_10</h5>
<span class='badge badge-success'>09.21.2021 9:31:28 PM</span>
<span class='badge badge-danger'>09.21.2021 9:31:33 PM</span>
<span class='badge badge-default'>00:00:04:134</span>
&middot; <span class='uri-anchor badge badge-default'>#test-id=10</span>
<span class='badge badge-default pointer float-right ml-1 et'><i class="fa fa-chevron-down"></i></span>
<span class='badge badge-default pointer float-right ct'><i class="fa fa-chevron-up"></i></span>
</div>
</div>
</div>    <div class="row mb-3"><div class="col-md-3">
<img data-featherlight='C:\gitRepo\app\Selenium_Framework_Mousiki\screenshots\RUN_21_09_2021_09_31_32.png' src="C:\gitRepo\app\Selenium_Framework_Mousiki\screenshots\RUN_21_09_2021_09_31_32.png">
    <div class="title">Password should contain at least one number</div>
    </div></div>
<div class="detail-body mt-4">
<table class="table table-sm">
  <thead><tr><th class="status-col">Status</th><th class="timestamp-col">Timestamp</th><th class="details-col">Details</th></tr></thead>
  <tbody>
      <tr class="event-row">
        <td><span class="badge log info-bg">Info</span></td>
        <td>9:31:29 PM</td>
        <td>
          Sign Upclicked successfully
        </td>
      </tr>
      <tr class="event-row">
        <td><span class="badge log info-bg">Info</span></td>
        <td>9:31:29 PM</td>
        <td>
          I'm a Teacherclicked successfully
        </td>
      </tr>
      <tr class="event-row">
        <td><span class="badge log info-bg">Info</span></td>
        <td>9:31:30 PM</td>
        <td>
          First Nameentered successfully
        </td>
      </tr>
      <tr class="event-row">
        <td><span class="badge log info-bg">Info</span></td>
        <td>9:31:30 PM</td>
        <td>
          Last Nameentered successfully
        </td>
      </tr>
      <tr class="event-row">
        <td><span class="badge log info-bg">Info</span></td>
        <td>9:31:30 PM</td>
        <td>
          Emailentered successfully
        </td>
      </tr>
      <tr class="event-row">
        <td><span class="badge log info-bg">Info</span></td>
        <td>9:31:31 PM</td>
        <td>
          Passwordentered successfully
        </td>
      </tr>
      <tr class="event-row">
        <td><span class="badge log fail-bg">Fail</span></td>
        <td>9:31:32 PM</td>
        <td>
          Registration completed for 'Password should contain at least one number' invalid data
        </td>
      </tr>
      <tr class="event-row">
        <td><span class="badge log info-bg">Info</span></td>
        <td>9:31:33 PM</td>
        <td>
          Mousiki logoclicked successfully
        </td>
      </tr>
  </tbody>
</table>
</div>
          </div>
        </li>
        <li class="test-item"  status="pass" test-id="11"
          author=""
          tag=""
          device="">
          <div class="test-detail">
            <p class="name">TC_appregistration_negativeflow_Teacher_11</p>
            <p class="text-sm">
              <span>9:31:40 PM</span> / <span>00:00:04:338</span>
              <span class="badge pass-bg log float-right">Pass</span>
            </p>
          </div>
          <div class="test-contents d-none">
<div class="detail-head">
<div class="p-v-10">
<div class="info">
<h5 class="test-status text-pass">TC_appregistration_negativeflow_Teacher_11</h5>
<span class='badge badge-success'>09.21.2021 9:31:40 PM</span>
<span class='badge badge-danger'>09.21.2021 9:31:44 PM</span>
<span class='badge badge-default'>00:00:04:338</span>
&middot; <span class='uri-anchor badge badge-default'>#test-id=11</span>
<span class='badge badge-default pointer float-right ml-1 et'><i class="fa fa-chevron-down"></i></span>
<span class='badge badge-default pointer float-right ct'><i class="fa fa-chevron-up"></i></span>
</div>
</div>
</div>    <div class="row mb-3"><div class="col-md-3">
<img data-featherlight='C:\gitRepo\app\Selenium_Framework_Mousiki\screenshots\RUN_21_09_2021_09_31_43.png' src="C:\gitRepo\app\Selenium_Framework_Mousiki\screenshots\RUN_21_09_2021_09_31_43.png">
    <div class="title">Password should contain at least one upper case letter</div>
    </div></div>
<div class="detail-body mt-4">
<table class="table table-sm">
  <thead><tr><th class="status-col">Status</th><th class="timestamp-col">Timestamp</th><th class="details-col">Details</th></tr></thead>
  <tbody>
      <tr class="event-row">
        <td><span class="badge log info-bg">Info</span></td>
        <td>9:31:40 PM</td>
        <td>
          Sign Upclicked successfully
        </td>
      </tr>
      <tr class="event-row">
        <td><span class="badge log info-bg">Info</span></td>
        <td>9:31:41 PM</td>
        <td>
          I'm a Teacherclicked successfully
        </td>
      </tr>
      <tr class="event-row">
        <td><span class="badge log info-bg">Info</span></td>
        <td>9:31:41 PM</td>
        <td>
          First Nameentered successfully
        </td>
      </tr>
      <tr class="event-row">
        <td><span class="badge log info-bg">Info</span></td>
        <td>9:31:41 PM</td>
        <td>
          Last Nameentered successfully
        </td>
      </tr>
      <tr class="event-row">
        <td><span class="badge log info-bg">Info</span></td>
        <td>9:31:42 PM</td>
        <td>
          Emailentered successfully
        </td>
      </tr>
      <tr class="event-row">
        <td><span class="badge log info-bg">Info</span></td>
        <td>9:31:42 PM</td>
        <td>
          Passwordentered successfully
        </td>
      </tr>
      <tr class="event-row">
        <td><span class="badge log info-bg">Info</span></td>
        <td>9:31:43 PM</td>
        <td>
          pasworderrormessageget text from element successfully
        </td>
      </tr>
      <tr class="event-row">
        <td><span class="badge log pass-bg">Pass</span></td>
        <td>9:31:43 PM</td>
        <td>
          Registration not completed for 'Password should contain at least one upper case letter' invalid data as expected
        </td>
      </tr>
      <tr class="event-row">
        <td><span class="badge log info-bg">Info</span></td>
        <td>9:31:44 PM</td>
        <td>
          Mousiki logoclicked successfully
        </td>
      </tr>
  </tbody>
</table>
</div>
          </div>
        </li>
        <li class="test-item"  status="pass" test-id="12"
          author=""
          tag=""
          device="">
          <div class="test-detail">
            <p class="name">TC_appregistration_negativeflow_Teacher_12</p>
            <p class="text-sm">
              <span>9:31:43 PM</span> / <span>00:00:04:644</span>
              <span class="badge pass-bg log float-right">Pass</span>
            </p>
          </div>
          <div class="test-contents d-none">
<div class="detail-head">
<div class="p-v-10">
<div class="info">
<h5 class="test-status text-pass">TC_appregistration_negativeflow_Teacher_12</h5>
<span class='badge badge-success'>09.21.2021 9:31:43 PM</span>
<span class='badge badge-danger'>09.21.2021 9:31:48 PM</span>
<span class='badge badge-default'>00:00:04:644</span>
&middot; <span class='uri-anchor badge badge-default'>#test-id=12</span>
<span class='badge badge-default pointer float-right ml-1 et'><i class="fa fa-chevron-down"></i></span>
<span class='badge badge-default pointer float-right ct'><i class="fa fa-chevron-up"></i></span>
</div>
</div>
</div>    <div class="row mb-3"><div class="col-md-3">
<img data-featherlight='C:\gitRepo\app\Selenium_Framework_Mousiki\screenshots\RUN_21_09_2021_09_31_47.png' src="C:\gitRepo\app\Selenium_Framework_Mousiki\screenshots\RUN_21_09_2021_09_31_47.png">
    <div class="title">Password should contain at least one lower case letter</div>
    </div></div>
<div class="detail-body mt-4">
<table class="table table-sm">
  <thead><tr><th class="status-col">Status</th><th class="timestamp-col">Timestamp</th><th class="details-col">Details</th></tr></thead>
  <tbody>
      <tr class="event-row">
        <td><span class="badge log info-bg">Info</span></td>
        <td>9:31:44 PM</td>
        <td>
          Sign Upclicked successfully
        </td>
      </tr>
      <tr class="event-row">
        <td><span class="badge log info-bg">Info</span></td>
        <td>9:31:44 PM</td>
        <td>
          I'm a Teacherclicked successfully
        </td>
      </tr>
      <tr class="event-row">
        <td><span class="badge log info-bg">Info</span></td>
        <td>9:31:45 PM</td>
        <td>
          First Nameentered successfully
        </td>
      </tr>
      <tr class="event-row">
        <td><span class="badge log info-bg">Info</span></td>
        <td>9:31:45 PM</td>
        <td>
          Last Nameentered successfully
        </td>
      </tr>
      <tr class="event-row">
        <td><span class="badge log info-bg">Info</span></td>
        <td>9:31:46 PM</td>
        <td>
          Emailentered successfully
        </td>
      </tr>
      <tr class="event-row">
        <td><span class="badge log info-bg">Info</span></td>
        <td>9:31:46 PM</td>
        <td>
          Passwordentered successfully
        </td>
      </tr>
      <tr class="event-row">
        <td><span class="badge log info-bg">Info</span></td>
        <td>9:31:47 PM</td>
        <td>
          pasworderrormessageget text from element successfully
        </td>
      </tr>
      <tr class="event-row">
        <td><span class="badge log pass-bg">Pass</span></td>
        <td>9:31:47 PM</td>
        <td>
          Registration not completed for 'Password should contain at least one lower case letter' invalid data as expected
        </td>
      </tr>
      <tr class="event-row">
        <td><span class="badge log info-bg">Info</span></td>
        <td>9:31:48 PM</td>
        <td>
          Mousiki logoclicked successfully
        </td>
      </tr>
  </tbody>
</table>
</div>
          </div>
        </li>
        <li class="test-item"  status="fail" test-id="13"
          author=""
          tag=""
          device="">
          <div class="test-detail">
            <p class="name">TC_appregistration_negativeflow_Teacher_14</p>
            <p class="text-sm">
              <span>9:31:52 PM</span> / <span>00:00:09:588</span>
              <span class="badge fail-bg log float-right">Fail</span>
            </p>
          </div>
          <div class="test-contents d-none">
<div class="detail-head">
<div class="p-v-10">
<div class="info">
<h5 class="test-status text-fail">TC_appregistration_negativeflow_Teacher_14</h5>
<span class='badge badge-success'>09.21.2021 9:31:52 PM</span>
<span class='badge badge-danger'>09.21.2021 9:32:02 PM</span>
<span class='badge badge-default'>00:00:09:588</span>
&middot; <span class='uri-anchor badge badge-default'>#test-id=13</span>
<span class='badge badge-default pointer float-right ml-1 et'><i class="fa fa-chevron-down"></i></span>
<span class='badge badge-default pointer float-right ct'><i class="fa fa-chevron-up"></i></span>
</div>
</div>
</div>    <div class="row mb-3"><div class="col-md-3">
<img data-featherlight='C:\gitRepo\app\Selenium_Framework_Mousiki\screenshots\RUN_21_09_2021_09_32_01.png' src="C:\gitRepo\app\Selenium_Framework_Mousiki\screenshots\RUN_21_09_2021_09_32_01.png">
    <div class="title">empty last name</div>
    </div></div>
<div class="detail-body mt-4">
<table class="table table-sm">
  <thead><tr><th class="status-col">Status</th><th class="timestamp-col">Timestamp</th><th class="details-col">Details</th></tr></thead>
  <tbody>
      <tr class="event-row">
        <td><span class="badge log info-bg">Info</span></td>
        <td>9:31:52 PM</td>
        <td>
          Sign Upclicked successfully
        </td>
      </tr>
      <tr class="event-row">
        <td><span class="badge log info-bg">Info</span></td>
        <td>9:31:53 PM</td>
        <td>
          I'm a Teacherclicked successfully
        </td>
      </tr>
      <tr class="event-row">
        <td><span class="badge log info-bg">Info</span></td>
        <td>9:31:53 PM</td>
        <td>
          First Nameentered successfully
        </td>
      </tr>
      <tr class="event-row">
        <td><span class="badge log info-bg">Info</span></td>
        <td>9:31:54 PM</td>
        <td>
          Last Nameentered successfully
        </td>
      </tr>
      <tr class="event-row">
        <td><span class="badge log info-bg">Info</span></td>
        <td>9:31:54 PM</td>
        <td>
          Emailentered successfully
        </td>
      </tr>
      <tr class="event-row">
        <td><span class="badge log info-bg">Info</span></td>
        <td>9:31:54 PM</td>
        <td>
          Passwordentered successfully
        </td>
      </tr>
      <tr class="event-row">
        <td><span class="badge log fail-bg">Fail</span></td>
        <td>9:32:01 PM</td>
        <td>
          Registration completed for 'empty last name' invalid data
        </td>
      </tr>
      <tr class="event-row">
        <td><span class="badge log info-bg">Info</span></td>
        <td>9:32:02 PM</td>
        <td>
          Mousiki logoclicked successfully
        </td>
      </tr>
  </tbody>
</table>
</div>
          </div>
        </li>
        <li class="test-item"  status="fail" test-id="14"
          author=""
          tag=""
          device="">
          <div class="test-detail">
            <p class="name">TC_appregistration_negativeflow_Student_2</p>
            <p class="text-sm">
              <span>9:31:55 PM</span> / <span>00:00:08:993</span>
              <span class="badge fail-bg log float-right">Fail</span>
            </p>
          </div>
          <div class="test-contents d-none">
<div class="detail-head">
<div class="p-v-10">
<div class="info">
<h5 class="test-status text-fail">TC_appregistration_negativeflow_Student_2</h5>
<span class='badge badge-success'>09.21.2021 9:31:55 PM</span>
<span class='badge badge-danger'>09.21.2021 9:32:04 PM</span>
<span class='badge badge-default'>00:00:08:993</span>
&middot; <span class='uri-anchor badge badge-default'>#test-id=14</span>
<span class='badge badge-default pointer float-right ml-1 et'><i class="fa fa-chevron-down"></i></span>
<span class='badge badge-default pointer float-right ct'><i class="fa fa-chevron-up"></i></span>
</div>
</div>
</div>    <div class="row mb-3"><div class="col-md-3">
<img data-featherlight='C:\gitRepo\app\Selenium_Framework_Mousiki\screenshots\RUN_21_09_2021_09_32_03.png' src="C:\gitRepo\app\Selenium_Framework_Mousiki\screenshots\RUN_21_09_2021_09_32_03.png">
    <div class="title">Last Name is invalid</div>
    </div></div>
<div class="detail-body mt-4">
<table class="table table-sm">
  <thead><tr><th class="status-col">Status</th><th class="timestamp-col">Timestamp</th><th class="details-col">Details</th></tr></thead>
  <tbody>
      <tr class="event-row">
        <td><span class="badge log info-bg">Info</span></td>
        <td>9:31:55 PM</td>
        <td>
          Sign Upclicked successfully
        </td>
      </tr>
      <tr class="event-row">
        <td><span class="badge log info-bg">Info</span></td>
        <td>9:31:55 PM</td>
        <td>
          I'm a Studentclicked successfully
        </td>
      </tr>
      <tr class="event-row">
        <td><span class="badge log info-bg">Info</span></td>
        <td>9:31:56 PM</td>
        <td>
          First Nameentered successfully
        </td>
      </tr>
      <tr class="event-row">
        <td><span class="badge log info-bg">Info</span></td>
        <td>9:31:56 PM</td>
        <td>
          Last Nameentered successfully
        </td>
      </tr>
      <tr class="event-row">
        <td><span class="badge log info-bg">Info</span></td>
        <td>9:31:56 PM</td>
        <td>
          Emailentered successfully
        </td>
      </tr>
      <tr class="event-row">
        <td><span class="badge log info-bg">Info</span></td>
        <td>9:31:57 PM</td>
        <td>
          Passwordentered successfully
        </td>
      </tr>
      <tr class="event-row">
        <td><span class="badge log fail-bg">Fail</span></td>
        <td>9:32:03 PM</td>
        <td>
          Registration completed for 'Last Name is invalid' invalid data
        </td>
      </tr>
      <tr class="event-row">
        <td><span class="badge log info-bg">Info</span></td>
        <td>9:32:04 PM</td>
        <td>
          Mousiki logoclicked successfully
        </td>
      </tr>
  </tbody>
</table>
</div>
          </div>
        </li>
        <li class="test-item"  status="pass" test-id="15"
          author=""
          tag=""
          device="">
          <div class="test-detail">
            <p class="name">TC_appregistration_negativeflow_Student_6</p>
            <p class="text-sm">
              <span>9:32:11 PM</span> / <span>00:00:03:731</span>
              <span class="badge pass-bg log float-right">Pass</span>
            </p>
          </div>
          <div class="test-contents d-none">
<div class="detail-head">
<div class="p-v-10">
<div class="info">
<h5 class="test-status text-pass">TC_appregistration_negativeflow_Student_6</h5>
<span class='badge badge-success'>09.21.2021 9:32:11 PM</span>
<span class='badge badge-danger'>09.21.2021 9:32:15 PM</span>
<span class='badge badge-default'>00:00:03:731</span>
&middot; <span class='uri-anchor badge badge-default'>#test-id=15</span>
<span class='badge badge-default pointer float-right ml-1 et'><i class="fa fa-chevron-down"></i></span>
<span class='badge badge-default pointer float-right ct'><i class="fa fa-chevron-up"></i></span>
</div>
</div>
</div>    <div class="row mb-3"><div class="col-md-3">
<img data-featherlight='C:\gitRepo\app\Selenium_Framework_Mousiki\screenshots\RUN_21_09_2021_09_32_14.png' src="C:\gitRepo\app\Selenium_Framework_Mousiki\screenshots\RUN_21_09_2021_09_32_14.png">
    <div class="title">Password should contain at least one lower case letter</div>
    </div></div>
<div class="detail-body mt-4">
<table class="table table-sm">
  <thead><tr><th class="status-col">Status</th><th class="timestamp-col">Timestamp</th><th class="details-col">Details</th></tr></thead>
  <tbody>
      <tr class="event-row">
        <td><span class="badge log info-bg">Info</span></td>
        <td>9:32:11 PM</td>
        <td>
          Sign Upclicked successfully
        </td>
      </tr>
      <tr class="event-row">
        <td><span class="badge log info-bg">Info</span></td>
        <td>9:32:12 PM</td>
        <td>
          I'm a Studentclicked successfully
        </td>
      </tr>
      <tr class="event-row">
        <td><span class="badge log info-bg">Info</span></td>
        <td>9:32:12 PM</td>
        <td>
          First Nameentered successfully
        </td>
      </tr>
      <tr class="event-row">
        <td><span class="badge log info-bg">Info</span></td>
        <td>9:32:13 PM</td>
        <td>
          Last Nameentered successfully
        </td>
      </tr>
      <tr class="event-row">
        <td><span class="badge log info-bg">Info</span></td>
        <td>9:32:13 PM</td>
        <td>
          Emailentered successfully
        </td>
      </tr>
      <tr class="event-row">
        <td><span class="badge log info-bg">Info</span></td>
        <td>9:32:13 PM</td>
        <td>
          Passwordentered successfully
        </td>
      </tr>
      <tr class="event-row">
        <td><span class="badge log info-bg">Info</span></td>
        <td>9:32:14 PM</td>
        <td>
          pasworderrormessageget text from element successfully
        </td>
      </tr>
      <tr class="event-row">
        <td><span class="badge log pass-bg">Pass</span></td>
        <td>9:32:14 PM</td>
        <td>
          Registration not completed for 'Password should contain at least one lower case letter' invalid data as expected
        </td>
      </tr>
      <tr class="event-row">
        <td><span class="badge log info-bg">Info</span></td>
        <td>9:32:15 PM</td>
        <td>
          Mousiki logoclicked successfully
        </td>
      </tr>
  </tbody>
</table>
</div>
          </div>
        </li>
        <li class="test-item"  status="fail" test-id="16"
          author=""
          tag=""
          device="">
          <div class="test-detail">
            <p class="name">TC_appregistration_positiveflow_Teacher</p>
            <p class="text-sm">
              <span>9:32:24 PM</span> / <span>00:00:31:152</span>
              <span class="badge fail-bg log float-right">Fail</span>
            </p>
          </div>
          <div class="test-contents d-none">
<div class="detail-head">
<div class="p-v-10">
<div class="info">
<h5 class="test-status text-fail">TC_appregistration_positiveflow_Teacher</h5>
<span class='badge badge-success'>09.21.2021 9:32:24 PM</span>
<span class='badge badge-danger'>09.21.2021 9:32:55 PM</span>
<span class='badge badge-default'>00:00:31:152</span>
&middot; <span class='uri-anchor badge badge-default'>#test-id=16</span>
<span class='badge badge-default pointer float-right ml-1 et'><i class="fa fa-chevron-down"></i></span>
<span class='badge badge-default pointer float-right ct'><i class="fa fa-chevron-up"></i></span>
</div>
</div>
</div>    <div class="row mb-3"><div class="col-md-3">
<img data-featherlight='C:\gitRepo\app\Selenium_Framework_Mousiki\screenshots\RUN_21_09_2021_09_32_29.png' src="C:\gitRepo\app\Selenium_Framework_Mousiki\screenshots\RUN_21_09_2021_09_32_29.png">
    <div class="title">Registration</div>
    </div></div>
    <div class="row mb-3"><div class="col-md-3">
<img data-featherlight='C:\gitRepo\app\Selenium_Framework_Mousiki\screenshots\RUN_21_09_2021_09_32_34.png' src="C:\gitRepo\app\Selenium_Framework_Mousiki\screenshots\RUN_21_09_2021_09_32_34.png">
    <div class="title">Registration confirmation</div>
    </div></div>
    <div class="row mb-3"><div class="col-md-3">
<img data-featherlight='C:\gitRepo\app\Selenium_Framework_Mousiki\screenshots\RUN_21_09_2021_09_32_34.png' src="C:\gitRepo\app\Selenium_Framework_Mousiki\screenshots\RUN_21_09_2021_09_32_34.png">
    <div class="title">Enter text fail</div>
    </div></div>
    <div class="row mb-3"><div class="col-md-3">
<img data-featherlight='C:\gitRepo\app\Selenium_Framework_Mousiki\screenshots\RUN_21_09_2021_09_32_34.png' src="C:\gitRepo\app\Selenium_Framework_Mousiki\screenshots\RUN_21_09_2021_09_32_34.png">
    <div class="title">Enter text fail</div>
    </div></div>
    <div class="row mb-3"><div class="col-md-3">
<img data-featherlight='C:\gitRepo\app\Selenium_Framework_Mousiki\screenshots\RUN_21_09_2021_09_32_35.png' src="C:\gitRepo\app\Selenium_Framework_Mousiki\screenshots\RUN_21_09_2021_09_32_35.png">
    <div class="title">Click fail</div>
    </div></div>
    <div class="row mb-3"><div class="col-md-3">
<img data-featherlight='C:\gitRepo\app\Selenium_Framework_Mousiki\screenshots\RUN_21_09_2021_09_32_55.png' src="C:\gitRepo\app\Selenium_Framework_Mousiki\screenshots\RUN_21_09_2021_09_32_55.png">
    <div class="title">Login</div>
    </div></div>
<div class="detail-body mt-4">
<table class="table table-sm">
  <thead><tr><th class="status-col">Status</th><th class="timestamp-col">Timestamp</th><th class="details-col">Details</th></tr></thead>
  <tbody>
      <tr class="event-row">
        <td><span class="badge log info-bg">Info</span></td>
        <td>9:32:24 PM</td>
        <td>
          Sign Upclicked successfully
        </td>
      </tr>
      <tr class="event-row">
        <td><span class="badge log info-bg">Info</span></td>
        <td>9:32:25 PM</td>
        <td>
          I'm a Teacherclicked successfully
        </td>
      </tr>
      <tr class="event-row">
        <td><span class="badge log info-bg">Info</span></td>
        <td>9:32:25 PM</td>
        <td>
          First Nameentered successfully
        </td>
      </tr>
      <tr class="event-row">
        <td><span class="badge log info-bg">Info</span></td>
        <td>9:32:26 PM</td>
        <td>
          Last Nameentered successfully
        </td>
      </tr>
      <tr class="event-row">
        <td><span class="badge log info-bg">Info</span></td>
        <td>9:32:26 PM</td>
        <td>
          Emailentered successfully
        </td>
      </tr>
      <tr class="event-row">
        <td><span class="badge log info-bg">Info</span></td>
        <td>9:32:26 PM</td>
        <td>
          Passwordentered successfully
        </td>
      </tr>
      <tr class="event-row">
        <td><span class="badge log pass-bg">Pass</span></td>
        <td>9:32:29 PM</td>
        <td>
          Registration completed sucessfully
        </td>
      </tr>
      <tr class="event-row">
        <td><span class="badge log pass-bg">Pass</span></td>
        <td>9:32:34 PM</td>
        <td>
          Registration confirmated sucessfully, Username:m2Kx6CZPWu@gmail.com password:Sgidfn345@
        </td>
      </tr>
      <tr class="event-row">
        <td><span class="badge log info-bg">Info</span></td>
        <td>9:32:34 PM</td>
        <td>
          Login after register confirmationclicked successfully
        </td>
      </tr>
      <tr class="event-row">
        <td><span class="badge log fail-bg">Fail</span></td>
        <td>9:32:34 PM</td>
        <td>
          An exception occured while enter for element UserName Exeception:org.openqa.selenium.NoSuchElementException: no such element: Unable to locate element: {"method":"xpath","selector":"//*[@id='username']"}
  (Session info: chrome=93.0.4577.82)
For documentation on this error, please visit: http://seleniumhq.org/exceptions/no_such_element.html
Build info: version: '3.141.5', revision: 'd54ebd709a', time: '2018-11-06T11:42:16'
System info: host: 'LAPTOP-DL44I5GH', ip: '192.168.1.17', os.name: 'Windows 10', os.arch: 'amd64', os.version: '10.0', java.version: '1.8.0_301'
Driver info: org.openqa.selenium.chrome.ChromeDriver
Capabilities {acceptInsecureCerts: false, browserName: chrome, browserVersion: 93.0.4577.82, chrome: {chromedriverVersion: 93.0.4577.63 (ff5c0da2ec0ad..., userDataDir: C:\Users\USER\AppData\Local...}, goog:chromeOptions: {debuggerAddress: localhost:60149}, javascriptEnabled: true, networkConnectionEnabled: false, pageLoadStrategy: normal, platform: WINDOWS, platformName: WINDOWS, proxy: Proxy(), setWindowRect: true, strictFileInteractability: false, timeouts: {implicit: 0, pageLoad: 300000, script: 30000}, unhandledPromptBehavior: dismiss and notify, webauthn:extension:credBlob: true, webauthn:extension:largeBlob: true, webauthn:virtualAuthenticators: true}
Session ID: 7af6ecd12423b575351eb8689e985291
*** Element info: {Using=xpath, value=//*[@id='username']}
        </td>
      </tr>
      <tr class="event-row">
        <td><span class="badge log fail-bg">Fail</span></td>
        <td>9:32:34 PM</td>
        <td>
          An exception occured while enter for element Password Exeception:org.openqa.selenium.NoSuchElementException: no such element: Unable to locate element: {"method":"xpath","selector":"//*[@id='password']"}
  (Session info: chrome=93.0.4577.82)
For documentation on this error, please visit: http://seleniumhq.org/exceptions/no_such_element.html
Build info: version: '3.141.5', revision: 'd54ebd709a', time: '2018-11-06T11:42:16'
System info: host: 'LAPTOP-DL44I5GH', ip: '192.168.1.17', os.name: 'Windows 10', os.arch: 'amd64', os.version: '10.0', java.version: '1.8.0_301'
Driver info: org.openqa.selenium.chrome.ChromeDriver
Capabilities {acceptInsecureCerts: false, browserName: chrome, browserVersion: 93.0.4577.82, chrome: {chromedriverVersion: 93.0.4577.63 (ff5c0da2ec0ad..., userDataDir: C:\Users\USER\AppData\Local...}, goog:chromeOptions: {debuggerAddress: localhost:60149}, javascriptEnabled: true, networkConnectionEnabled: false, pageLoadStrategy: normal, platform: WINDOWS, platformName: WINDOWS, proxy: Proxy(), setWindowRect: true, strictFileInteractability: false, timeouts: {implicit: 0, pageLoad: 300000, script: 30000}, unhandledPromptBehavior: dismiss and notify, webauthn:extension:credBlob: true, webauthn:extension:largeBlob: true, webauthn:virtualAuthenticators: true}
Session ID: 7af6ecd12423b575351eb8689e985291
*** Element info: {Using=xpath, value=//*[@id='password']}
        </td>
      </tr>
      <tr class="event-row">
        <td><span class="badge log fail-bg">Fail</span></td>
        <td>9:32:35 PM</td>
        <td>
          An exception occured while click for element Log In Exeception:org.openqa.selenium.NoSuchElementException: no such element: Unable to locate element: {"method":"xpath","selector":"//*[@type='submit']"}
  (Session info: chrome=93.0.4577.82)
For documentation on this error, please visit: http://seleniumhq.org/exceptions/no_such_element.html
Build info: version: '3.141.5', revision: 'd54ebd709a', time: '2018-11-06T11:42:16'
System info: host: 'LAPTOP-DL44I5GH', ip: '192.168.1.17', os.name: 'Windows 10', os.arch: 'amd64', os.version: '10.0', java.version: '1.8.0_301'
Driver info: org.openqa.selenium.chrome.ChromeDriver
Capabilities {acceptInsecureCerts: false, browserName: chrome, browserVersion: 93.0.4577.82, chrome: {chromedriverVersion: 93.0.4577.63 (ff5c0da2ec0ad..., userDataDir: C:\Users\USER\AppData\Local...}, goog:chromeOptions: {debuggerAddress: localhost:60148}, javascriptEnabled: true, networkConnectionEnabled: false, pageLoadStrategy: normal, platform: WINDOWS, platformName: WINDOWS, proxy: Proxy(), setWindowRect: true, strictFileInteractability: false, timeouts: {implicit: 0, pageLoad: 300000, script: 30000}, unhandledPromptBehavior: dismiss and notify, webauthn:extension:credBlob: true, webauthn:extension:largeBlob: true, webauthn:virtualAuthenticators: true}
Session ID: e8ecfa28d9d1deab1639ba0891994bbe
*** Element info: {Using=xpath, value=//*[@type='submit']}
        </td>
      </tr>
      <tr class="event-row">
        <td><span class="badge log pass-bg">Pass</span></td>
        <td>9:32:55 PM</td>
        <td>
          Login completed sucessfully
        </td>
      </tr>
  </tbody>
</table>
</div>
          </div>
        </li>
        <li class="test-item"  status="fail" test-id="17"
          author=""
          tag=""
          device="">
          <div class="test-detail">
            <p class="name">TC_appregistration_positiveflow_MusicSchool</p>
            <p class="text-sm">
              <span>9:32:35 PM</span> / <span>00:01:34:337</span>
              <span class="badge fail-bg log float-right">Fail</span>
            </p>
          </div>
          <div class="test-contents d-none">
<div class="detail-head">
<div class="p-v-10">
<div class="info">
<h5 class="test-status text-fail">TC_appregistration_positiveflow_MusicSchool</h5>
<span class='badge badge-success'>09.21.2021 9:32:35 PM</span>
<span class='badge badge-danger'>09.21.2021 9:34:09 PM</span>
<span class='badge badge-default'>00:01:34:337</span>
&middot; <span class='uri-anchor badge badge-default'>#test-id=17</span>
<span class='badge badge-default pointer float-right ml-1 et'><i class="fa fa-chevron-down"></i></span>
<span class='badge badge-default pointer float-right ct'><i class="fa fa-chevron-up"></i></span>
</div>
</div>
</div>    <div class="row mb-3"><div class="col-md-3">
<img data-featherlight='C:\gitRepo\app\Selenium_Framework_Mousiki\screenshots\RUN_21_09_2021_09_32_40.png' src="C:\gitRepo\app\Selenium_Framework_Mousiki\screenshots\RUN_21_09_2021_09_32_40.png">
    <div class="title">Registration</div>
    </div></div>
    <div class="row mb-3"><div class="col-md-3">
<img data-featherlight='C:\gitRepo\app\Selenium_Framework_Mousiki\screenshots\RUN_21_09_2021_09_32_45.png' src="C:\gitRepo\app\Selenium_Framework_Mousiki\screenshots\RUN_21_09_2021_09_32_45.png">
    <div class="title">Registration confirmation</div>
    </div></div>
    <div class="row mb-3"><div class="col-md-3">
<img data-featherlight='C:\gitRepo\app\Selenium_Framework_Mousiki\screenshots\RUN_21_09_2021_09_32_45.png' src="C:\gitRepo\app\Selenium_Framework_Mousiki\screenshots\RUN_21_09_2021_09_32_45.png">
    <div class="title">Enter text fail</div>
    </div></div>
    <div class="row mb-3"><div class="col-md-3">
<img data-featherlight='C:\gitRepo\app\Selenium_Framework_Mousiki\screenshots\RUN_21_09_2021_09_32_45.png' src="C:\gitRepo\app\Selenium_Framework_Mousiki\screenshots\RUN_21_09_2021_09_32_45.png">
    <div class="title">Enter text fail</div>
    </div></div>
    <div class="row mb-3"><div class="col-md-3">
<img data-featherlight='C:\gitRepo\app\Selenium_Framework_Mousiki\screenshots\RUN_21_09_2021_09_33_06.png' src="C:\gitRepo\app\Selenium_Framework_Mousiki\screenshots\RUN_21_09_2021_09_33_06.png">
    <div class="title">Login</div>
    </div></div>
    <div class="row mb-3"><div class="col-md-3">
<img data-featherlight='C:\gitRepo\app\Selenium_Framework_Mousiki\screenshots\RUN_21_09_2021_09_33_06.png' src="C:\gitRepo\app\Selenium_Framework_Mousiki\screenshots\RUN_21_09_2021_09_33_06.png">
    <div class="title">Click fail</div>
    </div></div>
    <div class="row mb-3"><div class="col-md-3">
<img data-featherlight='C:\gitRepo\app\Selenium_Framework_Mousiki\screenshots\RUN_21_09_2021_09_33_06.png' src="C:\gitRepo\app\Selenium_Framework_Mousiki\screenshots\RUN_21_09_2021_09_33_06.png">
    <div class="title">Enter text fail</div>
    </div></div>
    <div class="row mb-3"><div class="col-md-3">
<img data-featherlight='C:\gitRepo\app\Selenium_Framework_Mousiki\screenshots\RUN_21_09_2021_09_33_06.png' src="C:\gitRepo\app\Selenium_Framework_Mousiki\screenshots\RUN_21_09_2021_09_33_06.png">
    <div class="title">Enter text fail</div>
    </div></div>
    <div class="row mb-3"><div class="col-md-3">
<img data-featherlight='C:\gitRepo\app\Selenium_Framework_Mousiki\screenshots\RUN_21_09_2021_09_33_06.png' src="C:\gitRepo\app\Selenium_Framework_Mousiki\screenshots\RUN_21_09_2021_09_33_06.png">
    <div class="title">Enter text fail</div>
    </div></div>
    <div class="row mb-3"><div class="col-md-3">
<img data-featherlight='C:\gitRepo\app\Selenium_Framework_Mousiki\screenshots\RUN_21_09_2021_09_33_07.png' src="C:\gitRepo\app\Selenium_Framework_Mousiki\screenshots\RUN_21_09_2021_09_33_07.png">
    <div class="title">Enter text fail</div>
    </div></div>
    <div class="row mb-3"><div class="col-md-3">
<img data-featherlight='C:\gitRepo\app\Selenium_Framework_Mousiki\screenshots\RUN_21_09_2021_09_33_07.png' src="C:\gitRepo\app\Selenium_Framework_Mousiki\screenshots\RUN_21_09_2021_09_33_07.png">
    <div class="title">Enter text fail</div>
    </div></div>
    <div class="row mb-3"><div class="col-md-3">
<img data-featherlight='C:\gitRepo\app\Selenium_Framework_Mousiki\screenshots\RUN_21_09_2021_09_33_07.png' src="C:\gitRepo\app\Selenium_Framework_Mousiki\screenshots\RUN_21_09_2021_09_33_07.png">
    <div class="title">Enter text fail</div>
    </div></div>
    <div class="row mb-3"><div class="col-md-3">
<img data-featherlight='C:\gitRepo\app\Selenium_Framework_Mousiki\screenshots\RUN_21_09_2021_09_33_07.png' src="C:\gitRepo\app\Selenium_Framework_Mousiki\screenshots\RUN_21_09_2021_09_33_07.png">
    <div class="title">Enter text fail</div>
    </div></div>
    <div class="row mb-3"><div class="col-md-3">
<img data-featherlight='C:\gitRepo\app\Selenium_Framework_Mousiki\screenshots\RUN_21_09_2021_09_33_07.png' src="C:\gitRepo\app\Selenium_Framework_Mousiki\screenshots\RUN_21_09_2021_09_33_07.png">
    <div class="title">Enter text fail</div>
    </div></div>
    <div class="row mb-3"><div class="col-md-3">
<img data-featherlight='C:\gitRepo\app\Selenium_Framework_Mousiki\screenshots\RUN_21_09_2021_09_33_08.png' src="C:\gitRepo\app\Selenium_Framework_Mousiki\screenshots\RUN_21_09_2021_09_33_08.png">
    <div class="title">Enter text fail</div>
    </div></div>
    <div class="row mb-3"><div class="col-md-3">
<img data-featherlight='C:\gitRepo\app\Selenium_Framework_Mousiki\screenshots\RUN_21_09_2021_09_33_08.png' src="C:\gitRepo\app\Selenium_Framework_Mousiki\screenshots\RUN_21_09_2021_09_33_08.png">
    <div class="title">Click fail</div>
    </div></div>
    <div class="row mb-3"><div class="col-md-3">
<img data-featherlight='C:\gitRepo\app\Selenium_Framework_Mousiki\screenshots\RUN_21_09_2021_09_33_18.png' src="C:\gitRepo\app\Selenium_Framework_Mousiki\screenshots\RUN_21_09_2021_09_33_18.png">
    <div class="title">Click fail</div>
    </div></div>
    <div class="row mb-3"><div class="col-md-3">
<img data-featherlight='C:\gitRepo\app\Selenium_Framework_Mousiki\screenshots\RUN_21_09_2021_09_33_18.png' src="C:\gitRepo\app\Selenium_Framework_Mousiki\screenshots\RUN_21_09_2021_09_33_18.png">
    <div class="title">Click fail</div>
    </div></div>
    <div class="row mb-3"><div class="col-md-3">
<img data-featherlight='C:\gitRepo\app\Selenium_Framework_Mousiki\screenshots\RUN_21_09_2021_09_33_49.png' src="C:\gitRepo\app\Selenium_Framework_Mousiki\screenshots\RUN_21_09_2021_09_33_49.png">
    <div class="title">First login confirmation</div>
    </div></div>
    <div class="row mb-3"><div class="col-md-3">
<img data-featherlight='C:\gitRepo\app\Selenium_Framework_Mousiki\screenshots\RUN_21_09_2021_09_34_09.png' src="C:\gitRepo\app\Selenium_Framework_Mousiki\screenshots\RUN_21_09_2021_09_34_09.png">
    <div class="title">Click fail</div>
    </div></div>
<div class="detail-body mt-4">
<table class="table table-sm">
  <thead><tr><th class="status-col">Status</th><th class="timestamp-col">Timestamp</th><th class="details-col">Details</th></tr></thead>
  <tbody>
      <tr class="event-row">
        <td><span class="badge log info-bg">Info</span></td>
        <td>9:32:35 PM</td>
        <td>
          Sign Upclicked successfully
        </td>
      </tr>
      <tr class="event-row">
        <td><span class="badge log info-bg">Info</span></td>
        <td>9:32:36 PM</td>
        <td>
          We're Music Schoolclicked successfully
        </td>
      </tr>
      <tr class="event-row">
        <td><span class="badge log info-bg">Info</span></td>
        <td>9:32:36 PM</td>
        <td>
          First Nameentered successfully
        </td>
      </tr>
      <tr class="event-row">
        <td><span class="badge log info-bg">Info</span></td>
        <td>9:32:36 PM</td>
        <td>
          Last Nameentered successfully
        </td>
      </tr>
      <tr class="event-row">
        <td><span class="badge log info-bg">Info</span></td>
        <td>9:32:36 PM</td>
        <td>
          Emailentered successfully
        </td>
      </tr>
      <tr class="event-row">
        <td><span class="badge log info-bg">Info</span></td>
        <td>9:32:37 PM</td>
        <td>
          Passwordentered successfully
        </td>
      </tr>
      <tr class="event-row">
        <td><span class="badge log pass-bg">Pass</span></td>
        <td>9:32:40 PM</td>
        <td>
          Registration completed sucessfully
        </td>
      </tr>
      <tr class="event-row">
        <td><span class="badge log pass-bg">Pass</span></td>
        <td>9:32:45 PM</td>
        <td>
          Registration confirmated sucessfully, Username:Jm0R1CK55B@gmail.com password:Sgidfn345@
        </td>
      </tr>
      <tr class="event-row">
        <td><span class="badge log info-bg">Info</span></td>
        <td>9:32:45 PM</td>
        <td>
          Login after register confirmationclicked successfully
        </td>
      </tr>
      <tr class="event-row">
        <td><span class="badge log fail-bg">Fail</span></td>
        <td>9:32:45 PM</td>
        <td>
          An exception occured while enter for element UserName Exeception:org.openqa.selenium.NoSuchElementException: no such element: Unable to locate element: {"method":"xpath","selector":"//*[@id='username']"}
  (Session info: chrome=93.0.4577.82)
For documentation on this error, please visit: http://seleniumhq.org/exceptions/no_such_element.html
Build info: version: '3.141.5', revision: 'd54ebd709a', time: '2018-11-06T11:42:16'
System info: host: 'LAPTOP-DL44I5GH', ip: '192.168.1.17', os.name: 'Windows 10', os.arch: 'amd64', os.version: '10.0', java.version: '1.8.0_301'
Driver info: org.openqa.selenium.chrome.ChromeDriver
Capabilities {acceptInsecureCerts: false, browserName: chrome, browserVersion: 93.0.4577.82, chrome: {chromedriverVersion: 93.0.4577.63 (ff5c0da2ec0ad..., userDataDir: C:\Users\USER\AppData\Local...}, goog:chromeOptions: {debuggerAddress: localhost:60148}, javascriptEnabled: true, networkConnectionEnabled: false, pageLoadStrategy: normal, platform: WINDOWS, platformName: WINDOWS, proxy: Proxy(), setWindowRect: true, strictFileInteractability: false, timeouts: {implicit: 0, pageLoad: 300000, script: 30000}, unhandledPromptBehavior: dismiss and notify, webauthn:extension:credBlob: true, webauthn:extension:largeBlob: true, webauthn:virtualAuthenticators: true}
Session ID: e8ecfa28d9d1deab1639ba0891994bbe
*** Element info: {Using=xpath, value=//*[@id='username']}
        </td>
      </tr>
      <tr class="event-row">
        <td><span class="badge log fail-bg">Fail</span></td>
        <td>9:32:45 PM</td>
        <td>
          An exception occured while enter for element Password Exeception:org.openqa.selenium.NoSuchElementException: no such element: Unable to locate element: {"method":"xpath","selector":"//*[@id='password']"}
  (Session info: chrome=93.0.4577.82)
For documentation on this error, please visit: http://seleniumhq.org/exceptions/no_such_element.html
Build info: version: '3.141.5', revision: 'd54ebd709a', time: '2018-11-06T11:42:16'
System info: host: 'LAPTOP-DL44I5GH', ip: '192.168.1.17', os.name: 'Windows 10', os.arch: 'amd64', os.version: '10.0', java.version: '1.8.0_301'
Driver info: org.openqa.selenium.chrome.ChromeDriver
Capabilities {acceptInsecureCerts: false, browserName: chrome, browserVersion: 93.0.4577.82, chrome: {chromedriverVersion: 93.0.4577.63 (ff5c0da2ec0ad..., userDataDir: C:\Users\USER\AppData\Local...}, goog:chromeOptions: {debuggerAddress: localhost:60148}, javascriptEnabled: true, networkConnectionEnabled: false, pageLoadStrategy: normal, platform: WINDOWS, platformName: WINDOWS, proxy: Proxy(), setWindowRect: true, strictFileInteractability: false, timeouts: {implicit: 0, pageLoad: 300000, script: 30000}, unhandledPromptBehavior: dismiss and notify, webauthn:extension:credBlob: true, webauthn:extension:largeBlob: true, webauthn:virtualAuthenticators: true}
Session ID: e8ecfa28d9d1deab1639ba0891994bbe
*** Element info: {Using=xpath, value=//*[@id='password']}
        </td>
      </tr>
      <tr class="event-row">
        <td><span class="badge log info-bg">Info</span></td>
        <td>9:32:45 PM</td>
        <td>
          Log Inclicked successfully
        </td>
      </tr>
      <tr class="event-row">
        <td><span class="badge log pass-bg">Pass</span></td>
        <td>9:33:06 PM</td>
        <td>
          Login completed sucessfully
        </td>
      </tr>
      <tr class="event-row">
        <td><span class="badge log fail-bg">Fail</span></td>
        <td>9:33:06 PM</td>
        <td>
          An exception occured while click for element male radio button Exeception:org.openqa.selenium.NoSuchElementException: no such element: Unable to locate element: {"method":"xpath","selector":"//label[contains(.,'Male')]"}
  (Session info: chrome=93.0.4577.82)
For documentation on this error, please visit: http://seleniumhq.org/exceptions/no_such_element.html
Build info: version: '3.141.5', revision: 'd54ebd709a', time: '2018-11-06T11:42:16'
System info: host: 'LAPTOP-DL44I5GH', ip: '192.168.1.17', os.name: 'Windows 10', os.arch: 'amd64', os.version: '10.0', java.version: '1.8.0_301'
Driver info: org.openqa.selenium.chrome.ChromeDriver
Capabilities {acceptInsecureCerts: false, browserName: chrome, browserVersion: 93.0.4577.82, chrome: {chromedriverVersion: 93.0.4577.63 (ff5c0da2ec0ad..., userDataDir: C:\Users\USER\AppData\Local...}, goog:chromeOptions: {debuggerAddress: localhost:60148}, javascriptEnabled: true, networkConnectionEnabled: false, pageLoadStrategy: normal, platform: WINDOWS, platformName: WINDOWS, proxy: Proxy(), setWindowRect: true, strictFileInteractability: false, timeouts: {implicit: 0, pageLoad: 300000, script: 30000}, unhandledPromptBehavior: dismiss and notify, webauthn:extension:credBlob: true, webauthn:extension:largeBlob: true, webauthn:virtualAuthenticators: true}
Session ID: e8ecfa28d9d1deab1639ba0891994bbe
*** Element info: {Using=xpath, value=//label[contains(.,'Male')]}
        </td>
      </tr>
      <tr class="event-row">
        <td><span class="badge log fail-bg">Fail</span></td>
        <td>9:33:06 PM</td>
        <td>
          An exception occured while enter for element Phone number textbox Exeception:org.openqa.selenium.NoSuchElementException: no such element: Unable to locate element: {"method":"xpath","selector":"//input[@id='phoneNumber']"}
  (Session info: chrome=93.0.4577.82)
For documentation on this error, please visit: http://seleniumhq.org/exceptions/no_such_element.html
Build info: version: '3.141.5', revision: 'd54ebd709a', time: '2018-11-06T11:42:16'
System info: host: 'LAPTOP-DL44I5GH', ip: '192.168.1.17', os.name: 'Windows 10', os.arch: 'amd64', os.version: '10.0', java.version: '1.8.0_301'
Driver info: org.openqa.selenium.chrome.ChromeDriver
Capabilities {acceptInsecureCerts: false, browserName: chrome, browserVersion: 93.0.4577.82, chrome: {chromedriverVersion: 93.0.4577.63 (ff5c0da2ec0ad..., userDataDir: C:\Users\USER\AppData\Local...}, goog:chromeOptions: {debuggerAddress: localhost:60148}, javascriptEnabled: true, networkConnectionEnabled: false, pageLoadStrategy: normal, platform: WINDOWS, platformName: WINDOWS, proxy: Proxy(), setWindowRect: true, strictFileInteractability: false, timeouts: {implicit: 0, pageLoad: 300000, script: 30000}, unhandledPromptBehavior: dismiss and notify, webauthn:extension:credBlob: true, webauthn:extension:largeBlob: true, webauthn:virtualAuthenticators: true}
Session ID: e8ecfa28d9d1deab1639ba0891994bbe
*** Element info: {Using=xpath, value=//input[@id='phoneNumber']}
        </td>
      </tr>
      <tr class="event-row">
        <td><span class="badge log fail-bg">Fail</span></td>
        <td>9:33:06 PM</td>
        <td>
          An exception occured while enter for element date of birth textbox Exeception:org.openqa.selenium.NoSuchElementException: no such element: Unable to locate element: {"method":"xpath","selector":"//input[@id='dateOfBirth']"}
  (Session info: chrome=93.0.4577.82)
For documentation on this error, please visit: http://seleniumhq.org/exceptions/no_such_element.html
Build info: version: '3.141.5', revision: 'd54ebd709a', time: '2018-11-06T11:42:16'
System info: host: 'LAPTOP-DL44I5GH', ip: '192.168.1.17', os.name: 'Windows 10', os.arch: 'amd64', os.version: '10.0', java.version: '1.8.0_301'
Driver info: org.openqa.selenium.chrome.ChromeDriver
Capabilities {acceptInsecureCerts: false, browserName: chrome, browserVersion: 93.0.4577.82, chrome: {chromedriverVersion: 93.0.4577.63 (ff5c0da2ec0ad..., userDataDir: C:\Users\USER\AppData\Local...}, goog:chromeOptions: {debuggerAddress: localhost:60148}, javascriptEnabled: true, networkConnectionEnabled: false, pageLoadStrategy: normal, platform: WINDOWS, platformName: WINDOWS, proxy: Proxy(), setWindowRect: true, strictFileInteractability: false, timeouts: {implicit: 0, pageLoad: 300000, script: 30000}, unhandledPromptBehavior: dismiss and notify, webauthn:extension:credBlob: true, webauthn:extension:largeBlob: true, webauthn:virtualAuthenticators: true}
Session ID: e8ecfa28d9d1deab1639ba0891994bbe
*** Element info: {Using=xpath, value=//input[@id='dateOfBirth']}
        </td>
      </tr>
      <tr class="event-row">
        <td><span class="badge log fail-bg">Fail</span></td>
        <td>9:33:06 PM</td>
        <td>
          An exception occured while enter for element profile picture upload Exeception:org.openqa.selenium.NoSuchElementException: no such element: Unable to locate element: {"method":"xpath","selector":"//input[@placeholder='Upload your file']"}
  (Session info: chrome=93.0.4577.82)
For documentation on this error, please visit: http://seleniumhq.org/exceptions/no_such_element.html
Build info: version: '3.141.5', revision: 'd54ebd709a', time: '2018-11-06T11:42:16'
System info: host: 'LAPTOP-DL44I5GH', ip: '192.168.1.17', os.name: 'Windows 10', os.arch: 'amd64', os.version: '10.0', java.version: '1.8.0_301'
Driver info: org.openqa.selenium.chrome.ChromeDriver
Capabilities {acceptInsecureCerts: false, browserName: chrome, browserVersion: 93.0.4577.82, chrome: {chromedriverVersion: 93.0.4577.63 (ff5c0da2ec0ad..., userDataDir: C:\Users\USER\AppData\Local...}, goog:chromeOptions: {debuggerAddress: localhost:60148}, javascriptEnabled: true, networkConnectionEnabled: false, pageLoadStrategy: normal, platform: WINDOWS, platformName: WINDOWS, proxy: Proxy(), setWindowRect: true, strictFileInteractability: false, timeouts: {implicit: 0, pageLoad: 300000, script: 30000}, unhandledPromptBehavior: dismiss and notify, webauthn:extension:credBlob: true, webauthn:extension:largeBlob: true, webauthn:virtualAuthenticators: true}
Session ID: e8ecfa28d9d1deab1639ba0891994bbe
*** Element info: {Using=xpath, value=//input[@placeholder='Upload your file']}
        </td>
      </tr>
      <tr class="event-row">
        <td><span class="badge log fail-bg">Fail</span></td>
        <td>9:33:07 PM</td>
        <td>
          An exception occured while enter for element school name textbox Exeception:org.openqa.selenium.NoSuchElementException: no such element: Unable to locate element: {"method":"xpath","selector":"//input[@id='name']"}
  (Session info: chrome=93.0.4577.82)
For documentation on this error, please visit: http://seleniumhq.org/exceptions/no_such_element.html
Build info: version: '3.141.5', revision: 'd54ebd709a', time: '2018-11-06T11:42:16'
System info: host: 'LAPTOP-DL44I5GH', ip: '192.168.1.17', os.name: 'Windows 10', os.arch: 'amd64', os.version: '10.0', java.version: '1.8.0_301'
Driver info: org.openqa.selenium.chrome.ChromeDriver
Capabilities {acceptInsecureCerts: false, browserName: chrome, browserVersion: 93.0.4577.82, chrome: {chromedriverVersion: 93.0.4577.63 (ff5c0da2ec0ad..., userDataDir: C:\Users\USER\AppData\Local...}, goog:chromeOptions: {debuggerAddress: localhost:60148}, javascriptEnabled: true, networkConnectionEnabled: false, pageLoadStrategy: normal, platform: WINDOWS, platformName: WINDOWS, proxy: Proxy(), setWindowRect: true, strictFileInteractability: false, timeouts: {implicit: 0, pageLoad: 300000, script: 30000}, unhandledPromptBehavior: dismiss and notify, webauthn:extension:credBlob: true, webauthn:extension:largeBlob: true, webauthn:virtualAuthenticators: true}
Session ID: e8ecfa28d9d1deab1639ba0891994bbe
*** Element info: {Using=xpath, value=//input[@id='name']}
        </td>
      </tr>
      <tr class="event-row">
        <td><span class="badge log fail-bg">Fail</span></td>
        <td>9:33:07 PM</td>
        <td>
          An exception occured while enter for element address1 textbox Exeception:org.openqa.selenium.NoSuchElementException: no such element: Unable to locate element: {"method":"xpath","selector":"//input[@id='address1']"}
  (Session info: chrome=93.0.4577.82)
For documentation on this error, please visit: http://seleniumhq.org/exceptions/no_such_element.html
Build info: version: '3.141.5', revision: 'd54ebd709a', time: '2018-11-06T11:42:16'
System info: host: 'LAPTOP-DL44I5GH', ip: '192.168.1.17', os.name: 'Windows 10', os.arch: 'amd64', os.version: '10.0', java.version: '1.8.0_301'
Driver info: org.openqa.selenium.chrome.ChromeDriver
Capabilities {acceptInsecureCerts: false, browserName: chrome, browserVersion: 93.0.4577.82, chrome: {chromedriverVersion: 93.0.4577.63 (ff5c0da2ec0ad..., userDataDir: C:\Users\USER\AppData\Local...}, goog:chromeOptions: {debuggerAddress: localhost:60148}, javascriptEnabled: true, networkConnectionEnabled: false, pageLoadStrategy: normal, platform: WINDOWS, platformName: WINDOWS, proxy: Proxy(), setWindowRect: true, strictFileInteractability: false, timeouts: {implicit: 0, pageLoad: 300000, script: 30000}, unhandledPromptBehavior: dismiss and notify, webauthn:extension:credBlob: true, webauthn:extension:largeBlob: true, webauthn:virtualAuthenticators: true}
Session ID: e8ecfa28d9d1deab1639ba0891994bbe
*** Element info: {Using=xpath, value=//input[@id='address1']}
        </td>
      </tr>
      <tr class="event-row">
        <td><span class="badge log fail-bg">Fail</span></td>
        <td>9:33:07 PM</td>
        <td>
          An exception occured while enter for element address2 textbox Exeception:org.openqa.selenium.NoSuchElementException: no such element: Unable to locate element: {"method":"xpath","selector":"//input[@id='address2']"}
  (Session info: chrome=93.0.4577.82)
For documentation on this error, please visit: http://seleniumhq.org/exceptions/no_such_element.html
Build info: version: '3.141.5', revision: 'd54ebd709a', time: '2018-11-06T11:42:16'
System info: host: 'LAPTOP-DL44I5GH', ip: '192.168.1.17', os.name: 'Windows 10', os.arch: 'amd64', os.version: '10.0', java.version: '1.8.0_301'
Driver info: org.openqa.selenium.chrome.ChromeDriver
Capabilities {acceptInsecureCerts: false, browserName: chrome, browserVersion: 93.0.4577.82, chrome: {chromedriverVersion: 93.0.4577.63 (ff5c0da2ec0ad..., userDataDir: C:\Users\USER\AppData\Local...}, goog:chromeOptions: {debuggerAddress: localhost:60148}, javascriptEnabled: true, networkConnectionEnabled: false, pageLoadStrategy: normal, platform: WINDOWS, platformName: WINDOWS, proxy: Proxy(), setWindowRect: true, strictFileInteractability: false, timeouts: {implicit: 0, pageLoad: 300000, script: 30000}, unhandledPromptBehavior: dismiss and notify, webauthn:extension:credBlob: true, webauthn:extension:largeBlob: true, webauthn:virtualAuthenticators: true}
Session ID: e8ecfa28d9d1deab1639ba0891994bbe
*** Element info: {Using=xpath, value=//input[@id='address2']}
        </td>
      </tr>
      <tr class="event-row">
        <td><span class="badge log fail-bg">Fail</span></td>
        <td>9:33:07 PM</td>
        <td>
          An exception occured while enter for element city textbox Exeception:org.openqa.selenium.NoSuchElementException: no such element: Unable to locate element: {"method":"xpath","selector":"//input[@id='city']"}
  (Session info: chrome=93.0.4577.82)
For documentation on this error, please visit: http://seleniumhq.org/exceptions/no_such_element.html
Build info: version: '3.141.5', revision: 'd54ebd709a', time: '2018-11-06T11:42:16'
System info: host: 'LAPTOP-DL44I5GH', ip: '192.168.1.17', os.name: 'Windows 10', os.arch: 'amd64', os.version: '10.0', java.version: '1.8.0_301'
Driver info: org.openqa.selenium.chrome.ChromeDriver
Capabilities {acceptInsecureCerts: false, browserName: chrome, browserVersion: 93.0.4577.82, chrome: {chromedriverVersion: 93.0.4577.63 (ff5c0da2ec0ad..., userDataDir: C:\Users\USER\AppData\Local...}, goog:chromeOptions: {debuggerAddress: localhost:60148}, javascriptEnabled: true, networkConnectionEnabled: false, pageLoadStrategy: normal, platform: WINDOWS, platformName: WINDOWS, proxy: Proxy(), setWindowRect: true, strictFileInteractability: false, timeouts: {implicit: 0, pageLoad: 300000, script: 30000}, unhandledPromptBehavior: dismiss and notify, webauthn:extension:credBlob: true, webauthn:extension:largeBlob: true, webauthn:virtualAuthenticators: true}
Session ID: e8ecfa28d9d1deab1639ba0891994bbe
*** Element info: {Using=xpath, value=//input[@id='city']}
        </td>
      </tr>
      <tr class="event-row">
        <td><span class="badge log fail-bg">Fail</span></td>
        <td>9:33:07 PM</td>
        <td>
          An exception occured while enter for element state textbox Exeception:org.openqa.selenium.NoSuchElementException: no such element: Unable to locate element: {"method":"xpath","selector":"//input[@id='state']"}
  (Session info: chrome=93.0.4577.82)
For documentation on this error, please visit: http://seleniumhq.org/exceptions/no_such_element.html
Build info: version: '3.141.5', revision: 'd54ebd709a', time: '2018-11-06T11:42:16'
System info: host: 'LAPTOP-DL44I5GH', ip: '192.168.1.17', os.name: 'Windows 10', os.arch: 'amd64', os.version: '10.0', java.version: '1.8.0_301'
Driver info: org.openqa.selenium.chrome.ChromeDriver
Capabilities {acceptInsecureCerts: false, browserName: chrome, browserVersion: 93.0.4577.82, chrome: {chromedriverVersion: 93.0.4577.63 (ff5c0da2ec0ad..., userDataDir: C:\Users\USER\AppData\Local...}, goog:chromeOptions: {debuggerAddress: localhost:60148}, javascriptEnabled: true, networkConnectionEnabled: false, pageLoadStrategy: normal, platform: WINDOWS, platformName: WINDOWS, proxy: Proxy(), setWindowRect: true, strictFileInteractability: false, timeouts: {implicit: 0, pageLoad: 300000, script: 30000}, unhandledPromptBehavior: dismiss and notify, webauthn:extension:credBlob: true, webauthn:extension:largeBlob: true, webauthn:virtualAuthenticators: true}
Session ID: e8ecfa28d9d1deab1639ba0891994bbe
*** Element info: {Using=xpath, value=//input[@id='state']}
        </td>
      </tr>
      <tr class="event-row">
        <td><span class="badge log fail-bg">Fail</span></td>
        <td>9:33:08 PM</td>
        <td>
          An exception occured while enter for element Pincode textbox Exeception:org.openqa.selenium.NoSuchElementException: no such element: Unable to locate element: {"method":"xpath","selector":"//input[@id='cityPincode']"}
  (Session info: chrome=93.0.4577.82)
For documentation on this error, please visit: http://seleniumhq.org/exceptions/no_such_element.html
Build info: version: '3.141.5', revision: 'd54ebd709a', time: '2018-11-06T11:42:16'
System info: host: 'LAPTOP-DL44I5GH', ip: '192.168.1.17', os.name: 'Windows 10', os.arch: 'amd64', os.version: '10.0', java.version: '1.8.0_301'
Driver info: org.openqa.selenium.chrome.ChromeDriver
Capabilities {acceptInsecureCerts: false, browserName: chrome, browserVersion: 93.0.4577.82, chrome: {chromedriverVersion: 93.0.4577.63 (ff5c0da2ec0ad..., userDataDir: C:\Users\USER\AppData\Local...}, goog:chromeOptions: {debuggerAddress: localhost:60148}, javascriptEnabled: true, networkConnectionEnabled: false, pageLoadStrategy: normal, platform: WINDOWS, platformName: WINDOWS, proxy: Proxy(), setWindowRect: true, strictFileInteractability: false, timeouts: {implicit: 0, pageLoad: 300000, script: 30000}, unhandledPromptBehavior: dismiss and notify, webauthn:extension:credBlob: true, webauthn:extension:largeBlob: true, webauthn:virtualAuthenticators: true}
Session ID: e8ecfa28d9d1deab1639ba0891994bbe
*** Element info: {Using=xpath, value=//input[@id='cityPincode']}
        </td>
      </tr>
      <tr class="event-row">
        <td><span class="badge log fail-bg">Fail</span></td>
        <td>9:33:08 PM</td>
        <td>
          An exception occured while click for element enable notification checkbox Exeception:org.openqa.selenium.NoSuchElementException: no such element: Unable to locate element: {"method":"xpath","selector":"//input[@id='pushNotificationPreference']/following-sibling::label[1]"}
  (Session info: chrome=93.0.4577.82)
For documentation on this error, please visit: http://seleniumhq.org/exceptions/no_such_element.html
Build info: version: '3.141.5', revision: 'd54ebd709a', time: '2018-11-06T11:42:16'
System info: host: 'LAPTOP-DL44I5GH', ip: '192.168.1.17', os.name: 'Windows 10', os.arch: 'amd64', os.version: '10.0', java.version: '1.8.0_301'
Driver info: org.openqa.selenium.chrome.ChromeDriver
Capabilities {acceptInsecureCerts: false, browserName: chrome, browserVersion: 93.0.4577.82, chrome: {chromedriverVersion: 93.0.4577.63 (ff5c0da2ec0ad..., userDataDir: C:\Users\USER\AppData\Local...}, goog:chromeOptions: {debuggerAddress: localhost:60148}, javascriptEnabled: true, networkConnectionEnabled: false, pageLoadStrategy: normal, platform: WINDOWS, platformName: WINDOWS, proxy: Proxy(), setWindowRect: true, strictFileInteractability: false, timeouts: {implicit: 0, pageLoad: 300000, script: 30000}, unhandledPromptBehavior: dismiss and notify, webauthn:extension:credBlob: true, webauthn:extension:largeBlob: true, webauthn:virtualAuthenticators: true}
Session ID: e8ecfa28d9d1deab1639ba0891994bbe
*** Element info: {Using=xpath, value=//input[@id='pushNotificationPreference']/following-sibling::label[1]}
        </td>
      </tr>
      <tr class="event-row">
        <td><span class="badge log fail-bg">Fail</span></td>
        <td>9:33:18 PM</td>
        <td>
          An exception occured while click for element Accept terms and conditions checkbox Exeception:org.openqa.selenium.NoSuchElementException: no such element: Unable to locate element: {"method":"xpath","selector":"//input[@id='termsandconditions']/following-sibling::label[1]"}
  (Session info: chrome=93.0.4577.82)
For documentation on this error, please visit: http://seleniumhq.org/exceptions/no_such_element.html
Build info: version: '3.141.5', revision: 'd54ebd709a', time: '2018-11-06T11:42:16'
System info: host: 'LAPTOP-DL44I5GH', ip: '192.168.1.17', os.name: 'Windows 10', os.arch: 'amd64', os.version: '10.0', java.version: '1.8.0_301'
Driver info: org.openqa.selenium.chrome.ChromeDriver
Capabilities {acceptInsecureCerts: false, browserName: chrome, browserVersion: 93.0.4577.82, chrome: {chromedriverVersion: 93.0.4577.63 (ff5c0da2ec0ad..., userDataDir: C:\Users\USER\AppData\Local...}, goog:chromeOptions: {debuggerAddress: localhost:60148}, javascriptEnabled: true, networkConnectionEnabled: false, pageLoadStrategy: normal, platform: WINDOWS, platformName: WINDOWS, proxy: Proxy(), setWindowRect: true, strictFileInteractability: false, timeouts: {implicit: 0, pageLoad: 300000, script: 30000}, unhandledPromptBehavior: dismiss and notify, webauthn:extension:credBlob: true, webauthn:extension:largeBlob: true, webauthn:virtualAuthenticators: true}
Session ID: e8ecfa28d9d1deab1639ba0891994bbe
*** Element info: {Using=xpath, value=//input[@id='termsandconditions']/following-sibling::label[1]}
        </td>
      </tr>
      <tr class="event-row">
        <td><span class="badge log fail-bg">Fail</span></td>
        <td>9:33:18 PM</td>
        <td>
          An exception occured while click for element submit button Exeception:org.openqa.selenium.NoSuchElementException: no such element: Unable to locate element: {"method":"xpath","selector":"//button[contains(.,'Submit')]"}
  (Session info: chrome=93.0.4577.82)
For documentation on this error, please visit: http://seleniumhq.org/exceptions/no_such_element.html
Build info: version: '3.141.5', revision: 'd54ebd709a', time: '2018-11-06T11:42:16'
System info: host: 'LAPTOP-DL44I5GH', ip: '192.168.1.17', os.name: 'Windows 10', os.arch: 'amd64', os.version: '10.0', java.version: '1.8.0_301'
Driver info: org.openqa.selenium.chrome.ChromeDriver
Capabilities {acceptInsecureCerts: false, browserName: chrome, browserVersion: 93.0.4577.82, chrome: {chromedriverVersion: 93.0.4577.63 (ff5c0da2ec0ad..., userDataDir: C:\Users\USER\AppData\Local...}, goog:chromeOptions: {debuggerAddress: localhost:60148}, javascriptEnabled: true, networkConnectionEnabled: false, pageLoadStrategy: normal, platform: WINDOWS, platformName: WINDOWS, proxy: Proxy(), setWindowRect: true, strictFileInteractability: false, timeouts: {implicit: 0, pageLoad: 300000, script: 30000}, unhandledPromptBehavior: dismiss and notify, webauthn:extension:credBlob: true, webauthn:extension:largeBlob: true, webauthn:virtualAuthenticators: true}
Session ID: e8ecfa28d9d1deab1639ba0891994bbe
*** Element info: {Using=xpath, value=//button[contains(.,'Submit')]}
        </td>
      </tr>
      <tr class="event-row">
        <td><span class="badge log fail-bg">Fail</span></td>
        <td>9:33:49 PM</td>
        <td>
          First login updation Failed due to error
        </td>
      </tr>
      <tr class="event-row">
        <td><span class="badge log info-bg">Info</span></td>
        <td>9:33:49 PM</td>
        <td>
          firstLogin completed sucessfully
        </td>
      </tr>
      <tr class="event-row">
        <td><span class="badge log fail-bg">Fail</span></td>
        <td>9:34:09 PM</td>
        <td>
          An exception occured while click for element Logout link Exeception:org.openqa.selenium.NoSuchElementException: no such element: Unable to locate element: {"method":"xpath","selector":"//a[contains(.,'Logout')]"}
  (Session info: chrome=93.0.4577.82)
For documentation on this error, please visit: http://seleniumhq.org/exceptions/no_such_element.html
Build info: version: '3.141.5', revision: 'd54ebd709a', time: '2018-11-06T11:42:16'
System info: host: 'LAPTOP-DL44I5GH', ip: '192.168.1.17', os.name: 'Windows 10', os.arch: 'amd64', os.version: '10.0', java.version: '1.8.0_301'
Driver info: org.openqa.selenium.chrome.ChromeDriver
Capabilities {acceptInsecureCerts: false, browserName: chrome, browserVersion: 93.0.4577.82, chrome: {chromedriverVersion: 93.0.4577.63 (ff5c0da2ec0ad..., userDataDir: C:\Users\USER\AppData\Local...}, goog:chromeOptions: {debuggerAddress: localhost:53935}, javascriptEnabled: true, networkConnectionEnabled: false, pageLoadStrategy: normal, platform: WINDOWS, platformName: WINDOWS, proxy: Proxy(), setWindowRect: true, strictFileInteractability: false, timeouts: {implicit: 0, pageLoad: 300000, script: 30000}, unhandledPromptBehavior: dismiss and notify, webauthn:extension:credBlob: true, webauthn:extension:largeBlob: true, webauthn:virtualAuthenticators: true}
Session ID: 18c8dc035874e3113a8c7b6991235886
*** Element info: {Using=xpath, value=//a[contains(.,'Logout')]}
        </td>
      </tr>
  </tbody>
</table>
</div>
          </div>
        </li>
        <li class="test-item"  status="fail" test-id="18"
          author=""
          tag=""
          device="">
          <div class="test-detail">
            <p class="name">TC_appregistration_positiveflow_Student</p>
            <p class="text-sm">
              <span>9:33:38 PM</span> / <span>00:00:31:147</span>
              <span class="badge fail-bg log float-right">Fail</span>
            </p>
          </div>
          <div class="test-contents d-none">
<div class="detail-head">
<div class="p-v-10">
<div class="info">
<h5 class="test-status text-fail">TC_appregistration_positiveflow_Student</h5>
<span class='badge badge-success'>09.21.2021 9:33:38 PM</span>
<span class='badge badge-danger'>09.21.2021 9:34:09 PM</span>
<span class='badge badge-default'>00:00:31:147</span>
&middot; <span class='uri-anchor badge badge-default'>#test-id=18</span>
<span class='badge badge-default pointer float-right ml-1 et'><i class="fa fa-chevron-down"></i></span>
<span class='badge badge-default pointer float-right ct'><i class="fa fa-chevron-up"></i></span>
</div>
</div>
</div>    <div class="row mb-3"><div class="col-md-3">
<img data-featherlight='C:\gitRepo\app\Selenium_Framework_Mousiki\screenshots\RUN_21_09_2021_09_33_43.png' src="C:\gitRepo\app\Selenium_Framework_Mousiki\screenshots\RUN_21_09_2021_09_33_43.png">
    <div class="title">Registration</div>
    </div></div>
    <div class="row mb-3"><div class="col-md-3">
<img data-featherlight='C:\gitRepo\app\Selenium_Framework_Mousiki\screenshots\RUN_21_09_2021_09_33_48.png' src="C:\gitRepo\app\Selenium_Framework_Mousiki\screenshots\RUN_21_09_2021_09_33_48.png">
    <div class="title">Registration confirmation</div>
    </div></div>
    <div class="row mb-3"><div class="col-md-3">
<img data-featherlight='C:\gitRepo\app\Selenium_Framework_Mousiki\screenshots\RUN_21_09_2021_09_33_48.png' src="C:\gitRepo\app\Selenium_Framework_Mousiki\screenshots\RUN_21_09_2021_09_33_48.png">
    <div class="title">Enter text fail</div>
    </div></div>
    <div class="row mb-3"><div class="col-md-3">
<img data-featherlight='C:\gitRepo\app\Selenium_Framework_Mousiki\screenshots\RUN_21_09_2021_09_33_48.png' src="C:\gitRepo\app\Selenium_Framework_Mousiki\screenshots\RUN_21_09_2021_09_33_48.png">
    <div class="title">Enter text fail</div>
    </div></div>
    <div class="row mb-3"><div class="col-md-3">
<img data-featherlight='C:\gitRepo\app\Selenium_Framework_Mousiki\screenshots\RUN_21_09_2021_09_34_09.png' src="C:\gitRepo\app\Selenium_Framework_Mousiki\screenshots\RUN_21_09_2021_09_34_09.png">
    <div class="title">Login</div>
    </div></div>
<div class="detail-body mt-4">
<table class="table table-sm">
  <thead><tr><th class="status-col">Status</th><th class="timestamp-col">Timestamp</th><th class="details-col">Details</th></tr></thead>
  <tbody>
      <tr class="event-row">
        <td><span class="badge log info-bg">Info</span></td>
        <td>9:33:38 PM</td>
        <td>
          Sign Upclicked successfully
        </td>
      </tr>
      <tr class="event-row">
        <td><span class="badge log info-bg">Info</span></td>
        <td>9:33:39 PM</td>
        <td>
          I'm a Studentclicked successfully
        </td>
      </tr>
      <tr class="event-row">
        <td><span class="badge log info-bg">Info</span></td>
        <td>9:33:39 PM</td>
        <td>
          First Nameentered successfully
        </td>
      </tr>
      <tr class="event-row">
        <td><span class="badge log info-bg">Info</span></td>
        <td>9:33:40 PM</td>
        <td>
          Last Nameentered successfully
        </td>
      </tr>
      <tr class="event-row">
        <td><span class="badge log info-bg">Info</span></td>
        <td>9:33:40 PM</td>
        <td>
          Emailentered successfully
        </td>
      </tr>
      <tr class="event-row">
        <td><span class="badge log info-bg">Info</span></td>
        <td>9:33:40 PM</td>
        <td>
          Passwordentered successfully
        </td>
      </tr>
      <tr class="event-row">
        <td><span class="badge log pass-bg">Pass</span></td>
        <td>9:33:43 PM</td>
        <td>
          Registration completed sucessfully
        </td>
      </tr>
      <tr class="event-row">
        <td><span class="badge log pass-bg">Pass</span></td>
        <td>9:33:48 PM</td>
        <td>
          Registration confirmated sucessfully, Username:Ayi5qdsAqT@gmail.com password:Sgidfn345@
        </td>
      </tr>
      <tr class="event-row">
        <td><span class="badge log info-bg">Info</span></td>
        <td>9:33:48 PM</td>
        <td>
          Login after register confirmationclicked successfully
        </td>
      </tr>
      <tr class="event-row">
        <td><span class="badge log fail-bg">Fail</span></td>
        <td>9:33:48 PM</td>
        <td>
          An exception occured while enter for element UserName Exeception:org.openqa.selenium.NoSuchElementException: no such element: Unable to locate element: {"method":"xpath","selector":"//*[@id='username']"}
  (Session info: chrome=93.0.4577.82)
For documentation on this error, please visit: http://seleniumhq.org/exceptions/no_such_element.html
Build info: version: '3.141.5', revision: 'd54ebd709a', time: '2018-11-06T11:42:16'
System info: host: 'LAPTOP-DL44I5GH', ip: '192.168.1.17', os.name: 'Windows 10', os.arch: 'amd64', os.version: '10.0', java.version: '1.8.0_301'
Driver info: org.openqa.selenium.chrome.ChromeDriver
Capabilities {acceptInsecureCerts: false, browserName: chrome, browserVersion: 93.0.4577.82, chrome: {chromedriverVersion: 93.0.4577.63 (ff5c0da2ec0ad..., userDataDir: C:\Users\USER\AppData\Local...}, goog:chromeOptions: {debuggerAddress: localhost:53935}, javascriptEnabled: true, networkConnectionEnabled: false, pageLoadStrategy: normal, platform: WINDOWS, platformName: WINDOWS, proxy: Proxy(), setWindowRect: true, strictFileInteractability: false, timeouts: {implicit: 0, pageLoad: 300000, script: 30000}, unhandledPromptBehavior: dismiss and notify, webauthn:extension:credBlob: true, webauthn:extension:largeBlob: true, webauthn:virtualAuthenticators: true}
Session ID: 18c8dc035874e3113a8c7b6991235886
*** Element info: {Using=xpath, value=//*[@id='username']}
        </td>
      </tr>
      <tr class="event-row">
        <td><span class="badge log fail-bg">Fail</span></td>
        <td>9:33:48 PM</td>
        <td>
          An exception occured while enter for element Password Exeception:org.openqa.selenium.NoSuchElementException: no such element: Unable to locate element: {"method":"xpath","selector":"//*[@id='password']"}
  (Session info: chrome=93.0.4577.82)
For documentation on this error, please visit: http://seleniumhq.org/exceptions/no_such_element.html
Build info: version: '3.141.5', revision: 'd54ebd709a', time: '2018-11-06T11:42:16'
System info: host: 'LAPTOP-DL44I5GH', ip: '192.168.1.17', os.name: 'Windows 10', os.arch: 'amd64', os.version: '10.0', java.version: '1.8.0_301'
Driver info: org.openqa.selenium.chrome.ChromeDriver
Capabilities {acceptInsecureCerts: false, browserName: chrome, browserVersion: 93.0.4577.82, chrome: {chromedriverVersion: 93.0.4577.63 (ff5c0da2ec0ad..., userDataDir: C:\Users\USER\AppData\Local...}, goog:chromeOptions: {debuggerAddress: localhost:53935}, javascriptEnabled: true, networkConnectionEnabled: false, pageLoadStrategy: normal, platform: WINDOWS, platformName: WINDOWS, proxy: Proxy(), setWindowRect: true, strictFileInteractability: false, timeouts: {implicit: 0, pageLoad: 300000, script: 30000}, unhandledPromptBehavior: dismiss and notify, webauthn:extension:credBlob: true, webauthn:extension:largeBlob: true, webauthn:virtualAuthenticators: true}
Session ID: 18c8dc035874e3113a8c7b6991235886
*** Element info: {Using=xpath, value=//*[@id='password']}
        </td>
      </tr>
      <tr class="event-row">
        <td><span class="badge log info-bg">Info</span></td>
        <td>9:33:48 PM</td>
        <td>
          Log Inclicked successfully
        </td>
      </tr>
      <tr class="event-row">
        <td><span class="badge log pass-bg">Pass</span></td>
        <td>9:34:09 PM</td>
        <td>
          Login completed sucessfully
        </td>
      </tr>
  </tbody>
</table>
</div>
          </div>
        </li>
        <li class="test-item"  status="fail" test-id="19"
          author=""
          tag=""
          device="">
          <div class="test-detail">
            <p class="name">TC_appregistration_positiveflow_Parent</p>
            <p class="text-sm">
              <span>9:34:24 PM</span> / <span>00:00:30:508</span>
              <span class="badge fail-bg log float-right">Fail</span>
            </p>
          </div>
          <div class="test-contents d-none">
<div class="detail-head">
<div class="p-v-10">
<div class="info">
<h5 class="test-status text-fail">TC_appregistration_positiveflow_Parent</h5>
<span class='badge badge-success'>09.21.2021 9:34:24 PM</span>
<span class='badge badge-danger'>09.21.2021 9:34:54 PM</span>
<span class='badge badge-default'>00:00:30:508</span>
&middot; <span class='uri-anchor badge badge-default'>#test-id=19</span>
<span class='badge badge-default pointer float-right ml-1 et'><i class="fa fa-chevron-down"></i></span>
<span class='badge badge-default pointer float-right ct'><i class="fa fa-chevron-up"></i></span>
</div>
</div>
</div>    <div class="row mb-3"><div class="col-md-3">
<img data-featherlight='C:\gitRepo\app\Selenium_Framework_Mousiki\screenshots\RUN_21_09_2021_09_34_29.png' src="C:\gitRepo\app\Selenium_Framework_Mousiki\screenshots\RUN_21_09_2021_09_34_29.png">
    <div class="title">Registration</div>
    </div></div>
    <div class="row mb-3"><div class="col-md-3">
<img data-featherlight='C:\gitRepo\app\Selenium_Framework_Mousiki\screenshots\RUN_21_09_2021_09_34_33.png' src="C:\gitRepo\app\Selenium_Framework_Mousiki\screenshots\RUN_21_09_2021_09_34_33.png">
    <div class="title">Registration confirmation</div>
    </div></div>
    <div class="row mb-3"><div class="col-md-3">
<img data-featherlight='C:\gitRepo\app\Selenium_Framework_Mousiki\screenshots\RUN_21_09_2021_09_34_33.png' src="C:\gitRepo\app\Selenium_Framework_Mousiki\screenshots\RUN_21_09_2021_09_34_33.png">
    <div class="title">Enter text fail</div>
    </div></div>
    <div class="row mb-3"><div class="col-md-3">
<img data-featherlight='C:\gitRepo\app\Selenium_Framework_Mousiki\screenshots\RUN_21_09_2021_09_34_34.png' src="C:\gitRepo\app\Selenium_Framework_Mousiki\screenshots\RUN_21_09_2021_09_34_34.png">
    <div class="title">Enter text fail</div>
    </div></div>
    <div class="row mb-3"><div class="col-md-3">
<img data-featherlight='C:\gitRepo\app\Selenium_Framework_Mousiki\screenshots\RUN_21_09_2021_09_34_54.png' src="C:\gitRepo\app\Selenium_Framework_Mousiki\screenshots\RUN_21_09_2021_09_34_54.png">
    <div class="title">Login</div>
    </div></div>
<div class="detail-body mt-4">
<table class="table table-sm">
  <thead><tr><th class="status-col">Status</th><th class="timestamp-col">Timestamp</th><th class="details-col">Details</th></tr></thead>
  <tbody>
      <tr class="event-row">
        <td><span class="badge log info-bg">Info</span></td>
        <td>9:34:24 PM</td>
        <td>
          Sign Upclicked successfully
        </td>
      </tr>
      <tr class="event-row">
        <td><span class="badge log info-bg">Info</span></td>
        <td>9:34:24 PM</td>
        <td>
          I'm a Parentclicked successfully
        </td>
      </tr>
      <tr class="event-row">
        <td><span class="badge log info-bg">Info</span></td>
        <td>9:34:25 PM</td>
        <td>
          First Nameentered successfully
        </td>
      </tr>
      <tr class="event-row">
        <td><span class="badge log info-bg">Info</span></td>
        <td>9:34:25 PM</td>
        <td>
          Last Nameentered successfully
        </td>
      </tr>
      <tr class="event-row">
        <td><span class="badge log info-bg">Info</span></td>
        <td>9:34:26 PM</td>
        <td>
          Emailentered successfully
        </td>
      </tr>
      <tr class="event-row">
        <td><span class="badge log info-bg">Info</span></td>
        <td>9:34:26 PM</td>
        <td>
          Passwordentered successfully
        </td>
      </tr>
      <tr class="event-row">
        <td><span class="badge log pass-bg">Pass</span></td>
        <td>9:34:29 PM</td>
        <td>
          Registration completed sucessfully
        </td>
      </tr>
      <tr class="event-row">
        <td><span class="badge log pass-bg">Pass</span></td>
        <td>9:34:33 PM</td>
        <td>
          Registration confirmated sucessfully, Username:SqERQFUCA7@gmail.com password:Sgidfn345@
        </td>
      </tr>
      <tr class="event-row">
        <td><span class="badge log info-bg">Info</span></td>
        <td>9:34:33 PM</td>
        <td>
          Login after register confirmationclicked successfully
        </td>
      </tr>
      <tr class="event-row">
        <td><span class="badge log fail-bg">Fail</span></td>
        <td>9:34:33 PM</td>
        <td>
          An exception occured while enter for element UserName Exeception:org.openqa.selenium.NoSuchElementException: no such element: Unable to locate element: {"method":"xpath","selector":"//*[@id='username']"}
  (Session info: chrome=93.0.4577.82)
For documentation on this error, please visit: http://seleniumhq.org/exceptions/no_such_element.html
Build info: version: '3.141.5', revision: 'd54ebd709a', time: '2018-11-06T11:42:16'
System info: host: 'LAPTOP-DL44I5GH', ip: '192.168.1.17', os.name: 'Windows 10', os.arch: 'amd64', os.version: '10.0', java.version: '1.8.0_301'
Driver info: org.openqa.selenium.chrome.ChromeDriver
Capabilities {acceptInsecureCerts: false, browserName: chrome, browserVersion: 93.0.4577.82, chrome: {chromedriverVersion: 93.0.4577.63 (ff5c0da2ec0ad..., userDataDir: C:\Users\USER\AppData\Local...}, goog:chromeOptions: {debuggerAddress: localhost:49156}, javascriptEnabled: true, networkConnectionEnabled: false, pageLoadStrategy: normal, platform: WINDOWS, platformName: WINDOWS, proxy: Proxy(), setWindowRect: true, strictFileInteractability: false, timeouts: {implicit: 0, pageLoad: 300000, script: 30000}, unhandledPromptBehavior: dismiss and notify, webauthn:extension:credBlob: true, webauthn:extension:largeBlob: true, webauthn:virtualAuthenticators: true}
Session ID: d9cdf272c1c4835fc990fd129f91bca9
*** Element info: {Using=xpath, value=//*[@id='username']}
        </td>
      </tr>
      <tr class="event-row">
        <td><span class="badge log fail-bg">Fail</span></td>
        <td>9:34:34 PM</td>
        <td>
          An exception occured while enter for element Password Exeception:org.openqa.selenium.NoSuchElementException: no such element: Unable to locate element: {"method":"xpath","selector":"//*[@id='password']"}
  (Session info: chrome=93.0.4577.82)
For documentation on this error, please visit: http://seleniumhq.org/exceptions/no_such_element.html
Build info: version: '3.141.5', revision: 'd54ebd709a', time: '2018-11-06T11:42:16'
System info: host: 'LAPTOP-DL44I5GH', ip: '192.168.1.17', os.name: 'Windows 10', os.arch: 'amd64', os.version: '10.0', java.version: '1.8.0_301'
Driver info: org.openqa.selenium.chrome.ChromeDriver
Capabilities {acceptInsecureCerts: false, browserName: chrome, browserVersion: 93.0.4577.82, chrome: {chromedriverVersion: 93.0.4577.63 (ff5c0da2ec0ad..., userDataDir: C:\Users\USER\AppData\Local...}, goog:chromeOptions: {debuggerAddress: localhost:49156}, javascriptEnabled: true, networkConnectionEnabled: false, pageLoadStrategy: normal, platform: WINDOWS, platformName: WINDOWS, proxy: Proxy(), setWindowRect: true, strictFileInteractability: false, timeouts: {implicit: 0, pageLoad: 300000, script: 30000}, unhandledPromptBehavior: dismiss and notify, webauthn:extension:credBlob: true, webauthn:extension:largeBlob: true, webauthn:virtualAuthenticators: true}
Session ID: d9cdf272c1c4835fc990fd129f91bca9
*** Element info: {Using=xpath, value=//*[@id='password']}
        </td>
      </tr>
      <tr class="event-row">
        <td><span class="badge log info-bg">Info</span></td>
        <td>9:34:34 PM</td>
        <td>
          Log Inclicked successfully
        </td>
      </tr>
      <tr class="event-row">
        <td><span class="badge log pass-bg">Pass</span></td>
        <td>9:34:54 PM</td>
        <td>
          Login completed sucessfully
        </td>
      </tr>
  </tbody>
</table>
</div>
          </div>
        </li>
      </ul>
    </div>
  </div>
<div class="test-content scrollable">
<div class="test-content-tools">
<ul><li><a class="back-to-test" href="#"><i class="fa fa-arrow-left"></i></a></li></ul>
</div>
<div class="test-content-detail"><div class="detail-body"></div></div>
</div></div>
<div class="container-fluid p-4 view dashboard-view">
<div class="row">
<div class="col-md-3">
<div class="card"><div class="card-body">
<p class="m-b-0">Started</p>
<h3>Sep 21, 2021 09:29:51 PM</h3>
</div></div>
</div>
<div class="col-md-3">
<div class="card"><div class="card-body">
<p class="m-b-0">Ended</p>
<h3>Sep 21, 2021 09:35:25 PM</h3>
</div></div>
</div>
<div class="col-md-3">
<div class="card"><div class="card-body">
<p class="m-b-0 text-pass">Tests Passed</p>
<h3>7</h3>
</div></div>
</div>
<div class="col-md-3">
<div class="card"><div class="card-body">
<p class="m-b-0 text-fail">Tests Failed</p>
<h3>12</h3>
</div></div>
</div>
</div>
<div class="row">
<div class="col-md-6">
<div class="card">
<div class="card-header">
<h6 class="card-title">Tests</h6>
</div>
<div class="card-body">
<div class="">
<canvas id='parent-analysis' width='115' height='90'></canvas>
</div>
</div>
<div class="card-footer">
<div><small data-tooltip='36%'>
<b>7</b> tests passed
</small>
</div>
<div>
<small data-tooltip='63%'><b>12</b> tests failed,
<b>0</b> skipped, <b data-tooltip='0%'>0</b> others
</small>
</div>
</div>
</div>
</div>
<div class="col-md-6">
<div class="card">
<div class="card-header">
<h6 class="card-title">Log events</h6>
</div>
<div class="card-body">
<div class="">
<canvas id='events-analysis' width='115' height='90'></canvas>
</div>
</div>
<div class="card-footer">
<div><small data-tooltip='9%'><b>18</b> events passed</small></div>
<div>
<small data-tooltip='17%'><b>35</b> events failed,
<b data-tooltip='%'>144</b> others
</small>
</div>
</div>
</div>
</div>
</div>
<div class="row"><div class="col-md-12">
<div class="card"><div class="card-header"><p>Timeline</p></div>
<div class="card-body pt-0"><div>
<canvas id="timeline" height="120"></canvas>
</div></div>
</div>
</div></div>
<script>
var timeline = {
"TC_appregistration_negativeflow_Teacher_2":9.573,"TC_appregistration_negativeflow_Teacher_1":8.918,"TC_appregistration_negativeflow_Teacher_3":5.937,"TC_appregistration_negativeflow_Teacher_4":6.076,"TC_appregistration_negativeflow_Teacher_5":12.498,"TC_appregistration_negativeflow_Teacher_6":4.917,"TC_appregistration_negativeflow_Teacher_7":11.737,"TC_appregistration_negativeflow_Teacher_8":3.461,"TC_appregistration_negativeflow_Teacher_9":5.601,"TC_appregistration_negativeflow_Teacher_10":4.134,"TC_appregistration_negativeflow_Teacher_11":4.338,"TC_appregistration_negativeflow_Teacher_12":4.644,"TC_appregistration_negativeflow_Teacher_14":9.588,"TC_appregistration_negativeflow_Student_2":8.993,"TC_appregistration_negativeflow_Student_6":3.731,"TC_appregistration_positiveflow_Teacher":31.152,"TC_appregistration_positiveflow_MusicSchool":94.337,"TC_appregistration_positiveflow_Student":31.147,"TC_appregistration_positiveflow_Parent":30.508
};
</script>
<div class="row">
</div>
</div>
<script>
var statusGroup = {
parentCount: 5,
passParent: 7,
failParent: 12,
warningParent: 0,
skipParent: 0,
childCount: 5,
passChild: 0,
failChild: 0,
warningChild: 0,
skipChild: 0,
infoChild: 0,
grandChildCount: 5,
passGrandChild: 0,
failGrandChild: 0,
warningGrandChild: 0,
skipGrandChild: 0,
infoGrandChild: 0,
eventsCount: 5,
passEvents: 18,
failEvents: 35,
warningEvents: 0,
skipEvents: 0,
infoEvents: 144
};
</script>        </div>
      </div>
    </div>
  </div>
<script src="https://cdn.jsdelivr.net/gh/extent-framework/extent-github-cdn@d6562a79075e061305ccfdb82f01e5e195e2d307/spark/js/spark-script.js"></script>
<script type="text/javascript"></script></body>
</html>