

<!DOCTYPE html>
<html>
<head>
<meta charset="UTF-8">
<meta name="viewport" content="width=device-width, initial-scale=1, shrink-to-fit=no">
<title>Mousiki Automation</title>
<link rel="apple-touch-icon" href="https://cdn.jsdelivr.net/gh/extent-framework/extent-github-cdn@b00a2d0486596e73dd7326beacf352c639623a0e/commons/img/logo.png">
<link rel="shortcut icon" href="https://cdn.jsdelivr.net/gh/extent-framework/extent-github-cdn@b00a2d0486596e73dd7326beacf352c639623a0e/commons/img/logo.png">
<link href="https://cdn.jsdelivr.net/gh/extent-framework/extent-github-cdn@d6562a79075e061305ccfdb82f01e5e195e2d307/spark/css/spark-style.css" rel="stylesheet" />
<link href="https://stackpath.bootstrapcdn.com/font-awesome/4.7.0/css/font-awesome.min.css" rel="stylesheet">
<script src="https://cdn.rawgit.com/extent-framework/extent-github-cdn/7cc78ce/spark/js/jsontree.js"></script>
<style type="text/css"></style></head><body class="spa -report dark">
  <div class="app">
    <div class="layout">
<div class="header navbar">
<div class="vheader">
<div class="nav-logo">
<a href="#">
<div class="logo" style="background-image: url('https://cdn.jsdelivr.net/gh/extent-framework/extent-github-cdn@b00a2d0486596e73dd7326beacf352c639623a0e/commons/img/logo.png')"></div>
</a>
</div>
<ul class="nav-left">
<li class="search-box">
<a class="search-toggle" href="#">
<i class="search-icon fa fa-search"></i>
<i class="search-icon-close fa fa-close"></i>
</a>
</li>
<li class="search-input"><input id="search-tests" class="form-control" type="text" placeholder="Search..."></li>
</ul>
<ul class="nav-right">
<li class="m-r-10">
<a href="#"><span class="badge badge-primary"></span></a>
</li>
<li class="m-r-10">
<a href="#"><span class="badge badge-primary">Sep 23, 2021 12:35:56 AM</span></a>
</li>
</ul>
</div>
</div><div class="side-nav">
<div class="side-nav-inner">
<ul class="side-nav-menu">
<li class="nav-item dropdown" onclick="toggleView('test-view')">
<a id="nav-test" class="dropdown-toggle" href="#">
<span class="ico"><i class="fa fa-list"></i></span>
</a>
</li>
<li class="nav-item dropdown" onclick="toggleView('dashboard-view')">
<a id="nav-dashboard" class="dropdown-toggle" href="#">
<span class="ico"><i class="fa fa-bar-chart"></i></span>
</a>
</li>
</ul>
</div>
</div>      <div class="vcontainer">
        <div class="main-content">
<div class="test-wrapper row view test-view">
  <div class="test-list">
    <div class="test-list-tools">
<ul class="tools pull-left">
<li><a href="#"><span class="font-size-14">Tests</span></a></li>
</ul>
<ul class="tools text-right">
<li class="dropdown">
<a href="#" class="dropdown-toggle" data-toggle="dropdown"><i class="fa fa-exclamation-circle"></i></a>
<ul id="status-toggle" class="dropdown-menu dropdown-md p-v-0">
<a class="dropdown-item" status="fail" href="#"><span>Fail</span><span class="status danger"></span></a>
<div class="dropdown-divider"></div>
<a status="clear" class="dropdown-item" href="#"><span>Clear</span><span class="pull-right"><i class="fa fa-close"></i></span></a>
</ul>
</li>
</ul>
</div>    <div class="test-list-wrapper scrollable">
      <ul class="test-list-item">
        <li class="test-item"  status="fail" test-id="1"
          author=""
          tag=""
          device="">
          <div class="test-detail">
            <p class="name">TC_appregistration_positiveflow_MusicSchool</p>
            <p class="text-sm">
              <span>12:36:05 AM</span> / <span>00:01:35:494</span>
              <span class="badge fail-bg log float-right">Fail</span>
            </p>
          </div>
          <div class="test-contents d-none">
<div class="detail-head">
<div class="p-v-10">
<div class="info">
<h5 class="test-status text-fail">TC_appregistration_positiveflow_MusicSchool</h5>
<span class='badge badge-success'>09.23.2021 12:36:05 AM</span>
<span class='badge badge-danger'>09.23.2021 12:37:41 AM</span>
<span class='badge badge-default'>00:01:35:494</span>
&middot; <span class='uri-anchor badge badge-default'>#test-id=1</span>
<span class='badge badge-default pointer float-right ml-1 et'><i class="fa fa-chevron-down"></i></span>
<span class='badge badge-default pointer float-right ct'><i class="fa fa-chevron-up"></i></span>
</div>
</div>
</div>    <div class="row mb-3"><div class="col-md-3">
<img data-featherlight='C:\gitRepo\app\Selenium_Framework_Mousiki\screenshots\RUN_23_09_2021_12_36_11.png' src="C:\gitRepo\app\Selenium_Framework_Mousiki\screenshots\RUN_23_09_2021_12_36_11.png">
    <div class="title">Registration</div>
    </div></div>
    <div class="row mb-3"><div class="col-md-3">
<img data-featherlight='C:\gitRepo\app\Selenium_Framework_Mousiki\screenshots\RUN_23_09_2021_12_36_16.png' src="C:\gitRepo\app\Selenium_Framework_Mousiki\screenshots\RUN_23_09_2021_12_36_16.png">
    <div class="title">Registration confirmation</div>
    </div></div>
    <div class="row mb-3"><div class="col-md-3">
<img data-featherlight='C:\gitRepo\app\Selenium_Framework_Mousiki\screenshots\RUN_23_09_2021_12_36_17.png' src="C:\gitRepo\app\Selenium_Framework_Mousiki\screenshots\RUN_23_09_2021_12_36_17.png">
    <div class="title">Enter text fail</div>
    </div></div>
    <div class="row mb-3"><div class="col-md-3">
<img data-featherlight='C:\gitRepo\app\Selenium_Framework_Mousiki\screenshots\RUN_23_09_2021_12_36_17.png' src="C:\gitRepo\app\Selenium_Framework_Mousiki\screenshots\RUN_23_09_2021_12_36_17.png">
    <div class="title">Enter text fail</div>
    </div></div>
    <div class="row mb-3"><div class="col-md-3">
<img data-featherlight='C:\gitRepo\app\Selenium_Framework_Mousiki\screenshots\RUN_23_09_2021_12_36_37.png' src="C:\gitRepo\app\Selenium_Framework_Mousiki\screenshots\RUN_23_09_2021_12_36_37.png">
    <div class="title">Login</div>
    </div></div>
    <div class="row mb-3"><div class="col-md-3">
<img data-featherlight='C:\gitRepo\app\Selenium_Framework_Mousiki\screenshots\RUN_23_09_2021_12_36_38.png' src="C:\gitRepo\app\Selenium_Framework_Mousiki\screenshots\RUN_23_09_2021_12_36_38.png">
    <div class="title">Click fail</div>
    </div></div>
    <div class="row mb-3"><div class="col-md-3">
<img data-featherlight='C:\gitRepo\app\Selenium_Framework_Mousiki\screenshots\RUN_23_09_2021_12_36_38.png' src="C:\gitRepo\app\Selenium_Framework_Mousiki\screenshots\RUN_23_09_2021_12_36_38.png">
    <div class="title">Enter text fail</div>
    </div></div>
    <div class="row mb-3"><div class="col-md-3">
<img data-featherlight='C:\gitRepo\app\Selenium_Framework_Mousiki\screenshots\RUN_23_09_2021_12_36_38.png' src="C:\gitRepo\app\Selenium_Framework_Mousiki\screenshots\RUN_23_09_2021_12_36_38.png">
    <div class="title">Enter text fail</div>
    </div></div>
    <div class="row mb-3"><div class="col-md-3">
<img data-featherlight='C:\gitRepo\app\Selenium_Framework_Mousiki\screenshots\RUN_23_09_2021_12_36_38.png' src="C:\gitRepo\app\Selenium_Framework_Mousiki\screenshots\RUN_23_09_2021_12_36_38.png">
    <div class="title">Enter text fail</div>
    </div></div>
    <div class="row mb-3"><div class="col-md-3">
<img data-featherlight='C:\gitRepo\app\Selenium_Framework_Mousiki\screenshots\RUN_23_09_2021_12_36_38.png' src="C:\gitRepo\app\Selenium_Framework_Mousiki\screenshots\RUN_23_09_2021_12_36_38.png">
    <div class="title">Enter text fail</div>
    </div></div>
    <div class="row mb-3"><div class="col-md-3">
<img data-featherlight='C:\gitRepo\app\Selenium_Framework_Mousiki\screenshots\RUN_23_09_2021_12_36_38.png' src="C:\gitRepo\app\Selenium_Framework_Mousiki\screenshots\RUN_23_09_2021_12_36_38.png">
    <div class="title">Enter text fail</div>
    </div></div>
    <div class="row mb-3"><div class="col-md-3">
<img data-featherlight='C:\gitRepo\app\Selenium_Framework_Mousiki\screenshots\RUN_23_09_2021_12_36_39.png' src="C:\gitRepo\app\Selenium_Framework_Mousiki\screenshots\RUN_23_09_2021_12_36_39.png">
    <div class="title">Enter text fail</div>
    </div></div>
    <div class="row mb-3"><div class="col-md-3">
<img data-featherlight='C:\gitRepo\app\Selenium_Framework_Mousiki\screenshots\RUN_23_09_2021_12_36_39.png' src="C:\gitRepo\app\Selenium_Framework_Mousiki\screenshots\RUN_23_09_2021_12_36_39.png">
    <div class="title">Enter text fail</div>
    </div></div>
    <div class="row mb-3"><div class="col-md-3">
<img data-featherlight='C:\gitRepo\app\Selenium_Framework_Mousiki\screenshots\RUN_23_09_2021_12_36_39.png' src="C:\gitRepo\app\Selenium_Framework_Mousiki\screenshots\RUN_23_09_2021_12_36_39.png">
    <div class="title">Enter text fail</div>
    </div></div>
    <div class="row mb-3"><div class="col-md-3">
<img data-featherlight='C:\gitRepo\app\Selenium_Framework_Mousiki\screenshots\RUN_23_09_2021_12_36_39.png' src="C:\gitRepo\app\Selenium_Framework_Mousiki\screenshots\RUN_23_09_2021_12_36_39.png">
    <div class="title">Enter text fail</div>
    </div></div>
    <div class="row mb-3"><div class="col-md-3">
<img data-featherlight='C:\gitRepo\app\Selenium_Framework_Mousiki\screenshots\RUN_23_09_2021_12_36_39.png' src="C:\gitRepo\app\Selenium_Framework_Mousiki\screenshots\RUN_23_09_2021_12_36_39.png">
    <div class="title">Click fail</div>
    </div></div>
    <div class="row mb-3"><div class="col-md-3">
<img data-featherlight='C:\gitRepo\app\Selenium_Framework_Mousiki\screenshots\RUN_23_09_2021_12_36_50.png' src="C:\gitRepo\app\Selenium_Framework_Mousiki\screenshots\RUN_23_09_2021_12_36_50.png">
    <div class="title">Click fail</div>
    </div></div>
    <div class="row mb-3"><div class="col-md-3">
<img data-featherlight='C:\gitRepo\app\Selenium_Framework_Mousiki\screenshots\RUN_23_09_2021_12_36_50.png' src="C:\gitRepo\app\Selenium_Framework_Mousiki\screenshots\RUN_23_09_2021_12_36_50.png">
    <div class="title">Click fail</div>
    </div></div>
    <div class="row mb-3"><div class="col-md-3">
<img data-featherlight='C:\gitRepo\app\Selenium_Framework_Mousiki\screenshots\RUN_23_09_2021_12_37_20.png' src="C:\gitRepo\app\Selenium_Framework_Mousiki\screenshots\RUN_23_09_2021_12_37_20.png">
    <div class="title">First login confirmation</div>
    </div></div>
    <div class="row mb-3"><div class="col-md-3">
<img data-featherlight='C:\gitRepo\app\Selenium_Framework_Mousiki\screenshots\RUN_23_09_2021_12_37_41.png' src="C:\gitRepo\app\Selenium_Framework_Mousiki\screenshots\RUN_23_09_2021_12_37_41.png">
    <div class="title">Click fail</div>
    </div></div>
<div class="detail-body mt-4">
<table class="table table-sm">
  <thead><tr><th class="status-col">Status</th><th class="timestamp-col">Timestamp</th><th class="details-col">Details</th></tr></thead>
  <tbody>
      <tr class="event-row">
        <td><span class="badge log info-bg">Info</span></td>
        <td>12:36:06 AM</td>
        <td>
          Sign Upclicked successfully
        </td>
      </tr>
      <tr class="event-row">
        <td><span class="badge log info-bg">Info</span></td>
        <td>12:36:06 AM</td>
        <td>
          We're Music Schoolclicked successfully
        </td>
      </tr>
      <tr class="event-row">
        <td><span class="badge log info-bg">Info</span></td>
        <td>12:36:07 AM</td>
        <td>
          First Nameentered successfully
        </td>
      </tr>
      <tr class="event-row">
        <td><span class="badge log info-bg">Info</span></td>
        <td>12:36:07 AM</td>
        <td>
          Last Nameentered successfully
        </td>
      </tr>
      <tr class="event-row">
        <td><span class="badge log info-bg">Info</span></td>
        <td>12:36:07 AM</td>
        <td>
          Emailentered successfully
        </td>
      </tr>
      <tr class="event-row">
        <td><span class="badge log info-bg">Info</span></td>
        <td>12:36:08 AM</td>
        <td>
          Passwordentered successfully
        </td>
      </tr>
      <tr class="event-row">
        <td><span class="badge log pass-bg">Pass</span></td>
        <td>12:36:11 AM</td>
        <td>
          Registration completed sucessfully
        </td>
      </tr>
      <tr class="event-row">
        <td><span class="badge log pass-bg">Pass</span></td>
        <td>12:36:16 AM</td>
        <td>
          Registration confirmated sucessfully, Username:2dfDhlzgNy@gmail.com password:Sgidfn345@
        </td>
      </tr>
      <tr class="event-row">
        <td><span class="badge log info-bg">Info</span></td>
        <td>12:36:17 AM</td>
        <td>
          Login after register confirmationclicked successfully
        </td>
      </tr>
      <tr class="event-row">
        <td><span class="badge log fail-bg">Fail</span></td>
        <td>12:36:17 AM</td>
        <td>
          An exception occured while enter for element UserName Exeception:org.openqa.selenium.NoSuchElementException: no such element: Unable to locate element: {"method":"xpath","selector":"//*[@id='username']"}
  (Session info: chrome=93.0.4577.82)
For documentation on this error, please visit: http://seleniumhq.org/exceptions/no_such_element.html
Build info: version: '3.141.5', revision: 'd54ebd709a', time: '2018-11-06T11:42:16'
System info: host: 'LAPTOP-DL44I5GH', ip: '192.168.1.17', os.name: 'Windows 10', os.arch: 'amd64', os.version: '10.0', java.version: '1.8.0_301'
Driver info: org.openqa.selenium.chrome.ChromeDriver
Capabilities {acceptInsecureCerts: false, browserName: chrome, browserVersion: 93.0.4577.82, chrome: {chromedriverVersion: 93.0.4577.63 (ff5c0da2ec0ad..., userDataDir: C:\Users\USER\AppData\Local...}, goog:chromeOptions: {debuggerAddress: localhost:64297}, javascriptEnabled: true, networkConnectionEnabled: false, pageLoadStrategy: normal, platform: WINDOWS, platformName: WINDOWS, proxy: Proxy(), setWindowRect: true, strictFileInteractability: false, timeouts: {implicit: 0, pageLoad: 300000, script: 30000}, unhandledPromptBehavior: dismiss and notify, webauthn:extension:credBlob: true, webauthn:extension:largeBlob: true, webauthn:virtualAuthenticators: true}
Session ID: 55a431e001da50832484fb9e4ab9268a
*** Element info: {Using=xpath, value=//*[@id='username']}
        </td>
      </tr>
      <tr class="event-row">
        <td><span class="badge log fail-bg">Fail</span></td>
        <td>12:36:17 AM</td>
        <td>
          An exception occured while enter for element Password Exeception:org.openqa.selenium.NoSuchElementException: no such element: Unable to locate element: {"method":"xpath","selector":"//*[@id='password']"}
  (Session info: chrome=93.0.4577.82)
For documentation on this error, please visit: http://seleniumhq.org/exceptions/no_such_element.html
Build info: version: '3.141.5', revision: 'd54ebd709a', time: '2018-11-06T11:42:16'
System info: host: 'LAPTOP-DL44I5GH', ip: '192.168.1.17', os.name: 'Windows 10', os.arch: 'amd64', os.version: '10.0', java.version: '1.8.0_301'
Driver info: org.openqa.selenium.chrome.ChromeDriver
Capabilities {acceptInsecureCerts: false, browserName: chrome, browserVersion: 93.0.4577.82, chrome: {chromedriverVersion: 93.0.4577.63 (ff5c0da2ec0ad..., userDataDir: C:\Users\USER\AppData\Local...}, goog:chromeOptions: {debuggerAddress: localhost:64297}, javascriptEnabled: true, networkConnectionEnabled: false, pageLoadStrategy: normal, platform: WINDOWS, platformName: WINDOWS, proxy: Proxy(), setWindowRect: true, strictFileInteractability: false, timeouts: {implicit: 0, pageLoad: 300000, script: 30000}, unhandledPromptBehavior: dismiss and notify, webauthn:extension:credBlob: true, webauthn:extension:largeBlob: true, webauthn:virtualAuthenticators: true}
Session ID: 55a431e001da50832484fb9e4ab9268a
*** Element info: {Using=xpath, value=//*[@id='password']}
        </td>
      </tr>
      <tr class="event-row">
        <td><span class="badge log info-bg">Info</span></td>
        <td>12:36:17 AM</td>
        <td>
          Log Inclicked successfully
        </td>
      </tr>
      <tr class="event-row">
        <td><span class="badge log pass-bg">Pass</span></td>
        <td>12:36:37 AM</td>
        <td>
          Login completed sucessfully
        </td>
      </tr>
      <tr class="event-row">
        <td><span class="badge log fail-bg">Fail</span></td>
        <td>12:36:38 AM</td>
        <td>
          An exception occured while click for element male radio button Exeception:org.openqa.selenium.NoSuchElementException: no such element: Unable to locate element: {"method":"xpath","selector":"//label[contains(.,'Male')]"}
  (Session info: chrome=93.0.4577.82)
For documentation on this error, please visit: http://seleniumhq.org/exceptions/no_such_element.html
Build info: version: '3.141.5', revision: 'd54ebd709a', time: '2018-11-06T11:42:16'
System info: host: 'LAPTOP-DL44I5GH', ip: '192.168.1.17', os.name: 'Windows 10', os.arch: 'amd64', os.version: '10.0', java.version: '1.8.0_301'
Driver info: org.openqa.selenium.chrome.ChromeDriver
Capabilities {acceptInsecureCerts: false, browserName: chrome, browserVersion: 93.0.4577.82, chrome: {chromedriverVersion: 93.0.4577.63 (ff5c0da2ec0ad..., userDataDir: C:\Users\USER\AppData\Local...}, goog:chromeOptions: {debuggerAddress: localhost:64297}, javascriptEnabled: true, networkConnectionEnabled: false, pageLoadStrategy: normal, platform: WINDOWS, platformName: WINDOWS, proxy: Proxy(), setWindowRect: true, strictFileInteractability: false, timeouts: {implicit: 0, pageLoad: 300000, script: 30000}, unhandledPromptBehavior: dismiss and notify, webauthn:extension:credBlob: true, webauthn:extension:largeBlob: true, webauthn:virtualAuthenticators: true}
Session ID: 55a431e001da50832484fb9e4ab9268a
*** Element info: {Using=xpath, value=//label[contains(.,'Male')]}
        </td>
      </tr>
      <tr class="event-row">
        <td><span class="badge log fail-bg">Fail</span></td>
        <td>12:36:38 AM</td>
        <td>
          An exception occured while enter for element Phone number textbox Exeception:org.openqa.selenium.NoSuchElementException: no such element: Unable to locate element: {"method":"xpath","selector":"//input[@id='phoneNumber']"}
  (Session info: chrome=93.0.4577.82)
For documentation on this error, please visit: http://seleniumhq.org/exceptions/no_such_element.html
Build info: version: '3.141.5', revision: 'd54ebd709a', time: '2018-11-06T11:42:16'
System info: host: 'LAPTOP-DL44I5GH', ip: '192.168.1.17', os.name: 'Windows 10', os.arch: 'amd64', os.version: '10.0', java.version: '1.8.0_301'
Driver info: org.openqa.selenium.chrome.ChromeDriver
Capabilities {acceptInsecureCerts: false, browserName: chrome, browserVersion: 93.0.4577.82, chrome: {chromedriverVersion: 93.0.4577.63 (ff5c0da2ec0ad..., userDataDir: C:\Users\USER\AppData\Local...}, goog:chromeOptions: {debuggerAddress: localhost:64297}, javascriptEnabled: true, networkConnectionEnabled: false, pageLoadStrategy: normal, platform: WINDOWS, platformName: WINDOWS, proxy: Proxy(), setWindowRect: true, strictFileInteractability: false, timeouts: {implicit: 0, pageLoad: 300000, script: 30000}, unhandledPromptBehavior: dismiss and notify, webauthn:extension:credBlob: true, webauthn:extension:largeBlob: true, webauthn:virtualAuthenticators: true}
Session ID: 55a431e001da50832484fb9e4ab9268a
*** Element info: {Using=xpath, value=//input[@id='phoneNumber']}
        </td>
      </tr>
      <tr class="event-row">
        <td><span class="badge log fail-bg">Fail</span></td>
        <td>12:36:38 AM</td>
        <td>
          An exception occured while enter for element date of birth textbox Exeception:org.openqa.selenium.NoSuchElementException: no such element: Unable to locate element: {"method":"xpath","selector":"//input[@id='dateOfBirth']"}
  (Session info: chrome=93.0.4577.82)
For documentation on this error, please visit: http://seleniumhq.org/exceptions/no_such_element.html
Build info: version: '3.141.5', revision: 'd54ebd709a', time: '2018-11-06T11:42:16'
System info: host: 'LAPTOP-DL44I5GH', ip: '192.168.1.17', os.name: 'Windows 10', os.arch: 'amd64', os.version: '10.0', java.version: '1.8.0_301'
Driver info: org.openqa.selenium.chrome.ChromeDriver
Capabilities {acceptInsecureCerts: false, browserName: chrome, browserVersion: 93.0.4577.82, chrome: {chromedriverVersion: 93.0.4577.63 (ff5c0da2ec0ad..., userDataDir: C:\Users\USER\AppData\Local...}, goog:chromeOptions: {debuggerAddress: localhost:64297}, javascriptEnabled: true, networkConnectionEnabled: false, pageLoadStrategy: normal, platform: WINDOWS, platformName: WINDOWS, proxy: Proxy(), setWindowRect: true, strictFileInteractability: false, timeouts: {implicit: 0, pageLoad: 300000, script: 30000}, unhandledPromptBehavior: dismiss and notify, webauthn:extension:credBlob: true, webauthn:extension:largeBlob: true, webauthn:virtualAuthenticators: true}
Session ID: 55a431e001da50832484fb9e4ab9268a
*** Element info: {Using=xpath, value=//input[@id='dateOfBirth']}
        </td>
      </tr>
      <tr class="event-row">
        <td><span class="badge log fail-bg">Fail</span></td>
        <td>12:36:38 AM</td>
        <td>
          An exception occured while enter for element profile picture upload Exeception:org.openqa.selenium.NoSuchElementException: no such element: Unable to locate element: {"method":"xpath","selector":"//input[@placeholder='Upload your file']"}
  (Session info: chrome=93.0.4577.82)
For documentation on this error, please visit: http://seleniumhq.org/exceptions/no_such_element.html
Build info: version: '3.141.5', revision: 'd54ebd709a', time: '2018-11-06T11:42:16'
System info: host: 'LAPTOP-DL44I5GH', ip: '192.168.1.17', os.name: 'Windows 10', os.arch: 'amd64', os.version: '10.0', java.version: '1.8.0_301'
Driver info: org.openqa.selenium.chrome.ChromeDriver
Capabilities {acceptInsecureCerts: false, browserName: chrome, browserVersion: 93.0.4577.82, chrome: {chromedriverVersion: 93.0.4577.63 (ff5c0da2ec0ad..., userDataDir: C:\Users\USER\AppData\Local...}, goog:chromeOptions: {debuggerAddress: localhost:64297}, javascriptEnabled: true, networkConnectionEnabled: false, pageLoadStrategy: normal, platform: WINDOWS, platformName: WINDOWS, proxy: Proxy(), setWindowRect: true, strictFileInteractability: false, timeouts: {implicit: 0, pageLoad: 300000, script: 30000}, unhandledPromptBehavior: dismiss and notify, webauthn:extension:credBlob: true, webauthn:extension:largeBlob: true, webauthn:virtualAuthenticators: true}
Session ID: 55a431e001da50832484fb9e4ab9268a
*** Element info: {Using=xpath, value=//input[@placeholder='Upload your file']}
        </td>
      </tr>
      <tr class="event-row">
        <td><span class="badge log fail-bg">Fail</span></td>
        <td>12:36:38 AM</td>
        <td>
          An exception occured while enter for element school name textbox Exeception:org.openqa.selenium.NoSuchElementException: no such element: Unable to locate element: {"method":"xpath","selector":"//input[@id='name']"}
  (Session info: chrome=93.0.4577.82)
For documentation on this error, please visit: http://seleniumhq.org/exceptions/no_such_element.html
Build info: version: '3.141.5', revision: 'd54ebd709a', time: '2018-11-06T11:42:16'
System info: host: 'LAPTOP-DL44I5GH', ip: '192.168.1.17', os.name: 'Windows 10', os.arch: 'amd64', os.version: '10.0', java.version: '1.8.0_301'
Driver info: org.openqa.selenium.chrome.ChromeDriver
Capabilities {acceptInsecureCerts: false, browserName: chrome, browserVersion: 93.0.4577.82, chrome: {chromedriverVersion: 93.0.4577.63 (ff5c0da2ec0ad..., userDataDir: C:\Users\USER\AppData\Local...}, goog:chromeOptions: {debuggerAddress: localhost:64297}, javascriptEnabled: true, networkConnectionEnabled: false, pageLoadStrategy: normal, platform: WINDOWS, platformName: WINDOWS, proxy: Proxy(), setWindowRect: true, strictFileInteractability: false, timeouts: {implicit: 0, pageLoad: 300000, script: 30000}, unhandledPromptBehavior: dismiss and notify, webauthn:extension:credBlob: true, webauthn:extension:largeBlob: true, webauthn:virtualAuthenticators: true}
Session ID: 55a431e001da50832484fb9e4ab9268a
*** Element info: {Using=xpath, value=//input[@id='name']}
        </td>
      </tr>
      <tr class="event-row">
        <td><span class="badge log fail-bg">Fail</span></td>
        <td>12:36:38 AM</td>
        <td>
          An exception occured while enter for element address1 textbox Exeception:org.openqa.selenium.NoSuchElementException: no such element: Unable to locate element: {"method":"xpath","selector":"//input[@id='address1']"}
  (Session info: chrome=93.0.4577.82)
For documentation on this error, please visit: http://seleniumhq.org/exceptions/no_such_element.html
Build info: version: '3.141.5', revision: 'd54ebd709a', time: '2018-11-06T11:42:16'
System info: host: 'LAPTOP-DL44I5GH', ip: '192.168.1.17', os.name: 'Windows 10', os.arch: 'amd64', os.version: '10.0', java.version: '1.8.0_301'
Driver info: org.openqa.selenium.chrome.ChromeDriver
Capabilities {acceptInsecureCerts: false, browserName: chrome, browserVersion: 93.0.4577.82, chrome: {chromedriverVersion: 93.0.4577.63 (ff5c0da2ec0ad..., userDataDir: C:\Users\USER\AppData\Local...}, goog:chromeOptions: {debuggerAddress: localhost:64297}, javascriptEnabled: true, networkConnectionEnabled: false, pageLoadStrategy: normal, platform: WINDOWS, platformName: WINDOWS, proxy: Proxy(), setWindowRect: true, strictFileInteractability: false, timeouts: {implicit: 0, pageLoad: 300000, script: 30000}, unhandledPromptBehavior: dismiss and notify, webauthn:extension:credBlob: true, webauthn:extension:largeBlob: true, webauthn:virtualAuthenticators: true}
Session ID: 55a431e001da50832484fb9e4ab9268a
*** Element info: {Using=xpath, value=//input[@id='address1']}
        </td>
      </tr>
      <tr class="event-row">
        <td><span class="badge log fail-bg">Fail</span></td>
        <td>12:36:39 AM</td>
        <td>
          An exception occured while enter for element address2 textbox Exeception:org.openqa.selenium.NoSuchElementException: no such element: Unable to locate element: {"method":"xpath","selector":"//input[@id='address2']"}
  (Session info: chrome=93.0.4577.82)
For documentation on this error, please visit: http://seleniumhq.org/exceptions/no_such_element.html
Build info: version: '3.141.5', revision: 'd54ebd709a', time: '2018-11-06T11:42:16'
System info: host: 'LAPTOP-DL44I5GH', ip: '192.168.1.17', os.name: 'Windows 10', os.arch: 'amd64', os.version: '10.0', java.version: '1.8.0_301'
Driver info: org.openqa.selenium.chrome.ChromeDriver
Capabilities {acceptInsecureCerts: false, browserName: chrome, browserVersion: 93.0.4577.82, chrome: {chromedriverVersion: 93.0.4577.63 (ff5c0da2ec0ad..., userDataDir: C:\Users\USER\AppData\Local...}, goog:chromeOptions: {debuggerAddress: localhost:64297}, javascriptEnabled: true, networkConnectionEnabled: false, pageLoadStrategy: normal, platform: WINDOWS, platformName: WINDOWS, proxy: Proxy(), setWindowRect: true, strictFileInteractability: false, timeouts: {implicit: 0, pageLoad: 300000, script: 30000}, unhandledPromptBehavior: dismiss and notify, webauthn:extension:credBlob: true, webauthn:extension:largeBlob: true, webauthn:virtualAuthenticators: true}
Session ID: 55a431e001da50832484fb9e4ab9268a
*** Element info: {Using=xpath, value=//input[@id='address2']}
        </td>
      </tr>
      <tr class="event-row">
        <td><span class="badge log fail-bg">Fail</span></td>
        <td>12:36:39 AM</td>
        <td>
          An exception occured while enter for element city textbox Exeception:org.openqa.selenium.NoSuchElementException: no such element: Unable to locate element: {"method":"xpath","selector":"//input[@id='city']"}
  (Session info: chrome=93.0.4577.82)
For documentation on this error, please visit: http://seleniumhq.org/exceptions/no_such_element.html
Build info: version: '3.141.5', revision: 'd54ebd709a', time: '2018-11-06T11:42:16'
System info: host: 'LAPTOP-DL44I5GH', ip: '192.168.1.17', os.name: 'Windows 10', os.arch: 'amd64', os.version: '10.0', java.version: '1.8.0_301'
Driver info: org.openqa.selenium.chrome.ChromeDriver
Capabilities {acceptInsecureCerts: false, browserName: chrome, browserVersion: 93.0.4577.82, chrome: {chromedriverVersion: 93.0.4577.63 (ff5c0da2ec0ad..., userDataDir: C:\Users\USER\AppData\Local...}, goog:chromeOptions: {debuggerAddress: localhost:64297}, javascriptEnabled: true, networkConnectionEnabled: false, pageLoadStrategy: normal, platform: WINDOWS, platformName: WINDOWS, proxy: Proxy(), setWindowRect: true, strictFileInteractability: false, timeouts: {implicit: 0, pageLoad: 300000, script: 30000}, unhandledPromptBehavior: dismiss and notify, webauthn:extension:credBlob: true, webauthn:extension:largeBlob: true, webauthn:virtualAuthenticators: true}
Session ID: 55a431e001da50832484fb9e4ab9268a
*** Element info: {Using=xpath, value=//input[@id='city']}
        </td>
      </tr>
      <tr class="event-row">
        <td><span class="badge log fail-bg">Fail</span></td>
        <td>12:36:39 AM</td>
        <td>
          An exception occured while enter for element state textbox Exeception:org.openqa.selenium.NoSuchElementException: no such element: Unable to locate element: {"method":"xpath","selector":"//input[@id='state']"}
  (Session info: chrome=93.0.4577.82)
For documentation on this error, please visit: http://seleniumhq.org/exceptions/no_such_element.html
Build info: version: '3.141.5', revision: 'd54ebd709a', time: '2018-11-06T11:42:16'
System info: host: 'LAPTOP-DL44I5GH', ip: '192.168.1.17', os.name: 'Windows 10', os.arch: 'amd64', os.version: '10.0', java.version: '1.8.0_301'
Driver info: org.openqa.selenium.chrome.ChromeDriver
Capabilities {acceptInsecureCerts: false, browserName: chrome, browserVersion: 93.0.4577.82, chrome: {chromedriverVersion: 93.0.4577.63 (ff5c0da2ec0ad..., userDataDir: C:\Users\USER\AppData\Local...}, goog:chromeOptions: {debuggerAddress: localhost:64297}, javascriptEnabled: true, networkConnectionEnabled: false, pageLoadStrategy: normal, platform: WINDOWS, platformName: WINDOWS, proxy: Proxy(), setWindowRect: true, strictFileInteractability: false, timeouts: {implicit: 0, pageLoad: 300000, script: 30000}, unhandledPromptBehavior: dismiss and notify, webauthn:extension:credBlob: true, webauthn:extension:largeBlob: true, webauthn:virtualAuthenticators: true}
Session ID: 55a431e001da50832484fb9e4ab9268a
*** Element info: {Using=xpath, value=//input[@id='state']}
        </td>
      </tr>
      <tr class="event-row">
        <td><span class="badge log fail-bg">Fail</span></td>
        <td>12:36:39 AM</td>
        <td>
          An exception occured while enter for element Pincode textbox Exeception:org.openqa.selenium.NoSuchElementException: no such element: Unable to locate element: {"method":"xpath","selector":"//input[@id='cityPincode']"}
  (Session info: chrome=93.0.4577.82)
For documentation on this error, please visit: http://seleniumhq.org/exceptions/no_such_element.html
Build info: version: '3.141.5', revision: 'd54ebd709a', time: '2018-11-06T11:42:16'
System info: host: 'LAPTOP-DL44I5GH', ip: '192.168.1.17', os.name: 'Windows 10', os.arch: 'amd64', os.version: '10.0', java.version: '1.8.0_301'
Driver info: org.openqa.selenium.chrome.ChromeDriver
Capabilities {acceptInsecureCerts: false, browserName: chrome, browserVersion: 93.0.4577.82, chrome: {chromedriverVersion: 93.0.4577.63 (ff5c0da2ec0ad..., userDataDir: C:\Users\USER\AppData\Local...}, goog:chromeOptions: {debuggerAddress: localhost:64297}, javascriptEnabled: true, networkConnectionEnabled: false, pageLoadStrategy: normal, platform: WINDOWS, platformName: WINDOWS, proxy: Proxy(), setWindowRect: true, strictFileInteractability: false, timeouts: {implicit: 0, pageLoad: 300000, script: 30000}, unhandledPromptBehavior: dismiss and notify, webauthn:extension:credBlob: true, webauthn:extension:largeBlob: true, webauthn:virtualAuthenticators: true}
Session ID: 55a431e001da50832484fb9e4ab9268a
*** Element info: {Using=xpath, value=//input[@id='cityPincode']}
        </td>
      </tr>
      <tr class="event-row">
        <td><span class="badge log fail-bg">Fail</span></td>
        <td>12:36:39 AM</td>
        <td>
          An exception occured while click for element enable notification checkbox Exeception:org.openqa.selenium.NoSuchElementException: no such element: Unable to locate element: {"method":"xpath","selector":"//input[@id='pushNotificationPreference']/following-sibling::label[1]"}
  (Session info: chrome=93.0.4577.82)
For documentation on this error, please visit: http://seleniumhq.org/exceptions/no_such_element.html
Build info: version: '3.141.5', revision: 'd54ebd709a', time: '2018-11-06T11:42:16'
System info: host: 'LAPTOP-DL44I5GH', ip: '192.168.1.17', os.name: 'Windows 10', os.arch: 'amd64', os.version: '10.0', java.version: '1.8.0_301'
Driver info: org.openqa.selenium.chrome.ChromeDriver
Capabilities {acceptInsecureCerts: false, browserName: chrome, browserVersion: 93.0.4577.82, chrome: {chromedriverVersion: 93.0.4577.63 (ff5c0da2ec0ad..., userDataDir: C:\Users\USER\AppData\Local...}, goog:chromeOptions: {debuggerAddress: localhost:64297}, javascriptEnabled: true, networkConnectionEnabled: false, pageLoadStrategy: normal, platform: WINDOWS, platformName: WINDOWS, proxy: Proxy(), setWindowRect: true, strictFileInteractability: false, timeouts: {implicit: 0, pageLoad: 300000, script: 30000}, unhandledPromptBehavior: dismiss and notify, webauthn:extension:credBlob: true, webauthn:extension:largeBlob: true, webauthn:virtualAuthenticators: true}
Session ID: 55a431e001da50832484fb9e4ab9268a
*** Element info: {Using=xpath, value=//input[@id='pushNotificationPreference']/following-sibling::label[1]}
        </td>
      </tr>
      <tr class="event-row">
        <td><span class="badge log fail-bg">Fail</span></td>
        <td>12:36:50 AM</td>
        <td>
          An exception occured while click for element Accept terms and conditions checkbox Exeception:org.openqa.selenium.NoSuchElementException: no such element: Unable to locate element: {"method":"xpath","selector":"//input[@id='termsandconditions']/following-sibling::label[1]"}
  (Session info: chrome=93.0.4577.82)
For documentation on this error, please visit: http://seleniumhq.org/exceptions/no_such_element.html
Build info: version: '3.141.5', revision: 'd54ebd709a', time: '2018-11-06T11:42:16'
System info: host: 'LAPTOP-DL44I5GH', ip: '192.168.1.17', os.name: 'Windows 10', os.arch: 'amd64', os.version: '10.0', java.version: '1.8.0_301'
Driver info: org.openqa.selenium.chrome.ChromeDriver
Capabilities {acceptInsecureCerts: false, browserName: chrome, browserVersion: 93.0.4577.82, chrome: {chromedriverVersion: 93.0.4577.63 (ff5c0da2ec0ad..., userDataDir: C:\Users\USER\AppData\Local...}, goog:chromeOptions: {debuggerAddress: localhost:64297}, javascriptEnabled: true, networkConnectionEnabled: false, pageLoadStrategy: normal, platform: WINDOWS, platformName: WINDOWS, proxy: Proxy(), setWindowRect: true, strictFileInteractability: false, timeouts: {implicit: 0, pageLoad: 300000, script: 30000}, unhandledPromptBehavior: dismiss and notify, webauthn:extension:credBlob: true, webauthn:extension:largeBlob: true, webauthn:virtualAuthenticators: true}
Session ID: 55a431e001da50832484fb9e4ab9268a
*** Element info: {Using=xpath, value=//input[@id='termsandconditions']/following-sibling::label[1]}
        </td>
      </tr>
      <tr class="event-row">
        <td><span class="badge log fail-bg">Fail</span></td>
        <td>12:36:50 AM</td>
        <td>
          An exception occured while click for element submit button Exeception:org.openqa.selenium.NoSuchElementException: no such element: Unable to locate element: {"method":"xpath","selector":"//button[contains(.,'Submit')]"}
  (Session info: chrome=93.0.4577.82)
For documentation on this error, please visit: http://seleniumhq.org/exceptions/no_such_element.html
Build info: version: '3.141.5', revision: 'd54ebd709a', time: '2018-11-06T11:42:16'
System info: host: 'LAPTOP-DL44I5GH', ip: '192.168.1.17', os.name: 'Windows 10', os.arch: 'amd64', os.version: '10.0', java.version: '1.8.0_301'
Driver info: org.openqa.selenium.chrome.ChromeDriver
Capabilities {acceptInsecureCerts: false, browserName: chrome, browserVersion: 93.0.4577.82, chrome: {chromedriverVersion: 93.0.4577.63 (ff5c0da2ec0ad..., userDataDir: C:\Users\USER\AppData\Local...}, goog:chromeOptions: {debuggerAddress: localhost:64297}, javascriptEnabled: true, networkConnectionEnabled: false, pageLoadStrategy: normal, platform: WINDOWS, platformName: WINDOWS, proxy: Proxy(), setWindowRect: true, strictFileInteractability: false, timeouts: {implicit: 0, pageLoad: 300000, script: 30000}, unhandledPromptBehavior: dismiss and notify, webauthn:extension:credBlob: true, webauthn:extension:largeBlob: true, webauthn:virtualAuthenticators: true}
Session ID: 55a431e001da50832484fb9e4ab9268a
*** Element info: {Using=xpath, value=//button[contains(.,'Submit')]}
        </td>
      </tr>
      <tr class="event-row">
        <td><span class="badge log fail-bg">Fail</span></td>
        <td>12:37:20 AM</td>
        <td>
          First login updation Failed due to error
        </td>
      </tr>
      <tr class="event-row">
        <td><span class="badge log info-bg">Info</span></td>
        <td>12:37:20 AM</td>
        <td>
          firstLogin completed sucessfully
        </td>
      </tr>
      <tr class="event-row">
        <td><span class="badge log fail-bg">Fail</span></td>
        <td>12:37:41 AM</td>
        <td>
          An exception occured while click for element Logout link Exeception:org.openqa.selenium.NoSuchElementException: no such element: Unable to locate element: {"method":"xpath","selector":"//a[contains(.,'Logout')]"}
  (Session info: chrome=93.0.4577.82)
For documentation on this error, please visit: http://seleniumhq.org/exceptions/no_such_element.html
Build info: version: '3.141.5', revision: 'd54ebd709a', time: '2018-11-06T11:42:16'
System info: host: 'LAPTOP-DL44I5GH', ip: '192.168.1.17', os.name: 'Windows 10', os.arch: 'amd64', os.version: '10.0', java.version: '1.8.0_301'
Driver info: org.openqa.selenium.chrome.ChromeDriver
Capabilities {acceptInsecureCerts: false, browserName: chrome, browserVersion: 93.0.4577.82, chrome: {chromedriverVersion: 93.0.4577.63 (ff5c0da2ec0ad..., userDataDir: C:\Users\USER\AppData\Local...}, goog:chromeOptions: {debuggerAddress: localhost:64297}, javascriptEnabled: true, networkConnectionEnabled: false, pageLoadStrategy: normal, platform: WINDOWS, platformName: WINDOWS, proxy: Proxy(), setWindowRect: true, strictFileInteractability: false, timeouts: {implicit: 0, pageLoad: 300000, script: 30000}, unhandledPromptBehavior: dismiss and notify, webauthn:extension:credBlob: true, webauthn:extension:largeBlob: true, webauthn:virtualAuthenticators: true}
Session ID: 55a431e001da50832484fb9e4ab9268a
*** Element info: {Using=xpath, value=//a[contains(.,'Logout')]}
        </td>
      </tr>
  </tbody>
</table>
</div>
          </div>
        </li>
        <li class="test-item"  status="fail" test-id="2"
          author=""
          tag=""
          device="">
          <div class="test-detail">
            <p class="name">TC_appregistration_positiveflow_Teacher</p>
            <p class="text-sm">
              <span>12:37:50 AM</span> / <span>00:00:30:887</span>
              <span class="badge fail-bg log float-right">Fail</span>
            </p>
          </div>
          <div class="test-contents d-none">
<div class="detail-head">
<div class="p-v-10">
<div class="info">
<h5 class="test-status text-fail">TC_appregistration_positiveflow_Teacher</h5>
<span class='badge badge-success'>09.23.2021 12:37:50 AM</span>
<span class='badge badge-danger'>09.23.2021 12:38:20 AM</span>
<span class='badge badge-default'>00:00:30:887</span>
&middot; <span class='uri-anchor badge badge-default'>#test-id=2</span>
<span class='badge badge-default pointer float-right ml-1 et'><i class="fa fa-chevron-down"></i></span>
<span class='badge badge-default pointer float-right ct'><i class="fa fa-chevron-up"></i></span>
</div>
</div>
</div>    <div class="row mb-3"><div class="col-md-3">
<img data-featherlight='C:\gitRepo\app\Selenium_Framework_Mousiki\screenshots\RUN_23_09_2021_12_37_55.png' src="C:\gitRepo\app\Selenium_Framework_Mousiki\screenshots\RUN_23_09_2021_12_37_55.png">
    <div class="title">Registration</div>
    </div></div>
    <div class="row mb-3"><div class="col-md-3">
<img data-featherlight='C:\gitRepo\app\Selenium_Framework_Mousiki\screenshots\RUN_23_09_2021_12_37_59.png' src="C:\gitRepo\app\Selenium_Framework_Mousiki\screenshots\RUN_23_09_2021_12_37_59.png">
    <div class="title">Registration confirmation</div>
    </div></div>
    <div class="row mb-3"><div class="col-md-3">
<img data-featherlight='C:\gitRepo\app\Selenium_Framework_Mousiki\screenshots\RUN_23_09_2021_12_38_00.png' src="C:\gitRepo\app\Selenium_Framework_Mousiki\screenshots\RUN_23_09_2021_12_38_00.png">
    <div class="title">Enter text fail</div>
    </div></div>
    <div class="row mb-3"><div class="col-md-3">
<img data-featherlight='C:\gitRepo\app\Selenium_Framework_Mousiki\screenshots\RUN_23_09_2021_12_38_00.png' src="C:\gitRepo\app\Selenium_Framework_Mousiki\screenshots\RUN_23_09_2021_12_38_00.png">
    <div class="title">Enter text fail</div>
    </div></div>
    <div class="row mb-3"><div class="col-md-3">
<img data-featherlight='C:\gitRepo\app\Selenium_Framework_Mousiki\screenshots\RUN_23_09_2021_12_38_20.png' src="C:\gitRepo\app\Selenium_Framework_Mousiki\screenshots\RUN_23_09_2021_12_38_20.png">
    <div class="title">Login</div>
    </div></div>
<div class="detail-body mt-4">
<table class="table table-sm">
  <thead><tr><th class="status-col">Status</th><th class="timestamp-col">Timestamp</th><th class="details-col">Details</th></tr></thead>
  <tbody>
      <tr class="event-row">
        <td><span class="badge log info-bg">Info</span></td>
        <td>12:37:50 AM</td>
        <td>
          Sign Upclicked successfully
        </td>
      </tr>
      <tr class="event-row">
        <td><span class="badge log info-bg">Info</span></td>
        <td>12:37:50 AM</td>
        <td>
          I'm a Teacherclicked successfully
        </td>
      </tr>
      <tr class="event-row">
        <td><span class="badge log info-bg">Info</span></td>
        <td>12:37:51 AM</td>
        <td>
          First Nameentered successfully
        </td>
      </tr>
      <tr class="event-row">
        <td><span class="badge log info-bg">Info</span></td>
        <td>12:37:51 AM</td>
        <td>
          Last Nameentered successfully
        </td>
      </tr>
      <tr class="event-row">
        <td><span class="badge log info-bg">Info</span></td>
        <td>12:37:51 AM</td>
        <td>
          Emailentered successfully
        </td>
      </tr>
      <tr class="event-row">
        <td><span class="badge log info-bg">Info</span></td>
        <td>12:37:52 AM</td>
        <td>
          Passwordentered successfully
        </td>
      </tr>
      <tr class="event-row">
        <td><span class="badge log pass-bg">Pass</span></td>
        <td>12:37:55 AM</td>
        <td>
          Registration completed sucessfully
        </td>
      </tr>
      <tr class="event-row">
        <td><span class="badge log pass-bg">Pass</span></td>
        <td>12:37:59 AM</td>
        <td>
          Registration confirmated sucessfully, Username:QDCWtYnb6D@gmail.com password:Sgidfn345@
        </td>
      </tr>
      <tr class="event-row">
        <td><span class="badge log info-bg">Info</span></td>
        <td>12:37:59 AM</td>
        <td>
          Login after register confirmationclicked successfully
        </td>
      </tr>
      <tr class="event-row">
        <td><span class="badge log fail-bg">Fail</span></td>
        <td>12:38:00 AM</td>
        <td>
          An exception occured while enter for element UserName Exeception:org.openqa.selenium.NoSuchElementException: no such element: Unable to locate element: {"method":"xpath","selector":"//*[@id='username']"}
  (Session info: chrome=93.0.4577.82)
For documentation on this error, please visit: http://seleniumhq.org/exceptions/no_such_element.html
Build info: version: '3.141.5', revision: 'd54ebd709a', time: '2018-11-06T11:42:16'
System info: host: 'LAPTOP-DL44I5GH', ip: '192.168.1.17', os.name: 'Windows 10', os.arch: 'amd64', os.version: '10.0', java.version: '1.8.0_301'
Driver info: org.openqa.selenium.chrome.ChromeDriver
Capabilities {acceptInsecureCerts: false, browserName: chrome, browserVersion: 93.0.4577.82, chrome: {chromedriverVersion: 93.0.4577.63 (ff5c0da2ec0ad..., userDataDir: C:\Users\USER\AppData\Local...}, goog:chromeOptions: {debuggerAddress: localhost:59394}, javascriptEnabled: true, networkConnectionEnabled: false, pageLoadStrategy: normal, platform: WINDOWS, platformName: WINDOWS, proxy: Proxy(), setWindowRect: true, strictFileInteractability: false, timeouts: {implicit: 0, pageLoad: 300000, script: 30000}, unhandledPromptBehavior: dismiss and notify, webauthn:extension:credBlob: true, webauthn:extension:largeBlob: true, webauthn:virtualAuthenticators: true}
Session ID: dd61918e72c1cc1c1e56ce25caed646d
*** Element info: {Using=xpath, value=//*[@id='username']}
        </td>
      </tr>
      <tr class="event-row">
        <td><span class="badge log fail-bg">Fail</span></td>
        <td>12:38:00 AM</td>
        <td>
          An exception occured while enter for element Password Exeception:org.openqa.selenium.NoSuchElementException: no such element: Unable to locate element: {"method":"xpath","selector":"//*[@id='password']"}
  (Session info: chrome=93.0.4577.82)
For documentation on this error, please visit: http://seleniumhq.org/exceptions/no_such_element.html
Build info: version: '3.141.5', revision: 'd54ebd709a', time: '2018-11-06T11:42:16'
System info: host: 'LAPTOP-DL44I5GH', ip: '192.168.1.17', os.name: 'Windows 10', os.arch: 'amd64', os.version: '10.0', java.version: '1.8.0_301'
Driver info: org.openqa.selenium.chrome.ChromeDriver
Capabilities {acceptInsecureCerts: false, browserName: chrome, browserVersion: 93.0.4577.82, chrome: {chromedriverVersion: 93.0.4577.63 (ff5c0da2ec0ad..., userDataDir: C:\Users\USER\AppData\Local...}, goog:chromeOptions: {debuggerAddress: localhost:59394}, javascriptEnabled: true, networkConnectionEnabled: false, pageLoadStrategy: normal, platform: WINDOWS, platformName: WINDOWS, proxy: Proxy(), setWindowRect: true, strictFileInteractability: false, timeouts: {implicit: 0, pageLoad: 300000, script: 30000}, unhandledPromptBehavior: dismiss and notify, webauthn:extension:credBlob: true, webauthn:extension:largeBlob: true, webauthn:virtualAuthenticators: true}
Session ID: dd61918e72c1cc1c1e56ce25caed646d
*** Element info: {Using=xpath, value=//*[@id='password']}
        </td>
      </tr>
      <tr class="event-row">
        <td><span class="badge log info-bg">Info</span></td>
        <td>12:38:00 AM</td>
        <td>
          Log Inclicked successfully
        </td>
      </tr>
      <tr class="event-row">
        <td><span class="badge log pass-bg">Pass</span></td>
        <td>12:38:20 AM</td>
        <td>
          Login completed sucessfully
        </td>
      </tr>
  </tbody>
</table>
</div>
          </div>
        </li>
        <li class="test-item"  status="fail" test-id="3"
          author=""
          tag=""
          device="">
          <div class="test-detail">
            <p class="name">TC_appregistration_positiveflow_Student</p>
            <p class="text-sm">
              <span>12:39:00 AM</span> / <span>00:00:31:228</span>
              <span class="badge fail-bg log float-right">Fail</span>
            </p>
          </div>
          <div class="test-contents d-none">
<div class="detail-head">
<div class="p-v-10">
<div class="info">
<h5 class="test-status text-fail">TC_appregistration_positiveflow_Student</h5>
<span class='badge badge-success'>09.23.2021 12:39:00 AM</span>
<span class='badge badge-danger'>09.23.2021 12:39:31 AM</span>
<span class='badge badge-default'>00:00:31:228</span>
&middot; <span class='uri-anchor badge badge-default'>#test-id=3</span>
<span class='badge badge-default pointer float-right ml-1 et'><i class="fa fa-chevron-down"></i></span>
<span class='badge badge-default pointer float-right ct'><i class="fa fa-chevron-up"></i></span>
</div>
</div>
</div>    <div class="row mb-3"><div class="col-md-3">
<img data-featherlight='C:\gitRepo\app\Selenium_Framework_Mousiki\screenshots\RUN_23_09_2021_12_39_05.png' src="C:\gitRepo\app\Selenium_Framework_Mousiki\screenshots\RUN_23_09_2021_12_39_05.png">
    <div class="title">Registration</div>
    </div></div>
    <div class="row mb-3"><div class="col-md-3">
<img data-featherlight='C:\gitRepo\app\Selenium_Framework_Mousiki\screenshots\RUN_23_09_2021_12_39_10.png' src="C:\gitRepo\app\Selenium_Framework_Mousiki\screenshots\RUN_23_09_2021_12_39_10.png">
    <div class="title">Registration confirmation</div>
    </div></div>
    <div class="row mb-3"><div class="col-md-3">
<img data-featherlight='C:\gitRepo\app\Selenium_Framework_Mousiki\screenshots\RUN_23_09_2021_12_39_10.png' src="C:\gitRepo\app\Selenium_Framework_Mousiki\screenshots\RUN_23_09_2021_12_39_10.png">
    <div class="title">Enter text fail</div>
    </div></div>
    <div class="row mb-3"><div class="col-md-3">
<img data-featherlight='C:\gitRepo\app\Selenium_Framework_Mousiki\screenshots\RUN_23_09_2021_12_39_10.png' src="C:\gitRepo\app\Selenium_Framework_Mousiki\screenshots\RUN_23_09_2021_12_39_10.png">
    <div class="title">Enter text fail</div>
    </div></div>
    <div class="row mb-3"><div class="col-md-3">
<img data-featherlight='C:\gitRepo\app\Selenium_Framework_Mousiki\screenshots\RUN_23_09_2021_12_39_31.png' src="C:\gitRepo\app\Selenium_Framework_Mousiki\screenshots\RUN_23_09_2021_12_39_31.png">
    <div class="title">Login</div>
    </div></div>
<div class="detail-body mt-4">
<table class="table table-sm">
  <thead><tr><th class="status-col">Status</th><th class="timestamp-col">Timestamp</th><th class="details-col">Details</th></tr></thead>
  <tbody>
      <tr class="event-row">
        <td><span class="badge log info-bg">Info</span></td>
        <td>12:39:00 AM</td>
        <td>
          Sign Upclicked successfully
        </td>
      </tr>
      <tr class="event-row">
        <td><span class="badge log info-bg">Info</span></td>
        <td>12:39:00 AM</td>
        <td>
          I'm a Studentclicked successfully
        </td>
      </tr>
      <tr class="event-row">
        <td><span class="badge log info-bg">Info</span></td>
        <td>12:39:01 AM</td>
        <td>
          First Nameentered successfully
        </td>
      </tr>
      <tr class="event-row">
        <td><span class="badge log info-bg">Info</span></td>
        <td>12:39:01 AM</td>
        <td>
          Last Nameentered successfully
        </td>
      </tr>
      <tr class="event-row">
        <td><span class="badge log info-bg">Info</span></td>
        <td>12:39:02 AM</td>
        <td>
          Emailentered successfully
        </td>
      </tr>
      <tr class="event-row">
        <td><span class="badge log info-bg">Info</span></td>
        <td>12:39:02 AM</td>
        <td>
          Passwordentered successfully
        </td>
      </tr>
      <tr class="event-row">
        <td><span class="badge log pass-bg">Pass</span></td>
        <td>12:39:05 AM</td>
        <td>
          Registration completed sucessfully
        </td>
      </tr>
      <tr class="event-row">
        <td><span class="badge log pass-bg">Pass</span></td>
        <td>12:39:10 AM</td>
        <td>
          Registration confirmated sucessfully, Username:AtILCLXcCo@gmail.com password:Sgidfn345@
        </td>
      </tr>
      <tr class="event-row">
        <td><span class="badge log info-bg">Info</span></td>
        <td>12:39:10 AM</td>
        <td>
          Login after register confirmationclicked successfully
        </td>
      </tr>
      <tr class="event-row">
        <td><span class="badge log fail-bg">Fail</span></td>
        <td>12:39:10 AM</td>
        <td>
          An exception occured while enter for element UserName Exeception:org.openqa.selenium.NoSuchElementException: no such element: Unable to locate element: {"method":"xpath","selector":"//*[@id='username']"}
  (Session info: chrome=93.0.4577.82)
For documentation on this error, please visit: http://seleniumhq.org/exceptions/no_such_element.html
Build info: version: '3.141.5', revision: 'd54ebd709a', time: '2018-11-06T11:42:16'
System info: host: 'LAPTOP-DL44I5GH', ip: '192.168.1.17', os.name: 'Windows 10', os.arch: 'amd64', os.version: '10.0', java.version: '1.8.0_301'
Driver info: org.openqa.selenium.chrome.ChromeDriver
Capabilities {acceptInsecureCerts: false, browserName: chrome, browserVersion: 93.0.4577.82, chrome: {chromedriverVersion: 93.0.4577.63 (ff5c0da2ec0ad..., userDataDir: C:\Users\USER\AppData\Local...}, goog:chromeOptions: {debuggerAddress: localhost:57727}, javascriptEnabled: true, networkConnectionEnabled: false, pageLoadStrategy: normal, platform: WINDOWS, platformName: WINDOWS, proxy: Proxy(), setWindowRect: true, strictFileInteractability: false, timeouts: {implicit: 0, pageLoad: 300000, script: 30000}, unhandledPromptBehavior: dismiss and notify, webauthn:extension:credBlob: true, webauthn:extension:largeBlob: true, webauthn:virtualAuthenticators: true}
Session ID: 9e4ac0681904b3c8ca5ff51d57ca5064
*** Element info: {Using=xpath, value=//*[@id='username']}
        </td>
      </tr>
      <tr class="event-row">
        <td><span class="badge log fail-bg">Fail</span></td>
        <td>12:39:10 AM</td>
        <td>
          An exception occured while enter for element Password Exeception:org.openqa.selenium.NoSuchElementException: no such element: Unable to locate element: {"method":"xpath","selector":"//*[@id='password']"}
  (Session info: chrome=93.0.4577.82)
For documentation on this error, please visit: http://seleniumhq.org/exceptions/no_such_element.html
Build info: version: '3.141.5', revision: 'd54ebd709a', time: '2018-11-06T11:42:16'
System info: host: 'LAPTOP-DL44I5GH', ip: '192.168.1.17', os.name: 'Windows 10', os.arch: 'amd64', os.version: '10.0', java.version: '1.8.0_301'
Driver info: org.openqa.selenium.chrome.ChromeDriver
Capabilities {acceptInsecureCerts: false, browserName: chrome, browserVersion: 93.0.4577.82, chrome: {chromedriverVersion: 93.0.4577.63 (ff5c0da2ec0ad..., userDataDir: C:\Users\USER\AppData\Local...}, goog:chromeOptions: {debuggerAddress: localhost:57727}, javascriptEnabled: true, networkConnectionEnabled: false, pageLoadStrategy: normal, platform: WINDOWS, platformName: WINDOWS, proxy: Proxy(), setWindowRect: true, strictFileInteractability: false, timeouts: {implicit: 0, pageLoad: 300000, script: 30000}, unhandledPromptBehavior: dismiss and notify, webauthn:extension:credBlob: true, webauthn:extension:largeBlob: true, webauthn:virtualAuthenticators: true}
Session ID: 9e4ac0681904b3c8ca5ff51d57ca5064
*** Element info: {Using=xpath, value=//*[@id='password']}
        </td>
      </tr>
      <tr class="event-row">
        <td><span class="badge log info-bg">Info</span></td>
        <td>12:39:11 AM</td>
        <td>
          Log Inclicked successfully
        </td>
      </tr>
      <tr class="event-row">
        <td><span class="badge log pass-bg">Pass</span></td>
        <td>12:39:31 AM</td>
        <td>
          Login completed sucessfully
        </td>
      </tr>
  </tbody>
</table>
</div>
          </div>
        </li>
        <li class="test-item"  status="fail" test-id="4"
          author=""
          tag=""
          device="">
          <div class="test-detail">
            <p class="name">TC_appregistration_positiveflow_Parent</p>
            <p class="text-sm">
              <span>12:40:07 AM</span> / <span>00:00:30:908</span>
              <span class="badge fail-bg log float-right">Fail</span>
            </p>
          </div>
          <div class="test-contents d-none">
<div class="detail-head">
<div class="p-v-10">
<div class="info">
<h5 class="test-status text-fail">TC_appregistration_positiveflow_Parent</h5>
<span class='badge badge-success'>09.23.2021 12:40:07 AM</span>
<span class='badge badge-danger'>09.23.2021 12:40:38 AM</span>
<span class='badge badge-default'>00:00:30:908</span>
&middot; <span class='uri-anchor badge badge-default'>#test-id=4</span>
<span class='badge badge-default pointer float-right ml-1 et'><i class="fa fa-chevron-down"></i></span>
<span class='badge badge-default pointer float-right ct'><i class="fa fa-chevron-up"></i></span>
</div>
</div>
</div>    <div class="row mb-3"><div class="col-md-3">
<img data-featherlight='C:\gitRepo\app\Selenium_Framework_Mousiki\screenshots\RUN_23_09_2021_12_40_12.png' src="C:\gitRepo\app\Selenium_Framework_Mousiki\screenshots\RUN_23_09_2021_12_40_12.png">
    <div class="title">Registration</div>
    </div></div>
    <div class="row mb-3"><div class="col-md-3">
<img data-featherlight='C:\gitRepo\app\Selenium_Framework_Mousiki\screenshots\RUN_23_09_2021_12_40_17.png' src="C:\gitRepo\app\Selenium_Framework_Mousiki\screenshots\RUN_23_09_2021_12_40_17.png">
    <div class="title">Registration confirmation</div>
    </div></div>
    <div class="row mb-3"><div class="col-md-3">
<img data-featherlight='C:\gitRepo\app\Selenium_Framework_Mousiki\screenshots\RUN_23_09_2021_12_40_18.png' src="C:\gitRepo\app\Selenium_Framework_Mousiki\screenshots\RUN_23_09_2021_12_40_18.png">
    <div class="title">Enter text fail</div>
    </div></div>
    <div class="row mb-3"><div class="col-md-3">
<img data-featherlight='C:\gitRepo\app\Selenium_Framework_Mousiki\screenshots\RUN_23_09_2021_12_40_18.png' src="C:\gitRepo\app\Selenium_Framework_Mousiki\screenshots\RUN_23_09_2021_12_40_18.png">
    <div class="title">Enter text fail</div>
    </div></div>
    <div class="row mb-3"><div class="col-md-3">
<img data-featherlight='C:\gitRepo\app\Selenium_Framework_Mousiki\screenshots\RUN_23_09_2021_12_40_38.png' src="C:\gitRepo\app\Selenium_Framework_Mousiki\screenshots\RUN_23_09_2021_12_40_38.png">
    <div class="title">Login</div>
    </div></div>
<div class="detail-body mt-4">
<table class="table table-sm">
  <thead><tr><th class="status-col">Status</th><th class="timestamp-col">Timestamp</th><th class="details-col">Details</th></tr></thead>
  <tbody>
      <tr class="event-row">
        <td><span class="badge log info-bg">Info</span></td>
        <td>12:40:08 AM</td>
        <td>
          Sign Upclicked successfully
        </td>
      </tr>
      <tr class="event-row">
        <td><span class="badge log info-bg">Info</span></td>
        <td>12:40:08 AM</td>
        <td>
          I'm a Parentclicked successfully
        </td>
      </tr>
      <tr class="event-row">
        <td><span class="badge log info-bg">Info</span></td>
        <td>12:40:09 AM</td>
        <td>
          First Nameentered successfully
        </td>
      </tr>
      <tr class="event-row">
        <td><span class="badge log info-bg">Info</span></td>
        <td>12:40:09 AM</td>
        <td>
          Last Nameentered successfully
        </td>
      </tr>
      <tr class="event-row">
        <td><span class="badge log info-bg">Info</span></td>
        <td>12:40:09 AM</td>
        <td>
          Emailentered successfully
        </td>
      </tr>
      <tr class="event-row">
        <td><span class="badge log info-bg">Info</span></td>
        <td>12:40:10 AM</td>
        <td>
          Passwordentered successfully
        </td>
      </tr>
      <tr class="event-row">
        <td><span class="badge log pass-bg">Pass</span></td>
        <td>12:40:12 AM</td>
        <td>
          Registration completed sucessfully
        </td>
      </tr>
      <tr class="event-row">
        <td><span class="badge log pass-bg">Pass</span></td>
        <td>12:40:17 AM</td>
        <td>
          Registration confirmated sucessfully, Username:00xdVtBmul@gmail.com password:Sgidfn345@
        </td>
      </tr>
      <tr class="event-row">
        <td><span class="badge log info-bg">Info</span></td>
        <td>12:40:17 AM</td>
        <td>
          Login after register confirmationclicked successfully
        </td>
      </tr>
      <tr class="event-row">
        <td><span class="badge log fail-bg">Fail</span></td>
        <td>12:40:18 AM</td>
        <td>
          An exception occured while enter for element UserName Exeception:org.openqa.selenium.NoSuchElementException: no such element: Unable to locate element: {"method":"xpath","selector":"//*[@id='username']"}
  (Session info: chrome=93.0.4577.82)
For documentation on this error, please visit: http://seleniumhq.org/exceptions/no_such_element.html
Build info: version: '3.141.5', revision: 'd54ebd709a', time: '2018-11-06T11:42:16'
System info: host: 'LAPTOP-DL44I5GH', ip: '192.168.1.17', os.name: 'Windows 10', os.arch: 'amd64', os.version: '10.0', java.version: '1.8.0_301'
Driver info: org.openqa.selenium.chrome.ChromeDriver
Capabilities {acceptInsecureCerts: false, browserName: chrome, browserVersion: 93.0.4577.82, chrome: {chromedriverVersion: 93.0.4577.63 (ff5c0da2ec0ad..., userDataDir: C:\Users\USER\AppData\Local...}, goog:chromeOptions: {debuggerAddress: localhost:55083}, javascriptEnabled: true, networkConnectionEnabled: false, pageLoadStrategy: normal, platform: WINDOWS, platformName: WINDOWS, proxy: Proxy(), setWindowRect: true, strictFileInteractability: false, timeouts: {implicit: 0, pageLoad: 300000, script: 30000}, unhandledPromptBehavior: dismiss and notify, webauthn:extension:credBlob: true, webauthn:extension:largeBlob: true, webauthn:virtualAuthenticators: true}
Session ID: ac64ac086da739a3c3b69935ddf54dd4
*** Element info: {Using=xpath, value=//*[@id='username']}
        </td>
      </tr>
      <tr class="event-row">
        <td><span class="badge log fail-bg">Fail</span></td>
        <td>12:40:18 AM</td>
        <td>
          An exception occured while enter for element Password Exeception:org.openqa.selenium.NoSuchElementException: no such element: Unable to locate element: {"method":"xpath","selector":"//*[@id='password']"}
  (Session info: chrome=93.0.4577.82)
For documentation on this error, please visit: http://seleniumhq.org/exceptions/no_such_element.html
Build info: version: '3.141.5', revision: 'd54ebd709a', time: '2018-11-06T11:42:16'
System info: host: 'LAPTOP-DL44I5GH', ip: '192.168.1.17', os.name: 'Windows 10', os.arch: 'amd64', os.version: '10.0', java.version: '1.8.0_301'
Driver info: org.openqa.selenium.chrome.ChromeDriver
Capabilities {acceptInsecureCerts: false, browserName: chrome, browserVersion: 93.0.4577.82, chrome: {chromedriverVersion: 93.0.4577.63 (ff5c0da2ec0ad..., userDataDir: C:\Users\USER\AppData\Local...}, goog:chromeOptions: {debuggerAddress: localhost:55083}, javascriptEnabled: true, networkConnectionEnabled: false, pageLoadStrategy: normal, platform: WINDOWS, platformName: WINDOWS, proxy: Proxy(), setWindowRect: true, strictFileInteractability: false, timeouts: {implicit: 0, pageLoad: 300000, script: 30000}, unhandledPromptBehavior: dismiss and notify, webauthn:extension:credBlob: true, webauthn:extension:largeBlob: true, webauthn:virtualAuthenticators: true}
Session ID: ac64ac086da739a3c3b69935ddf54dd4
*** Element info: {Using=xpath, value=//*[@id='password']}
        </td>
      </tr>
      <tr class="event-row">
        <td><span class="badge log info-bg">Info</span></td>
        <td>12:40:18 AM</td>
        <td>
          Log Inclicked successfully
        </td>
      </tr>
      <tr class="event-row">
        <td><span class="badge log pass-bg">Pass</span></td>
        <td>12:40:38 AM</td>
        <td>
          Login completed sucessfully
        </td>
      </tr>
  </tbody>
</table>
</div>
          </div>
        </li>
      </ul>
    </div>
  </div>
<div class="test-content scrollable">
<div class="test-content-tools">
<ul><li><a class="back-to-test" href="#"><i class="fa fa-arrow-left"></i></a></li></ul>
</div>
<div class="test-content-detail"><div class="detail-body"></div></div>
</div></div>
<div class="container-fluid p-4 view dashboard-view">
<div class="row">
<div class="col-md-3">
<div class="card"><div class="card-body">
<p class="m-b-0">Started</p>
<h3>Sep 23, 2021 12:35:56 AM</h3>
</div></div>
</div>
<div class="col-md-3">
<div class="card"><div class="card-body">
<p class="m-b-0">Ended</p>
<h3>Sep 23, 2021 12:41:10 AM</h3>
</div></div>
</div>
<div class="col-md-3">
<div class="card"><div class="card-body">
<p class="m-b-0 text-pass">Tests Passed</p>
<h3>0</h3>
</div></div>
</div>
<div class="col-md-3">
<div class="card"><div class="card-body">
<p class="m-b-0 text-fail">Tests Failed</p>
<h3>4</h3>
</div></div>
</div>
</div>
<div class="row">
<div class="col-md-6">
<div class="card">
<div class="card-header">
<h6 class="card-title">Tests</h6>
</div>
<div class="card-body">
<div class="">
<canvas id='parent-analysis' width='115' height='90'></canvas>
</div>
</div>
<div class="card-footer">
<div><small data-tooltip='0%'>
<b>0</b> tests passed
</small>
</div>
<div>
<small data-tooltip='100%'><b>4</b> tests failed,
<b>0</b> skipped, <b data-tooltip='0%'>0</b> others
</small>
</div>
</div>
</div>
</div>
<div class="col-md-6">
<div class="card">
<div class="card-header">
<h6 class="card-title">Log events</h6>
</div>
<div class="card-body">
<div class="">
<canvas id='events-analysis' width='115' height='90'></canvas>
</div>
</div>
<div class="card-footer">
<div><small data-tooltip='17%'><b>12</b> events passed</small></div>
<div>
<small data-tooltip='33%'><b>23</b> events failed,
<b data-tooltip='%'>33</b> others
</small>
</div>
</div>
</div>
</div>
</div>
<div class="row"><div class="col-md-12">
<div class="card"><div class="card-header"><p>Timeline</p></div>
<div class="card-body pt-0"><div>
<canvas id="timeline" height="120"></canvas>
</div></div>
</div>
</div></div>
<script>
var timeline = {
"TC_appregistration_positiveflow_MusicSchool":95.494,"TC_appregistration_positiveflow_Teacher":30.887,"TC_appregistration_positiveflow_Student":31.228,"TC_appregistration_positiveflow_Parent":30.908
};
</script>
<div class="row">
</div>
</div>
<script>
var statusGroup = {
parentCount: 5,
passParent: 0,
failParent: 4,
warningParent: 0,
skipParent: 0,
childCount: 5,
passChild: 0,
failChild: 0,
warningChild: 0,
skipChild: 0,
infoChild: 0,
grandChildCount: 5,
passGrandChild: 0,
failGrandChild: 0,
warningGrandChild: 0,
skipGrandChild: 0,
infoGrandChild: 0,
eventsCount: 5,
passEvents: 12,
failEvents: 23,
warningEvents: 0,
skipEvents: 0,
infoEvents: 33
};
</script>        </div>
      </div>
    </div>
  </div>
<script src="https://cdn.jsdelivr.net/gh/extent-framework/extent-github-cdn@d6562a79075e061305ccfdb82f01e5e195e2d307/spark/js/spark-script.js"></script>
<script type="text/javascript"></script></body>
</html>