

<!DOCTYPE html>
<html>
<head>
<meta charset="UTF-8">
<meta name="viewport" content="width=device-width, initial-scale=1, shrink-to-fit=no">
<title>Mousiki Automation</title>
<link rel="apple-touch-icon" href="https://cdn.jsdelivr.net/gh/extent-framework/extent-github-cdn@b00a2d0486596e73dd7326beacf352c639623a0e/commons/img/logo.png">
<link rel="shortcut icon" href="https://cdn.jsdelivr.net/gh/extent-framework/extent-github-cdn@b00a2d0486596e73dd7326beacf352c639623a0e/commons/img/logo.png">
<link href="https://cdn.jsdelivr.net/gh/extent-framework/extent-github-cdn@d6562a79075e061305ccfdb82f01e5e195e2d307/spark/css/spark-style.css" rel="stylesheet" />
<link href="https://stackpath.bootstrapcdn.com/font-awesome/4.7.0/css/font-awesome.min.css" rel="stylesheet">
<script src="https://cdn.rawgit.com/extent-framework/extent-github-cdn/7cc78ce/spark/js/jsontree.js"></script>
<style type="text/css"></style></head><body class="spa -report dark">
  <div class="app">
    <div class="layout">
<div class="header navbar">
<div class="vheader">
<div class="nav-logo">
<a href="#">
<div class="logo" style="background-image: url('https://cdn.jsdelivr.net/gh/extent-framework/extent-github-cdn@b00a2d0486596e73dd7326beacf352c639623a0e/commons/img/logo.png')"></div>
</a>
</div>
<ul class="nav-left">
<li class="search-box">
<a class="search-toggle" href="#">
<i class="search-icon fa fa-search"></i>
<i class="search-icon-close fa fa-close"></i>
</a>
</li>
<li class="search-input"><input id="search-tests" class="form-control" type="text" placeholder="Search..."></li>
</ul>
<ul class="nav-right">
<li class="m-r-10">
<a href="#"><span class="badge badge-primary"></span></a>
</li>
<li class="m-r-10">
<a href="#"><span class="badge badge-primary">Sep 21, 2021 09:22:39 PM</span></a>
</li>
</ul>
</div>
</div><div class="side-nav">
<div class="side-nav-inner">
<ul class="side-nav-menu">
<li class="nav-item dropdown" onclick="toggleView('test-view')">
<a id="nav-test" class="dropdown-toggle" href="#">
<span class="ico"><i class="fa fa-list"></i></span>
</a>
</li>
<li class="nav-item dropdown" onclick="toggleView('dashboard-view')">
<a id="nav-dashboard" class="dropdown-toggle" href="#">
<span class="ico"><i class="fa fa-bar-chart"></i></span>
</a>
</li>
</ul>
</div>
</div>      <div class="vcontainer">
        <div class="main-content">
<div class="test-wrapper row view test-view">
  <div class="test-list">
    <div class="test-list-tools">
<ul class="tools pull-left">
<li><a href="#"><span class="font-size-14">Tests</span></a></li>
</ul>
<ul class="tools text-right">
<li class="dropdown">
<a href="#" class="dropdown-toggle" data-toggle="dropdown"><i class="fa fa-exclamation-circle"></i></a>
<ul id="status-toggle" class="dropdown-menu dropdown-md p-v-0">
<a class="dropdown-item" status="pass" href="#"><span>Pass</span><span class="status success"></span></a>
<a class="dropdown-item" status="fail" href="#"><span>Fail</span><span class="status danger"></span></a>
<div class="dropdown-divider"></div>
<a status="clear" class="dropdown-item" href="#"><span>Clear</span><span class="pull-right"><i class="fa fa-close"></i></span></a>
</ul>
</li>
</ul>
</div>    <div class="test-list-wrapper scrollable">
      <ul class="test-list-item">
        <li class="test-item"  status="fail" test-id="1"
          author=""
          tag=""
          device="">
          <div class="test-detail">
            <p class="name">TC_appregistration_negativeflow_Teacher_1</p>
            <p class="text-sm">
              <span>9:22:48 PM</span> / <span>00:00:10:092</span>
              <span class="badge fail-bg log float-right">Fail</span>
            </p>
          </div>
          <div class="test-contents d-none">
<div class="detail-head">
<div class="p-v-10">
<div class="info">
<h5 class="test-status text-fail">TC_appregistration_negativeflow_Teacher_1</h5>
<span class='badge badge-success'>09.21.2021 9:22:48 PM</span>
<span class='badge badge-danger'>09.21.2021 9:22:58 PM</span>
<span class='badge badge-default'>00:00:10:092</span>
&middot; <span class='uri-anchor badge badge-default'>#test-id=1</span>
<span class='badge badge-default pointer float-right ml-1 et'><i class="fa fa-chevron-down"></i></span>
<span class='badge badge-default pointer float-right ct'><i class="fa fa-chevron-up"></i></span>
</div>
</div>
</div>    <div class="row mb-3"><div class="col-md-3">
<img data-featherlight='C:\gitRepo\app\Selenium_Framework_Mousiki\screenshots\RUN_21_09_2021_09_22_57.png' src="C:\gitRepo\app\Selenium_Framework_Mousiki\screenshots\RUN_21_09_2021_09_22_57.png">
    <div class="title">First Name is invalid</div>
    </div></div>
<div class="detail-body mt-4">
<table class="table table-sm">
  <thead><tr><th class="status-col">Status</th><th class="timestamp-col">Timestamp</th><th class="details-col">Details</th></tr></thead>
  <tbody>
      <tr class="event-row">
        <td><span class="badge log info-bg">Info</span></td>
        <td>9:22:48 PM</td>
        <td>
          Sign Upclicked successfully
        </td>
      </tr>
      <tr class="event-row">
        <td><span class="badge log info-bg">Info</span></td>
        <td>9:22:49 PM</td>
        <td>
          I'm a Teacherclicked successfully
        </td>
      </tr>
      <tr class="event-row">
        <td><span class="badge log info-bg">Info</span></td>
        <td>9:22:50 PM</td>
        <td>
          First Nameentered successfully
        </td>
      </tr>
      <tr class="event-row">
        <td><span class="badge log info-bg">Info</span></td>
        <td>9:22:50 PM</td>
        <td>
          Last Nameentered successfully
        </td>
      </tr>
      <tr class="event-row">
        <td><span class="badge log info-bg">Info</span></td>
        <td>9:22:50 PM</td>
        <td>
          Emailentered successfully
        </td>
      </tr>
      <tr class="event-row">
        <td><span class="badge log info-bg">Info</span></td>
        <td>9:22:50 PM</td>
        <td>
          Passwordentered successfully
        </td>
      </tr>
      <tr class="event-row">
        <td><span class="badge log fail-bg">Fail</span></td>
        <td>9:22:57 PM</td>
        <td>
          Registration completed for 'First Name is invalid' invalid data
        </td>
      </tr>
      <tr class="event-row">
        <td><span class="badge log info-bg">Info</span></td>
        <td>9:22:58 PM</td>
        <td>
          Mousiki logoclicked successfully
        </td>
      </tr>
  </tbody>
</table>
</div>
          </div>
        </li>
        <li class="test-item"  status="fail" test-id="2"
          author=""
          tag=""
          device="">
          <div class="test-detail">
            <p class="name">TC_appregistration_negativeflow_Teacher_2</p>
            <p class="text-sm">
              <span>9:22:51 PM</span> / <span>00:00:09:044</span>
              <span class="badge fail-bg log float-right">Fail</span>
            </p>
          </div>
          <div class="test-contents d-none">
<div class="detail-head">
<div class="p-v-10">
<div class="info">
<h5 class="test-status text-fail">TC_appregistration_negativeflow_Teacher_2</h5>
<span class='badge badge-success'>09.21.2021 9:22:51 PM</span>
<span class='badge badge-danger'>09.21.2021 9:23:00 PM</span>
<span class='badge badge-default'>00:00:09:044</span>
&middot; <span class='uri-anchor badge badge-default'>#test-id=2</span>
<span class='badge badge-default pointer float-right ml-1 et'><i class="fa fa-chevron-down"></i></span>
<span class='badge badge-default pointer float-right ct'><i class="fa fa-chevron-up"></i></span>
</div>
</div>
</div>    <div class="row mb-3"><div class="col-md-3">
<img data-featherlight='C:\gitRepo\app\Selenium_Framework_Mousiki\screenshots\RUN_21_09_2021_09_22_59.png' src="C:\gitRepo\app\Selenium_Framework_Mousiki\screenshots\RUN_21_09_2021_09_22_59.png">
    <div class="title">Last Name is invalid</div>
    </div></div>
<div class="detail-body mt-4">
<table class="table table-sm">
  <thead><tr><th class="status-col">Status</th><th class="timestamp-col">Timestamp</th><th class="details-col">Details</th></tr></thead>
  <tbody>
      <tr class="event-row">
        <td><span class="badge log info-bg">Info</span></td>
        <td>9:22:51 PM</td>
        <td>
          Sign Upclicked successfully
        </td>
      </tr>
      <tr class="event-row">
        <td><span class="badge log info-bg">Info</span></td>
        <td>9:22:52 PM</td>
        <td>
          I'm a Teacherclicked successfully
        </td>
      </tr>
      <tr class="event-row">
        <td><span class="badge log info-bg">Info</span></td>
        <td>9:22:52 PM</td>
        <td>
          First Nameentered successfully
        </td>
      </tr>
      <tr class="event-row">
        <td><span class="badge log info-bg">Info</span></td>
        <td>9:22:52 PM</td>
        <td>
          Last Nameentered successfully
        </td>
      </tr>
      <tr class="event-row">
        <td><span class="badge log info-bg">Info</span></td>
        <td>9:22:53 PM</td>
        <td>
          Emailentered successfully
        </td>
      </tr>
      <tr class="event-row">
        <td><span class="badge log info-bg">Info</span></td>
        <td>9:22:53 PM</td>
        <td>
          Passwordentered successfully
        </td>
      </tr>
      <tr class="event-row">
        <td><span class="badge log fail-bg">Fail</span></td>
        <td>9:22:59 PM</td>
        <td>
          Registration completed for 'Last Name is invalid' invalid data
        </td>
      </tr>
      <tr class="event-row">
        <td><span class="badge log info-bg">Info</span></td>
        <td>9:23:00 PM</td>
        <td>
          Mousiki logoclicked successfully
        </td>
      </tr>
  </tbody>
</table>
</div>
          </div>
        </li>
        <li class="test-item"  status="fail" test-id="3"
          author=""
          tag=""
          device="">
          <div class="test-detail">
            <p class="name">TC_appregistration_negativeflow_Teacher_3</p>
            <p class="text-sm">
              <span>9:23:09 PM</span> / <span>00:00:09:852</span>
              <span class="badge fail-bg log float-right">Fail</span>
            </p>
          </div>
          <div class="test-contents d-none">
<div class="detail-head">
<div class="p-v-10">
<div class="info">
<h5 class="test-status text-fail">TC_appregistration_negativeflow_Teacher_3</h5>
<span class='badge badge-success'>09.21.2021 9:23:09 PM</span>
<span class='badge badge-danger'>09.21.2021 9:23:19 PM</span>
<span class='badge badge-default'>00:00:09:852</span>
&middot; <span class='uri-anchor badge badge-default'>#test-id=3</span>
<span class='badge badge-default pointer float-right ml-1 et'><i class="fa fa-chevron-down"></i></span>
<span class='badge badge-default pointer float-right ct'><i class="fa fa-chevron-up"></i></span>
</div>
</div>
</div>    <div class="row mb-3"><div class="col-md-3">
<img data-featherlight='C:\gitRepo\app\Selenium_Framework_Mousiki\screenshots\RUN_21_09_2021_09_23_18.png' src="C:\gitRepo\app\Selenium_Framework_Mousiki\screenshots\RUN_21_09_2021_09_23_18.png">
    <div class="title">Email is invalid.</div>
    </div></div>
<div class="detail-body mt-4">
<table class="table table-sm">
  <thead><tr><th class="status-col">Status</th><th class="timestamp-col">Timestamp</th><th class="details-col">Details</th></tr></thead>
  <tbody>
      <tr class="event-row">
        <td><span class="badge log info-bg">Info</span></td>
        <td>9:23:09 PM</td>
        <td>
          Sign Upclicked successfully
        </td>
      </tr>
      <tr class="event-row">
        <td><span class="badge log info-bg">Info</span></td>
        <td>9:23:10 PM</td>
        <td>
          I'm a Teacherclicked successfully
        </td>
      </tr>
      <tr class="event-row">
        <td><span class="badge log info-bg">Info</span></td>
        <td>9:23:10 PM</td>
        <td>
          First Nameentered successfully
        </td>
      </tr>
      <tr class="event-row">
        <td><span class="badge log info-bg">Info</span></td>
        <td>9:23:11 PM</td>
        <td>
          Last Nameentered successfully
        </td>
      </tr>
      <tr class="event-row">
        <td><span class="badge log info-bg">Info</span></td>
        <td>9:23:11 PM</td>
        <td>
          Emailentered successfully
        </td>
      </tr>
      <tr class="event-row">
        <td><span class="badge log info-bg">Info</span></td>
        <td>9:23:11 PM</td>
        <td>
          Passwordentered successfully
        </td>
      </tr>
      <tr class="event-row">
        <td><span class="badge log fail-bg">Fail</span></td>
        <td>9:23:18 PM</td>
        <td>
          Registration completed for 'Email is invalid.' invalid data
        </td>
      </tr>
      <tr class="event-row">
        <td><span class="badge log info-bg">Info</span></td>
        <td>9:23:19 PM</td>
        <td>
          Mousiki logoclicked successfully
        </td>
      </tr>
  </tbody>
</table>
</div>
          </div>
        </li>
        <li class="test-item"  status="fail" test-id="4"
          author=""
          tag=""
          device="">
          <div class="test-detail">
            <p class="name">TC_appregistration_negativeflow_Teacher_4</p>
            <p class="text-sm">
              <span>9:23:17 PM</span> / <span>00:00:08:853</span>
              <span class="badge fail-bg log float-right">Fail</span>
            </p>
          </div>
          <div class="test-contents d-none">
<div class="detail-head">
<div class="p-v-10">
<div class="info">
<h5 class="test-status text-fail">TC_appregistration_negativeflow_Teacher_4</h5>
<span class='badge badge-success'>09.21.2021 9:23:17 PM</span>
<span class='badge badge-danger'>09.21.2021 9:23:26 PM</span>
<span class='badge badge-default'>00:00:08:853</span>
&middot; <span class='uri-anchor badge badge-default'>#test-id=4</span>
<span class='badge badge-default pointer float-right ml-1 et'><i class="fa fa-chevron-down"></i></span>
<span class='badge badge-default pointer float-right ct'><i class="fa fa-chevron-up"></i></span>
</div>
</div>
</div>    <div class="row mb-3"><div class="col-md-3">
<img data-featherlight='C:\gitRepo\app\Selenium_Framework_Mousiki\screenshots\RUN_21_09_2021_09_23_19.png' src="C:\gitRepo\app\Selenium_Framework_Mousiki\screenshots\RUN_21_09_2021_09_23_19.png">
    <div class="title">Enter text fail</div>
    </div></div>
    <div class="row mb-3"><div class="col-md-3">
<img data-featherlight='C:\gitRepo\app\Selenium_Framework_Mousiki\screenshots\RUN_21_09_2021_09_23_25.png' src="C:\gitRepo\app\Selenium_Framework_Mousiki\screenshots\RUN_21_09_2021_09_23_25.png">
    <div class="title">Password should contain at least one upper case letter</div>
    </div></div>
<div class="detail-body mt-4">
<table class="table table-sm">
  <thead><tr><th class="status-col">Status</th><th class="timestamp-col">Timestamp</th><th class="details-col">Details</th></tr></thead>
  <tbody>
      <tr class="event-row">
        <td><span class="badge log info-bg">Info</span></td>
        <td>9:23:17 PM</td>
        <td>
          Sign Upclicked successfully
        </td>
      </tr>
      <tr class="event-row">
        <td><span class="badge log info-bg">Info</span></td>
        <td>9:23:18 PM</td>
        <td>
          I'm a Teacherclicked successfully
        </td>
      </tr>
      <tr class="event-row">
        <td><span class="badge log info-bg">Info</span></td>
        <td>9:23:18 PM</td>
        <td>
          First Nameentered successfully
        </td>
      </tr>
      <tr class="event-row">
        <td><span class="badge log info-bg">Info</span></td>
        <td>9:23:19 PM</td>
        <td>
          Last Nameentered successfully
        </td>
      </tr>
      <tr class="event-row">
        <td><span class="badge log fail-bg">Fail</span></td>
        <td>9:23:19 PM</td>
        <td>
          An exception occured while enter for element Email Exeception:org.openqa.selenium.StaleElementReferenceException: stale element reference: element is not attached to the page document
  (Session info: chrome=93.0.4577.82)
For documentation on this error, please visit: http://seleniumhq.org/exceptions/stale_element_reference.html
Build info: version: '3.141.5', revision: 'd54ebd709a', time: '2018-11-06T11:42:16'
System info: host: 'LAPTOP-DL44I5GH', ip: '192.168.1.17', os.name: 'Windows 10', os.arch: 'amd64', os.version: '10.0', java.version: '1.8.0_301'
Driver info: org.openqa.selenium.chrome.ChromeDriver
Capabilities {acceptInsecureCerts: false, browserName: chrome, browserVersion: 93.0.4577.82, chrome: {chromedriverVersion: 93.0.4577.63 (ff5c0da2ec0ad..., userDataDir: C:\Users\USER\AppData\Local...}, goog:chromeOptions: {debuggerAddress: localhost:51754}, javascriptEnabled: true, networkConnectionEnabled: false, pageLoadStrategy: normal, platform: WINDOWS, platformName: WINDOWS, proxy: Proxy(), setWindowRect: true, strictFileInteractability: false, timeouts: {implicit: 0, pageLoad: 300000, script: 30000}, unhandledPromptBehavior: dismiss and notify, webauthn:extension:credBlob: true, webauthn:extension:largeBlob: true, webauthn:virtualAuthenticators: true}
Session ID: 1c05f34b8ae3c606b6d0ad8ef0c0f1cc
        </td>
      </tr>
      <tr class="event-row">
        <td><span class="badge log info-bg">Info</span></td>
        <td>9:23:20 PM</td>
        <td>
          Passwordentered successfully
        </td>
      </tr>
      <tr class="event-row">
        <td><span class="badge log info-bg">Info</span></td>
        <td>9:23:20 PM</td>
        <td>
          Registerclicked successfully
        </td>
      </tr>
      <tr class="event-row">
        <td><span class="badge log fail-bg">Fail</span></td>
        <td>9:23:25 PM</td>
        <td>
          Registration completed for 'Password should contain at least one upper case letter' invalid data
        </td>
      </tr>
      <tr class="event-row">
        <td><span class="badge log info-bg">Info</span></td>
        <td>9:23:26 PM</td>
        <td>
          Mousiki logoclicked successfully
        </td>
      </tr>
  </tbody>
</table>
</div>
          </div>
        </li>
        <li class="test-item"  status="pass" test-id="5"
          author=""
          tag=""
          device="">
          <div class="test-detail">
            <p class="name">TC_appregistration_negativeflow_Teacher_5</p>
            <p class="text-sm">
              <span>9:23:27 PM</span> / <span>00:00:04:251</span>
              <span class="badge pass-bg log float-right">Pass</span>
            </p>
          </div>
          <div class="test-contents d-none">
<div class="detail-head">
<div class="p-v-10">
<div class="info">
<h5 class="test-status text-pass">TC_appregistration_negativeflow_Teacher_5</h5>
<span class='badge badge-success'>09.21.2021 9:23:27 PM</span>
<span class='badge badge-danger'>09.21.2021 9:23:31 PM</span>
<span class='badge badge-default'>00:00:04:251</span>
&middot; <span class='uri-anchor badge badge-default'>#test-id=5</span>
<span class='badge badge-default pointer float-right ml-1 et'><i class="fa fa-chevron-down"></i></span>
<span class='badge badge-default pointer float-right ct'><i class="fa fa-chevron-up"></i></span>
</div>
</div>
</div>    <div class="row mb-3"><div class="col-md-3">
<img data-featherlight='C:\gitRepo\app\Selenium_Framework_Mousiki\screenshots\RUN_21_09_2021_09_23_30.png' src="C:\gitRepo\app\Selenium_Framework_Mousiki\screenshots\RUN_21_09_2021_09_23_30.png">
    <div class="title">Password should be at least 8 characters</div>
    </div></div>
<div class="detail-body mt-4">
<table class="table table-sm">
  <thead><tr><th class="status-col">Status</th><th class="timestamp-col">Timestamp</th><th class="details-col">Details</th></tr></thead>
  <tbody>
      <tr class="event-row">
        <td><span class="badge log info-bg">Info</span></td>
        <td>9:23:27 PM</td>
        <td>
          Sign Upclicked successfully
        </td>
      </tr>
      <tr class="event-row">
        <td><span class="badge log info-bg">Info</span></td>
        <td>9:23:28 PM</td>
        <td>
          I'm a Teacherclicked successfully
        </td>
      </tr>
      <tr class="event-row">
        <td><span class="badge log info-bg">Info</span></td>
        <td>9:23:28 PM</td>
        <td>
          First Nameentered successfully
        </td>
      </tr>
      <tr class="event-row">
        <td><span class="badge log info-bg">Info</span></td>
        <td>9:23:28 PM</td>
        <td>
          Last Nameentered successfully
        </td>
      </tr>
      <tr class="event-row">
        <td><span class="badge log info-bg">Info</span></td>
        <td>9:23:29 PM</td>
        <td>
          Emailentered successfully
        </td>
      </tr>
      <tr class="event-row">
        <td><span class="badge log info-bg">Info</span></td>
        <td>9:23:29 PM</td>
        <td>
          Passwordentered successfully
        </td>
      </tr>
      <tr class="event-row">
        <td><span class="badge log info-bg">Info</span></td>
        <td>9:23:30 PM</td>
        <td>
          pasworderrormessageget text from element successfully
        </td>
      </tr>
      <tr class="event-row">
        <td><span class="badge log pass-bg">Pass</span></td>
        <td>9:23:30 PM</td>
        <td>
          Registration not completed for 'Password should be at least 8 characters' invalid data as expected
        </td>
      </tr>
      <tr class="event-row">
        <td><span class="badge log info-bg">Info</span></td>
        <td>9:23:31 PM</td>
        <td>
          Mousiki logoclicked successfully
        </td>
      </tr>
  </tbody>
</table>
</div>
          </div>
        </li>
        <li class="test-item"  status="fail" test-id="6"
          author=""
          tag=""
          device="">
          <div class="test-detail">
            <p class="name">TC_appregistration_negativeflow_Teacher_7</p>
            <p class="text-sm">
              <span>9:23:37 PM</span> / <span>00:00:11:189</span>
              <span class="badge fail-bg log float-right">Fail</span>
            </p>
          </div>
          <div class="test-contents d-none">
<div class="detail-head">
<div class="p-v-10">
<div class="info">
<h5 class="test-status text-fail">TC_appregistration_negativeflow_Teacher_7</h5>
<span class='badge badge-success'>09.21.2021 9:23:37 PM</span>
<span class='badge badge-danger'>09.21.2021 9:23:48 PM</span>
<span class='badge badge-default'>00:00:11:189</span>
&middot; <span class='uri-anchor badge badge-default'>#test-id=6</span>
<span class='badge badge-default pointer float-right ml-1 et'><i class="fa fa-chevron-down"></i></span>
<span class='badge badge-default pointer float-right ct'><i class="fa fa-chevron-up"></i></span>
</div>
</div>
</div>    <div class="row mb-3"><div class="col-md-3">
<img data-featherlight='C:\gitRepo\app\Selenium_Framework_Mousiki\screenshots\RUN_21_09_2021_09_23_39.png' src="C:\gitRepo\app\Selenium_Framework_Mousiki\screenshots\RUN_21_09_2021_09_23_39.png">
    <div class="title">Enter text fail</div>
    </div></div>
    <div class="row mb-3"><div class="col-md-3">
<img data-featherlight='C:\gitRepo\app\Selenium_Framework_Mousiki\screenshots\RUN_21_09_2021_09_23_39.png' src="C:\gitRepo\app\Selenium_Framework_Mousiki\screenshots\RUN_21_09_2021_09_23_39.png">
    <div class="title">Enter text fail</div>
    </div></div>
    <div class="row mb-3"><div class="col-md-3">
<img data-featherlight='C:\gitRepo\app\Selenium_Framework_Mousiki\screenshots\RUN_21_09_2021_09_23_43.png' src="C:\gitRepo\app\Selenium_Framework_Mousiki\screenshots\RUN_21_09_2021_09_23_43.png">
    <div class="title">Password should contain at least one lower case letter</div>
    </div></div>
    <div class="row mb-3"><div class="col-md-3">
<img data-featherlight='C:\gitRepo\app\Selenium_Framework_Mousiki\screenshots\RUN_21_09_2021_09_23_48.png' src="C:\gitRepo\app\Selenium_Framework_Mousiki\screenshots\RUN_21_09_2021_09_23_48.png">
    <div class="title">Click fail</div>
    </div></div>
<div class="detail-body mt-4">
<table class="table table-sm">
  <thead><tr><th class="status-col">Status</th><th class="timestamp-col">Timestamp</th><th class="details-col">Details</th></tr></thead>
  <tbody>
      <tr class="event-row">
        <td><span class="badge log info-bg">Info</span></td>
        <td>9:23:37 PM</td>
        <td>
          Sign Upclicked successfully
        </td>
      </tr>
      <tr class="event-row">
        <td><span class="badge log info-bg">Info</span></td>
        <td>9:23:38 PM</td>
        <td>
          I'm a Teacherclicked successfully
        </td>
      </tr>
      <tr class="event-row">
        <td><span class="badge log info-bg">Info</span></td>
        <td>9:23:38 PM</td>
        <td>
          First Nameentered successfully
        </td>
      </tr>
      <tr class="event-row">
        <td><span class="badge log info-bg">Info</span></td>
        <td>9:23:39 PM</td>
        <td>
          Last Nameentered successfully
        </td>
      </tr>
      <tr class="event-row">
        <td><span class="badge log fail-bg">Fail</span></td>
        <td>9:23:39 PM</td>
        <td>
          An exception occured while enter for element Email Exeception:org.openqa.selenium.NoSuchElementException: no such element: Unable to locate element: {"method":"xpath","selector":"//*[@id='email']"}
  (Session info: chrome=93.0.4577.82)
For documentation on this error, please visit: http://seleniumhq.org/exceptions/no_such_element.html
Build info: version: '3.141.5', revision: 'd54ebd709a', time: '2018-11-06T11:42:16'
System info: host: 'LAPTOP-DL44I5GH', ip: '192.168.1.17', os.name: 'Windows 10', os.arch: 'amd64', os.version: '10.0', java.version: '1.8.0_301'
Driver info: org.openqa.selenium.chrome.ChromeDriver
Capabilities {acceptInsecureCerts: false, browserName: chrome, browserVersion: 93.0.4577.82, chrome: {chromedriverVersion: 93.0.4577.63 (ff5c0da2ec0ad..., userDataDir: C:\Users\USER\AppData\Local...}, goog:chromeOptions: {debuggerAddress: localhost:55011}, javascriptEnabled: true, networkConnectionEnabled: false, pageLoadStrategy: normal, platform: WINDOWS, platformName: WINDOWS, proxy: Proxy(), setWindowRect: true, strictFileInteractability: false, timeouts: {implicit: 0, pageLoad: 300000, script: 30000}, unhandledPromptBehavior: dismiss and notify, webauthn:extension:credBlob: true, webauthn:extension:largeBlob: true, webauthn:virtualAuthenticators: true}
Session ID: 618f4fdb131a619dbe79f94cb3554e2c
*** Element info: {Using=xpath, value=//*[@id='email']}
        </td>
      </tr>
      <tr class="event-row">
        <td><span class="badge log fail-bg">Fail</span></td>
        <td>9:23:39 PM</td>
        <td>
          An exception occured while enter for element Password Exeception:org.openqa.selenium.NoSuchElementException: no such element: Unable to locate element: {"method":"xpath","selector":"//*[@id='password']"}
  (Session info: chrome=93.0.4577.82)
For documentation on this error, please visit: http://seleniumhq.org/exceptions/no_such_element.html
Build info: version: '3.141.5', revision: 'd54ebd709a', time: '2018-11-06T11:42:16'
System info: host: 'LAPTOP-DL44I5GH', ip: '192.168.1.17', os.name: 'Windows 10', os.arch: 'amd64', os.version: '10.0', java.version: '1.8.0_301'
Driver info: org.openqa.selenium.chrome.ChromeDriver
Capabilities {acceptInsecureCerts: false, browserName: chrome, browserVersion: 93.0.4577.82, chrome: {chromedriverVersion: 93.0.4577.63 (ff5c0da2ec0ad..., userDataDir: C:\Users\USER\AppData\Local...}, goog:chromeOptions: {debuggerAddress: localhost:55011}, javascriptEnabled: true, networkConnectionEnabled: false, pageLoadStrategy: normal, platform: WINDOWS, platformName: WINDOWS, proxy: Proxy(), setWindowRect: true, strictFileInteractability: false, timeouts: {implicit: 0, pageLoad: 300000, script: 30000}, unhandledPromptBehavior: dismiss and notify, webauthn:extension:credBlob: true, webauthn:extension:largeBlob: true, webauthn:virtualAuthenticators: true}
Session ID: 618f4fdb131a619dbe79f94cb3554e2c
*** Element info: {Using=xpath, value=//*[@id='password']}
        </td>
      </tr>
      <tr class="event-row">
        <td><span class="badge log info-bg">Info</span></td>
        <td>9:23:40 PM</td>
        <td>
          Registerclicked successfully
        </td>
      </tr>
      <tr class="event-row">
        <td><span class="badge log info-bg">Info</span></td>
        <td>9:23:43 PM</td>
        <td>
          pasworderrormessageget text from element successfully
        </td>
      </tr>
      <tr class="event-row">
        <td><span class="badge log pass-bg">Pass</span></td>
        <td>9:23:43 PM</td>
        <td>
          Registration not completed for 'Password should contain at least one lower case letter' invalid data as expected
        </td>
      </tr>
      <tr class="event-row">
        <td><span class="badge log fail-bg">Fail</span></td>
        <td>9:23:48 PM</td>
        <td>
          An exception occured while click for element Mousiki logo Exeception:org.openqa.selenium.NoSuchSessionException: Session ID is null. Using WebDriver after calling quit()?
Build info: version: '3.141.5', revision: 'd54ebd709a', time: '2018-11-06T11:42:16'
System info: host: 'LAPTOP-DL44I5GH', ip: '192.168.1.17', os.name: 'Windows 10', os.arch: 'amd64', os.version: '10.0', java.version: '1.8.0_301'
Driver info: driver.version: RemoteWebDriver
        </td>
      </tr>
  </tbody>
</table>
</div>
          </div>
        </li>
        <li class="test-item"  status="pass" test-id="7"
          author=""
          tag=""
          device="">
          <div class="test-detail">
            <p class="name">TC_appregistration_negativeflow_Teacher_6</p>
            <p class="text-sm">
              <span>9:23:39 PM</span> / <span>00:00:04:285</span>
              <span class="badge pass-bg log float-right">Pass</span>
            </p>
          </div>
          <div class="test-contents d-none">
<div class="detail-head">
<div class="p-v-10">
<div class="info">
<h5 class="test-status text-pass">TC_appregistration_negativeflow_Teacher_6</h5>
<span class='badge badge-success'>09.21.2021 9:23:39 PM</span>
<span class='badge badge-danger'>09.21.2021 9:23:43 PM</span>
<span class='badge badge-default'>00:00:04:285</span>
&middot; <span class='uri-anchor badge badge-default'>#test-id=7</span>
<span class='badge badge-default pointer float-right ml-1 et'><i class="fa fa-chevron-down"></i></span>
<span class='badge badge-default pointer float-right ct'><i class="fa fa-chevron-up"></i></span>
</div>
</div>
</div>    <div class="row mb-3"><div class="col-md-3">
<img data-featherlight='C:\gitRepo\app\Selenium_Framework_Mousiki\screenshots\RUN_21_09_2021_09_23_42.png' src="C:\gitRepo\app\Selenium_Framework_Mousiki\screenshots\RUN_21_09_2021_09_23_42.png">
    <div class="title">Password should contain at least one lower case letter</div>
    </div></div>
<div class="detail-body mt-4">
<table class="table table-sm">
  <thead><tr><th class="status-col">Status</th><th class="timestamp-col">Timestamp</th><th class="details-col">Details</th></tr></thead>
  <tbody>
      <tr class="event-row">
        <td><span class="badge log info-bg">Info</span></td>
        <td>9:23:39 PM</td>
        <td>
          Sign Upclicked successfully
        </td>
      </tr>
      <tr class="event-row">
        <td><span class="badge log info-bg">Info</span></td>
        <td>9:23:40 PM</td>
        <td>
          I'm a Teacherclicked successfully
        </td>
      </tr>
      <tr class="event-row">
        <td><span class="badge log info-bg">Info</span></td>
        <td>9:23:40 PM</td>
        <td>
          First Nameentered successfully
        </td>
      </tr>
      <tr class="event-row">
        <td><span class="badge log info-bg">Info</span></td>
        <td>9:23:40 PM</td>
        <td>
          Last Nameentered successfully
        </td>
      </tr>
      <tr class="event-row">
        <td><span class="badge log info-bg">Info</span></td>
        <td>9:23:41 PM</td>
        <td>
          Emailentered successfully
        </td>
      </tr>
      <tr class="event-row">
        <td><span class="badge log info-bg">Info</span></td>
        <td>9:23:41 PM</td>
        <td>
          Passwordentered successfully
        </td>
      </tr>
      <tr class="event-row">
        <td><span class="badge log info-bg">Info</span></td>
        <td>9:23:42 PM</td>
        <td>
          pasworderrormessageget text from element successfully
        </td>
      </tr>
      <tr class="event-row">
        <td><span class="badge log pass-bg">Pass</span></td>
        <td>9:23:42 PM</td>
        <td>
          Registration not completed for 'Password should contain at least one lower case letter' invalid data as expected
        </td>
      </tr>
      <tr class="event-row">
        <td><span class="badge log info-bg">Info</span></td>
        <td>9:23:43 PM</td>
        <td>
          Mousiki logoclicked successfully
        </td>
      </tr>
  </tbody>
</table>
</div>
          </div>
        </li>
        <li class="test-item"  status="fail" test-id="8"
          author=""
          tag=""
          device="">
          <div class="test-detail">
            <p class="name">TC_appregistration_negativeflow_Teacher_8</p>
            <p class="text-sm">
              <span>9:23:54 PM</span> / <span>00:00:04:797</span>
              <span class="badge fail-bg log float-right">Fail</span>
            </p>
          </div>
          <div class="test-contents d-none">
<div class="detail-head">
<div class="p-v-10">
<div class="info">
<h5 class="test-status text-fail">TC_appregistration_negativeflow_Teacher_8</h5>
<span class='badge badge-success'>09.21.2021 9:23:54 PM</span>
<span class='badge badge-danger'>09.21.2021 9:23:59 PM</span>
<span class='badge badge-default'>00:00:04:797</span>
&middot; <span class='uri-anchor badge badge-default'>#test-id=8</span>
<span class='badge badge-default pointer float-right ml-1 et'><i class="fa fa-chevron-down"></i></span>
<span class='badge badge-default pointer float-right ct'><i class="fa fa-chevron-up"></i></span>
</div>
</div>
</div>    <div class="row mb-3"><div class="col-md-3">
<img data-featherlight='C:\gitRepo\app\Selenium_Framework_Mousiki\screenshots\RUN_21_09_2021_09_23_57.png' src="C:\gitRepo\app\Selenium_Framework_Mousiki\screenshots\RUN_21_09_2021_09_23_57.png">
    <div class="title">Enter text fail</div>
    </div></div>
    <div class="row mb-3"><div class="col-md-3">
<img data-featherlight='C:\gitRepo\app\Selenium_Framework_Mousiki\screenshots\RUN_21_09_2021_09_23_58.png' src="C:\gitRepo\app\Selenium_Framework_Mousiki\screenshots\RUN_21_09_2021_09_23_58.png">
    <div class="title">Enter text fail</div>
    </div></div>
<div class="detail-body mt-4">
<table class="table table-sm">
  <thead><tr><th class="status-col">Status</th><th class="timestamp-col">Timestamp</th><th class="details-col">Details</th></tr></thead>
  <tbody>
      <tr class="event-row">
        <td><span class="badge log info-bg">Info</span></td>
        <td>9:23:54 PM</td>
        <td>
          Sign Upclicked successfully
        </td>
      </tr>
      <tr class="event-row">
        <td><span class="badge log info-bg">Info</span></td>
        <td>9:23:57 PM</td>
        <td>
          We're Music Schoolclicked successfully
        </td>
      </tr>
      <tr class="event-row">
        <td><span class="badge log info-bg">Info</span></td>
        <td>9:23:57 PM</td>
        <td>
          First Nameentered successfully
        </td>
      </tr>
      <tr class="event-row">
        <td><span class="badge log fail-bg">Fail</span></td>
        <td>9:23:57 PM</td>
        <td>
          An exception occured while enter for element Last Name Exeception:org.openqa.selenium.NoSuchElementException: no such element: Unable to locate element: {"method":"xpath","selector":"//*[@id='lastName']"}
  (Session info: chrome=93.0.4577.82)
For documentation on this error, please visit: http://seleniumhq.org/exceptions/no_such_element.html
Build info: version: '3.141.5', revision: 'd54ebd709a', time: '2018-11-06T11:42:16'
System info: host: 'LAPTOP-DL44I5GH', ip: '192.168.1.17', os.name: 'Windows 10', os.arch: 'amd64', os.version: '10.0', java.version: '1.8.0_301'
Driver info: org.openqa.selenium.chrome.ChromeDriver
Capabilities {acceptInsecureCerts: false, browserName: chrome, browserVersion: 93.0.4577.82, chrome: {chromedriverVersion: 93.0.4577.63 (ff5c0da2ec0ad..., userDataDir: C:\Users\USER\AppData\Local...}, goog:chromeOptions: {debuggerAddress: localhost:56879}, javascriptEnabled: true, networkConnectionEnabled: false, pageLoadStrategy: normal, platform: WINDOWS, platformName: WINDOWS, proxy: Proxy(), setWindowRect: true, strictFileInteractability: false, timeouts: {implicit: 0, pageLoad: 300000, script: 30000}, unhandledPromptBehavior: dismiss and notify, webauthn:extension:credBlob: true, webauthn:extension:largeBlob: true, webauthn:virtualAuthenticators: true}
Session ID: 8b3800aa2d336d54d5d9691e175a11e5
*** Element info: {Using=xpath, value=//*[@id='lastName']}
        </td>
      </tr>
      <tr class="event-row">
        <td><span class="badge log fail-bg">Fail</span></td>
        <td>9:23:58 PM</td>
        <td>
          An exception occured while enter for element Email Exeception:org.openqa.selenium.NoSuchElementException: no such element: Unable to locate element: {"method":"xpath","selector":"//*[@id='email']"}
  (Session info: chrome=93.0.4577.82)
For documentation on this error, please visit: http://seleniumhq.org/exceptions/no_such_element.html
Build info: version: '3.141.5', revision: 'd54ebd709a', time: '2018-11-06T11:42:16'
System info: host: 'LAPTOP-DL44I5GH', ip: '192.168.1.17', os.name: 'Windows 10', os.arch: 'amd64', os.version: '10.0', java.version: '1.8.0_301'
Driver info: org.openqa.selenium.chrome.ChromeDriver
Capabilities {acceptInsecureCerts: false, browserName: chrome, browserVersion: 93.0.4577.82, chrome: {chromedriverVersion: 93.0.4577.63 (ff5c0da2ec0ad..., userDataDir: C:\Users\USER\AppData\Local...}, goog:chromeOptions: {debuggerAddress: localhost:56879}, javascriptEnabled: true, networkConnectionEnabled: false, pageLoadStrategy: normal, platform: WINDOWS, platformName: WINDOWS, proxy: Proxy(), setWindowRect: true, strictFileInteractability: false, timeouts: {implicit: 0, pageLoad: 300000, script: 30000}, unhandledPromptBehavior: dismiss and notify, webauthn:extension:credBlob: true, webauthn:extension:largeBlob: true, webauthn:virtualAuthenticators: true}
Session ID: 8b3800aa2d336d54d5d9691e175a11e5
*** Element info: {Using=xpath, value=//*[@id='email']}
        </td>
      </tr>
      <tr class="event-row">
        <td><span class="badge log info-bg">Info</span></td>
        <td>9:23:58 PM</td>
        <td>
          Passwordentered successfully
        </td>
      </tr>
      <tr class="event-row">
        <td><span class="badge log info-bg">Info</span></td>
        <td>9:23:59 PM</td>
        <td>
          Registerclicked successfully
        </td>
      </tr>
      <tr class="event-row">
        <td><span class="badge log info-bg">Info</span></td>
        <td>9:23:59 PM</td>
        <td>
          Mousiki logoclicked successfully
        </td>
      </tr>
  </tbody>
</table>
</div>
          </div>
        </li>
        <li class="test-item"  status="fail" test-id="9"
          author=""
          tag=""
          device="">
          <div class="test-detail">
            <p class="name">TC_appregistration_negativeflow_Teacher_9</p>
            <p class="text-sm">
              <span>9:23:57 PM</span> / <span>00:00:08:976</span>
              <span class="badge fail-bg log float-right">Fail</span>
            </p>
          </div>
          <div class="test-contents d-none">
<div class="detail-head">
<div class="p-v-10">
<div class="info">
<h5 class="test-status text-fail">TC_appregistration_negativeflow_Teacher_9</h5>
<span class='badge badge-success'>09.21.2021 9:23:57 PM</span>
<span class='badge badge-danger'>09.21.2021 9:24:06 PM</span>
<span class='badge badge-default'>00:00:08:976</span>
&middot; <span class='uri-anchor badge badge-default'>#test-id=9</span>
<span class='badge badge-default pointer float-right ml-1 et'><i class="fa fa-chevron-down"></i></span>
<span class='badge badge-default pointer float-right ct'><i class="fa fa-chevron-up"></i></span>
</div>
</div>
</div>    <div class="row mb-3"><div class="col-md-3">
<img data-featherlight='C:\gitRepo\app\Selenium_Framework_Mousiki\screenshots\RUN_21_09_2021_09_23_59.png' src="C:\gitRepo\app\Selenium_Framework_Mousiki\screenshots\RUN_21_09_2021_09_23_59.png">
    <div class="title">Enter text fail</div>
    </div></div>
    <div class="row mb-3"><div class="col-md-3">
<img data-featherlight='C:\gitRepo\app\Selenium_Framework_Mousiki\screenshots\RUN_21_09_2021_09_24_05.png' src="C:\gitRepo\app\Selenium_Framework_Mousiki\screenshots\RUN_21_09_2021_09_24_05.png">
    <div class="title">Password should contain at least one non alpha numeric character</div>
    </div></div>
<div class="detail-body mt-4">
<table class="table table-sm">
  <thead><tr><th class="status-col">Status</th><th class="timestamp-col">Timestamp</th><th class="details-col">Details</th></tr></thead>
  <tbody>
      <tr class="event-row">
        <td><span class="badge log info-bg">Info</span></td>
        <td>9:23:57 PM</td>
        <td>
          Sign Upclicked successfully
        </td>
      </tr>
      <tr class="event-row">
        <td><span class="badge log info-bg">Info</span></td>
        <td>9:23:58 PM</td>
        <td>
          I'm a Teacherclicked successfully
        </td>
      </tr>
      <tr class="event-row">
        <td><span class="badge log info-bg">Info</span></td>
        <td>9:23:59 PM</td>
        <td>
          First Nameentered successfully
        </td>
      </tr>
      <tr class="event-row">
        <td><span class="badge log fail-bg">Fail</span></td>
        <td>9:23:59 PM</td>
        <td>
          An exception occured while enter for element Last Name Exeception:org.openqa.selenium.StaleElementReferenceException: stale element reference: element is not attached to the page document
  (Session info: chrome=93.0.4577.82)
For documentation on this error, please visit: http://seleniumhq.org/exceptions/stale_element_reference.html
Build info: version: '3.141.5', revision: 'd54ebd709a', time: '2018-11-06T11:42:16'
System info: host: 'LAPTOP-DL44I5GH', ip: '192.168.1.17', os.name: 'Windows 10', os.arch: 'amd64', os.version: '10.0', java.version: '1.8.0_301'
Driver info: org.openqa.selenium.chrome.ChromeDriver
Capabilities {acceptInsecureCerts: false, browserName: chrome, browserVersion: 93.0.4577.82, chrome: {chromedriverVersion: 93.0.4577.63 (ff5c0da2ec0ad..., userDataDir: C:\Users\USER\AppData\Local...}, goog:chromeOptions: {debuggerAddress: localhost:56879}, javascriptEnabled: true, networkConnectionEnabled: false, pageLoadStrategy: normal, platform: WINDOWS, platformName: WINDOWS, proxy: Proxy(), setWindowRect: true, strictFileInteractability: false, timeouts: {implicit: 0, pageLoad: 300000, script: 30000}, unhandledPromptBehavior: dismiss and notify, webauthn:extension:credBlob: true, webauthn:extension:largeBlob: true, webauthn:virtualAuthenticators: true}
Session ID: 8b3800aa2d336d54d5d9691e175a11e5
        </td>
      </tr>
      <tr class="event-row">
        <td><span class="badge log info-bg">Info</span></td>
        <td>9:24:00 PM</td>
        <td>
          Emailentered successfully
        </td>
      </tr>
      <tr class="event-row">
        <td><span class="badge log info-bg">Info</span></td>
        <td>9:24:00 PM</td>
        <td>
          Passwordentered successfully
        </td>
      </tr>
      <tr class="event-row">
        <td><span class="badge log info-bg">Info</span></td>
        <td>9:24:00 PM</td>
        <td>
          Registerclicked successfully
        </td>
      </tr>
      <tr class="event-row">
        <td><span class="badge log fail-bg">Fail</span></td>
        <td>9:24:05 PM</td>
        <td>
          Registration completed for 'Password should contain at least one non alpha numeric character' invalid data
        </td>
      </tr>
      <tr class="event-row">
        <td><span class="badge log info-bg">Info</span></td>
        <td>9:24:06 PM</td>
        <td>
          Mousiki logoclicked successfully
        </td>
      </tr>
  </tbody>
</table>
</div>
          </div>
        </li>
        <li class="test-item"  status="fail" test-id="10"
          author=""
          tag=""
          device="">
          <div class="test-detail">
            <p class="name">TC_appregistration_negativeflow_Teacher_10</p>
            <p class="text-sm">
              <span>9:24:11 PM</span> / <span>00:00:04:137</span>
              <span class="badge fail-bg log float-right">Fail</span>
            </p>
          </div>
          <div class="test-contents d-none">
<div class="detail-head">
<div class="p-v-10">
<div class="info">
<h5 class="test-status text-fail">TC_appregistration_negativeflow_Teacher_10</h5>
<span class='badge badge-success'>09.21.2021 9:24:11 PM</span>
<span class='badge badge-danger'>09.21.2021 9:24:15 PM</span>
<span class='badge badge-default'>00:00:04:137</span>
&middot; <span class='uri-anchor badge badge-default'>#test-id=10</span>
<span class='badge badge-default pointer float-right ml-1 et'><i class="fa fa-chevron-down"></i></span>
<span class='badge badge-default pointer float-right ct'><i class="fa fa-chevron-up"></i></span>
</div>
</div>
</div>    <div class="row mb-3"><div class="col-md-3">
<img data-featherlight='C:\gitRepo\app\Selenium_Framework_Mousiki\screenshots\RUN_21_09_2021_09_24_14.png' src="C:\gitRepo\app\Selenium_Framework_Mousiki\screenshots\RUN_21_09_2021_09_24_14.png">
    <div class="title">Enter text fail</div>
    </div></div>
    <div class="row mb-3"><div class="col-md-3">
<img data-featherlight='C:\gitRepo\app\Selenium_Framework_Mousiki\screenshots\RUN_21_09_2021_09_24_14.png' src="C:\gitRepo\app\Selenium_Framework_Mousiki\screenshots\RUN_21_09_2021_09_24_14.png">
    <div class="title">Enter text fail</div>
    </div></div>
    <div class="row mb-3"><div class="col-md-3">
<img data-featherlight='C:\gitRepo\app\Selenium_Framework_Mousiki\screenshots\RUN_21_09_2021_09_24_14.png' src="C:\gitRepo\app\Selenium_Framework_Mousiki\screenshots\RUN_21_09_2021_09_24_14.png">
    <div class="title">Enter text fail</div>
    </div></div>
    <div class="row mb-3"><div class="col-md-3">
<img data-featherlight='C:\gitRepo\app\Selenium_Framework_Mousiki\screenshots\RUN_21_09_2021_09_24_15.png' src="C:\gitRepo\app\Selenium_Framework_Mousiki\screenshots\RUN_21_09_2021_09_24_15.png">
    <div class="title">Password should contain at least one number</div>
    </div></div>
<div class="detail-body mt-4">
<table class="table table-sm">
  <thead><tr><th class="status-col">Status</th><th class="timestamp-col">Timestamp</th><th class="details-col">Details</th></tr></thead>
  <tbody>
      <tr class="event-row">
        <td><span class="badge log info-bg">Info</span></td>
        <td>9:24:11 PM</td>
        <td>
          Sign Upclicked successfully
        </td>
      </tr>
      <tr class="event-row">
        <td><span class="badge log info-bg">Info</span></td>
        <td>9:24:13 PM</td>
        <td>
          I'm a Teacherclicked successfully
        </td>
      </tr>
      <tr class="event-row">
        <td><span class="badge log info-bg">Info</span></td>
        <td>9:24:13 PM</td>
        <td>
          First Nameentered successfully
        </td>
      </tr>
      <tr class="event-row">
        <td><span class="badge log fail-bg">Fail</span></td>
        <td>9:24:14 PM</td>
        <td>
          An exception occured while enter for element Last Name Exeception:org.openqa.selenium.StaleElementReferenceException: stale element reference: element is not attached to the page document
  (Session info: chrome=93.0.4577.82)
For documentation on this error, please visit: http://seleniumhq.org/exceptions/stale_element_reference.html
Build info: version: '3.141.5', revision: 'd54ebd709a', time: '2018-11-06T11:42:16'
System info: host: 'LAPTOP-DL44I5GH', ip: '192.168.1.17', os.name: 'Windows 10', os.arch: 'amd64', os.version: '10.0', java.version: '1.8.0_301'
Driver info: org.openqa.selenium.chrome.ChromeDriver
Capabilities {acceptInsecureCerts: false, browserName: chrome, browserVersion: 93.0.4577.82, chrome: {chromedriverVersion: 93.0.4577.63 (ff5c0da2ec0ad..., userDataDir: C:\Users\USER\AppData\Local...}, goog:chromeOptions: {debuggerAddress: localhost:61579}, javascriptEnabled: true, networkConnectionEnabled: false, pageLoadStrategy: normal, platform: WINDOWS, platformName: WINDOWS, proxy: Proxy(), setWindowRect: true, strictFileInteractability: false, timeouts: {implicit: 0, pageLoad: 300000, script: 30000}, unhandledPromptBehavior: dismiss and notify, webauthn:extension:credBlob: true, webauthn:extension:largeBlob: true, webauthn:virtualAuthenticators: true}
Session ID: e174d14bc52942273239e436d75307ce
        </td>
      </tr>
      <tr class="event-row">
        <td><span class="badge log fail-bg">Fail</span></td>
        <td>9:24:14 PM</td>
        <td>
          An exception occured while enter for element Email Exeception:org.openqa.selenium.NoSuchElementException: no such element: Unable to locate element: {"method":"xpath","selector":"//*[@id='email']"}
  (Session info: chrome=93.0.4577.82)
For documentation on this error, please visit: http://seleniumhq.org/exceptions/no_such_element.html
Build info: version: '3.141.5', revision: 'd54ebd709a', time: '2018-11-06T11:42:16'
System info: host: 'LAPTOP-DL44I5GH', ip: '192.168.1.17', os.name: 'Windows 10', os.arch: 'amd64', os.version: '10.0', java.version: '1.8.0_301'
Driver info: org.openqa.selenium.chrome.ChromeDriver
Capabilities {acceptInsecureCerts: false, browserName: chrome, browserVersion: 93.0.4577.82, chrome: {chromedriverVersion: 93.0.4577.63 (ff5c0da2ec0ad..., userDataDir: C:\Users\USER\AppData\Local...}, goog:chromeOptions: {debuggerAddress: localhost:61579}, javascriptEnabled: true, networkConnectionEnabled: false, pageLoadStrategy: normal, platform: WINDOWS, platformName: WINDOWS, proxy: Proxy(), setWindowRect: true, strictFileInteractability: false, timeouts: {implicit: 0, pageLoad: 300000, script: 30000}, unhandledPromptBehavior: dismiss and notify, webauthn:extension:credBlob: true, webauthn:extension:largeBlob: true, webauthn:virtualAuthenticators: true}
Session ID: e174d14bc52942273239e436d75307ce
*** Element info: {Using=xpath, value=//*[@id='email']}
        </td>
      </tr>
      <tr class="event-row">
        <td><span class="badge log fail-bg">Fail</span></td>
        <td>9:24:14 PM</td>
        <td>
          An exception occured while enter for element Password Exeception:org.openqa.selenium.NoSuchElementException: no such element: Unable to locate element: {"method":"xpath","selector":"//*[@id='password']"}
  (Session info: chrome=93.0.4577.82)
For documentation on this error, please visit: http://seleniumhq.org/exceptions/no_such_element.html
Build info: version: '3.141.5', revision: 'd54ebd709a', time: '2018-11-06T11:42:16'
System info: host: 'LAPTOP-DL44I5GH', ip: '192.168.1.17', os.name: 'Windows 10', os.arch: 'amd64', os.version: '10.0', java.version: '1.8.0_301'
Driver info: org.openqa.selenium.chrome.ChromeDriver
Capabilities {acceptInsecureCerts: false, browserName: chrome, browserVersion: 93.0.4577.82, chrome: {chromedriverVersion: 93.0.4577.63 (ff5c0da2ec0ad..., userDataDir: C:\Users\USER\AppData\Local...}, goog:chromeOptions: {debuggerAddress: localhost:61579}, javascriptEnabled: true, networkConnectionEnabled: false, pageLoadStrategy: normal, platform: WINDOWS, platformName: WINDOWS, proxy: Proxy(), setWindowRect: true, strictFileInteractability: false, timeouts: {implicit: 0, pageLoad: 300000, script: 30000}, unhandledPromptBehavior: dismiss and notify, webauthn:extension:credBlob: true, webauthn:extension:largeBlob: true, webauthn:virtualAuthenticators: true}
Session ID: e174d14bc52942273239e436d75307ce
*** Element info: {Using=xpath, value=//*[@id='password']}
        </td>
      </tr>
      <tr class="event-row">
        <td><span class="badge log info-bg">Info</span></td>
        <td>9:24:14 PM</td>
        <td>
          Registerclicked successfully
        </td>
      </tr>
      <tr class="event-row">
        <td><span class="badge log info-bg">Info</span></td>
        <td>9:24:15 PM</td>
        <td>
          pasworderrormessageget text from element successfully
        </td>
      </tr>
      <tr class="event-row">
        <td><span class="badge log fail-bg">Fail</span></td>
        <td>9:24:15 PM</td>
        <td>
          Registration completed for 'Password should contain at least one number' invalid data
        </td>
      </tr>
      <tr class="event-row">
        <td><span class="badge log info-bg">Info</span></td>
        <td>9:24:15 PM</td>
        <td>
          Mousiki logoclicked successfully
        </td>
      </tr>
  </tbody>
</table>
</div>
          </div>
        </li>
        <li class="test-item"  status="fail" test-id="11"
          author=""
          tag=""
          device="">
          <div class="test-detail">
            <p class="name">TC_appregistration_negativeflow_Teacher_11</p>
            <p class="text-sm">
              <span>9:24:13 PM</span> / <span>00:00:08:860</span>
              <span class="badge fail-bg log float-right">Fail</span>
            </p>
          </div>
          <div class="test-contents d-none">
<div class="detail-head">
<div class="p-v-10">
<div class="info">
<h5 class="test-status text-fail">TC_appregistration_negativeflow_Teacher_11</h5>
<span class='badge badge-success'>09.21.2021 9:24:13 PM</span>
<span class='badge badge-danger'>09.21.2021 9:24:22 PM</span>
<span class='badge badge-default'>00:00:08:860</span>
&middot; <span class='uri-anchor badge badge-default'>#test-id=11</span>
<span class='badge badge-default pointer float-right ml-1 et'><i class="fa fa-chevron-down"></i></span>
<span class='badge badge-default pointer float-right ct'><i class="fa fa-chevron-up"></i></span>
</div>
</div>
</div>    <div class="row mb-3"><div class="col-md-3">
<img data-featherlight='C:\gitRepo\app\Selenium_Framework_Mousiki\screenshots\RUN_21_09_2021_09_24_15.png' src="C:\gitRepo\app\Selenium_Framework_Mousiki\screenshots\RUN_21_09_2021_09_24_15.png">
    <div class="title">Enter text fail</div>
    </div></div>
    <div class="row mb-3"><div class="col-md-3">
<img data-featherlight='C:\gitRepo\app\Selenium_Framework_Mousiki\screenshots\RUN_21_09_2021_09_24_21.png' src="C:\gitRepo\app\Selenium_Framework_Mousiki\screenshots\RUN_21_09_2021_09_24_21.png">
    <div class="title">Password should contain at least one upper case letter</div>
    </div></div>
<div class="detail-body mt-4">
<table class="table table-sm">
  <thead><tr><th class="status-col">Status</th><th class="timestamp-col">Timestamp</th><th class="details-col">Details</th></tr></thead>
  <tbody>
      <tr class="event-row">
        <td><span class="badge log info-bg">Info</span></td>
        <td>9:24:14 PM</td>
        <td>
          Sign Upclicked successfully
        </td>
      </tr>
      <tr class="event-row">
        <td><span class="badge log info-bg">Info</span></td>
        <td>9:24:14 PM</td>
        <td>
          I'm a Teacherclicked successfully
        </td>
      </tr>
      <tr class="event-row">
        <td><span class="badge log info-bg">Info</span></td>
        <td>9:24:15 PM</td>
        <td>
          First Nameentered successfully
        </td>
      </tr>
      <tr class="event-row">
        <td><span class="badge log info-bg">Info</span></td>
        <td>9:24:15 PM</td>
        <td>
          Last Nameentered successfully
        </td>
      </tr>
      <tr class="event-row">
        <td><span class="badge log fail-bg">Fail</span></td>
        <td>9:24:15 PM</td>
        <td>
          An exception occured while enter for element Email Exeception:org.openqa.selenium.StaleElementReferenceException: stale element reference: element is not attached to the page document
  (Session info: chrome=93.0.4577.82)
For documentation on this error, please visit: http://seleniumhq.org/exceptions/stale_element_reference.html
Build info: version: '3.141.5', revision: 'd54ebd709a', time: '2018-11-06T11:42:16'
System info: host: 'LAPTOP-DL44I5GH', ip: '192.168.1.17', os.name: 'Windows 10', os.arch: 'amd64', os.version: '10.0', java.version: '1.8.0_301'
Driver info: org.openqa.selenium.chrome.ChromeDriver
Capabilities {acceptInsecureCerts: false, browserName: chrome, browserVersion: 93.0.4577.82, chrome: {chromedriverVersion: 93.0.4577.63 (ff5c0da2ec0ad..., userDataDir: C:\Users\USER\AppData\Local...}, goog:chromeOptions: {debuggerAddress: localhost:61579}, javascriptEnabled: true, networkConnectionEnabled: false, pageLoadStrategy: normal, platform: WINDOWS, platformName: WINDOWS, proxy: Proxy(), setWindowRect: true, strictFileInteractability: false, timeouts: {implicit: 0, pageLoad: 300000, script: 30000}, unhandledPromptBehavior: dismiss and notify, webauthn:extension:credBlob: true, webauthn:extension:largeBlob: true, webauthn:virtualAuthenticators: true}
Session ID: e174d14bc52942273239e436d75307ce
        </td>
      </tr>
      <tr class="event-row">
        <td><span class="badge log info-bg">Info</span></td>
        <td>9:24:16 PM</td>
        <td>
          Passwordentered successfully
        </td>
      </tr>
      <tr class="event-row">
        <td><span class="badge log info-bg">Info</span></td>
        <td>9:24:16 PM</td>
        <td>
          Registerclicked successfully
        </td>
      </tr>
      <tr class="event-row">
        <td><span class="badge log fail-bg">Fail</span></td>
        <td>9:24:21 PM</td>
        <td>
          Registration completed for 'Password should contain at least one upper case letter' invalid data
        </td>
      </tr>
      <tr class="event-row">
        <td><span class="badge log info-bg">Info</span></td>
        <td>9:24:22 PM</td>
        <td>
          Mousiki logoclicked successfully
        </td>
      </tr>
  </tbody>
</table>
</div>
          </div>
        </li>
        <li class="test-item"  status="fail" test-id="12"
          author=""
          tag=""
          device="">
          <div class="test-detail">
            <p class="name">TC_appregistration_negativeflow_Teacher_12</p>
            <p class="text-sm">
              <span>9:24:25 PM</span> / <span>00:00:12:772</span>
              <span class="badge fail-bg log float-right">Fail</span>
            </p>
          </div>
          <div class="test-contents d-none">
<div class="detail-head">
<div class="p-v-10">
<div class="info">
<h5 class="test-status text-fail">TC_appregistration_negativeflow_Teacher_12</h5>
<span class='badge badge-success'>09.21.2021 9:24:25 PM</span>
<span class='badge badge-danger'>09.21.2021 9:24:38 PM</span>
<span class='badge badge-default'>00:00:12:772</span>
&middot; <span class='uri-anchor badge badge-default'>#test-id=12</span>
<span class='badge badge-default pointer float-right ml-1 et'><i class="fa fa-chevron-down"></i></span>
<span class='badge badge-default pointer float-right ct'><i class="fa fa-chevron-up"></i></span>
</div>
</div>
</div>    <div class="row mb-3"><div class="col-md-3">
<img data-featherlight='C:\gitRepo\app\Selenium_Framework_Mousiki\screenshots\RUN_21_09_2021_09_24_37.png' src="C:\gitRepo\app\Selenium_Framework_Mousiki\screenshots\RUN_21_09_2021_09_24_37.png">
    <div class="title">Password should contain at least one lower case letter</div>
    </div></div>
    <div class="row mb-3"><div class="col-md-3">
<img data-featherlight='C:\gitRepo\app\Selenium_Framework_Mousiki\screenshots\RUN_21_09_2021_09_24_37.png' src="C:\gitRepo\app\Selenium_Framework_Mousiki\screenshots\RUN_21_09_2021_09_24_37.png">
    <div class="title">Click fail</div>
    </div></div>
<div class="detail-body mt-4">
<table class="table table-sm">
  <thead><tr><th class="status-col">Status</th><th class="timestamp-col">Timestamp</th><th class="details-col">Details</th></tr></thead>
  <tbody>
      <tr class="event-row">
        <td><span class="badge log info-bg">Info</span></td>
        <td>9:24:25 PM</td>
        <td>
          Sign Upclicked successfully
        </td>
      </tr>
      <tr class="event-row">
        <td><span class="badge log info-bg">Info</span></td>
        <td>9:24:26 PM</td>
        <td>
          I'm a Teacherclicked successfully
        </td>
      </tr>
      <tr class="event-row">
        <td><span class="badge log info-bg">Info</span></td>
        <td>9:24:26 PM</td>
        <td>
          First Nameentered successfully
        </td>
      </tr>
      <tr class="event-row">
        <td><span class="badge log info-bg">Info</span></td>
        <td>9:24:27 PM</td>
        <td>
          Last Nameentered successfully
        </td>
      </tr>
      <tr class="event-row">
        <td><span class="badge log info-bg">Info</span></td>
        <td>9:24:27 PM</td>
        <td>
          Emailentered successfully
        </td>
      </tr>
      <tr class="event-row">
        <td><span class="badge log info-bg">Info</span></td>
        <td>9:24:27 PM</td>
        <td>
          Passwordentered successfully
        </td>
      </tr>
      <tr class="event-row">
        <td><span class="badge log fail-bg">Fail</span></td>
        <td>9:24:37 PM</td>
        <td>
          Registration completed for 'Password should contain at least one lower case letter' invalid data
        </td>
      </tr>
      <tr class="event-row">
        <td><span class="badge log fail-bg">Fail</span></td>
        <td>9:24:37 PM</td>
        <td>
          An exception occured while click for element Mousiki logo Exeception:org.openqa.selenium.NoSuchSessionException: Session ID is null. Using WebDriver after calling quit()?
Build info: version: '3.141.5', revision: 'd54ebd709a', time: '2018-11-06T11:42:16'
System info: host: 'LAPTOP-DL44I5GH', ip: '192.168.1.17', os.name: 'Windows 10', os.arch: 'amd64', os.version: '10.0', java.version: '1.8.0_301'
Driver info: driver.version: RemoteWebDriver
        </td>
      </tr>
  </tbody>
</table>
</div>
          </div>
        </li>
        <li class="test-item"  status="pass" test-id="13"
          author=""
          tag=""
          device="">
          <div class="test-detail">
            <p class="name">TC_appregistration_negativeflow_Teacher_14</p>
            <p class="text-sm">
              <span>9:24:28 PM</span> / <span>00:00:04:144</span>
              <span class="badge pass-bg log float-right">Pass</span>
            </p>
          </div>
          <div class="test-contents d-none">
<div class="detail-head">
<div class="p-v-10">
<div class="info">
<h5 class="test-status text-pass">TC_appregistration_negativeflow_Teacher_14</h5>
<span class='badge badge-success'>09.21.2021 9:24:28 PM</span>
<span class='badge badge-danger'>09.21.2021 9:24:33 PM</span>
<span class='badge badge-default'>00:00:04:144</span>
&middot; <span class='uri-anchor badge badge-default'>#test-id=13</span>
<span class='badge badge-default pointer float-right ml-1 et'><i class="fa fa-chevron-down"></i></span>
<span class='badge badge-default pointer float-right ct'><i class="fa fa-chevron-up"></i></span>
</div>
</div>
</div>    <div class="row mb-3"><div class="col-md-3">
<img data-featherlight='C:\gitRepo\app\Selenium_Framework_Mousiki\screenshots\RUN_21_09_2021_09_24_32.png' src="C:\gitRepo\app\Selenium_Framework_Mousiki\screenshots\RUN_21_09_2021_09_24_32.png">
    <div class="title">empty last name</div>
    </div></div>
<div class="detail-body mt-4">
<table class="table table-sm">
  <thead><tr><th class="status-col">Status</th><th class="timestamp-col">Timestamp</th><th class="details-col">Details</th></tr></thead>
  <tbody>
      <tr class="event-row">
        <td><span class="badge log info-bg">Info</span></td>
        <td>9:24:29 PM</td>
        <td>
          Sign Upclicked successfully
        </td>
      </tr>
      <tr class="event-row">
        <td><span class="badge log info-bg">Info</span></td>
        <td>9:24:29 PM</td>
        <td>
          I'm a Teacherclicked successfully
        </td>
      </tr>
      <tr class="event-row">
        <td><span class="badge log info-bg">Info</span></td>
        <td>9:24:30 PM</td>
        <td>
          First Nameentered successfully
        </td>
      </tr>
      <tr class="event-row">
        <td><span class="badge log info-bg">Info</span></td>
        <td>9:24:30 PM</td>
        <td>
          Last Nameentered successfully
        </td>
      </tr>
      <tr class="event-row">
        <td><span class="badge log info-bg">Info</span></td>
        <td>9:24:30 PM</td>
        <td>
          Emailentered successfully
        </td>
      </tr>
      <tr class="event-row">
        <td><span class="badge log info-bg">Info</span></td>
        <td>9:24:31 PM</td>
        <td>
          Passwordentered successfully
        </td>
      </tr>
      <tr class="event-row">
        <td><span class="badge log pass-bg">Pass</span></td>
        <td>9:24:32 PM</td>
        <td>
          Registration not completed for 'empty last name' invalid data as expected
        </td>
      </tr>
      <tr class="event-row">
        <td><span class="badge log info-bg">Info</span></td>
        <td>9:24:33 PM</td>
        <td>
          Mousiki logoclicked successfully
        </td>
      </tr>
  </tbody>
</table>
</div>
          </div>
        </li>
        <li class="test-item"  status="fail" test-id="14"
          author=""
          tag=""
          device="">
          <div class="test-detail">
            <p class="name">TC_appregistration_negativeflow_Student_2</p>
            <p class="text-sm">
              <span>9:24:43 PM</span> / <span>00:00:13:904</span>
              <span class="badge fail-bg log float-right">Fail</span>
            </p>
          </div>
          <div class="test-contents d-none">
<div class="detail-head">
<div class="p-v-10">
<div class="info">
<h5 class="test-status text-fail">TC_appregistration_negativeflow_Student_2</h5>
<span class='badge badge-success'>09.21.2021 9:24:43 PM</span>
<span class='badge badge-danger'>09.21.2021 9:24:56 PM</span>
<span class='badge badge-default'>00:00:13:904</span>
&middot; <span class='uri-anchor badge badge-default'>#test-id=14</span>
<span class='badge badge-default pointer float-right ml-1 et'><i class="fa fa-chevron-down"></i></span>
<span class='badge badge-default pointer float-right ct'><i class="fa fa-chevron-up"></i></span>
</div>
</div>
</div>    <div class="row mb-3"><div class="col-md-3">
<img data-featherlight='C:\gitRepo\app\Selenium_Framework_Mousiki\screenshots\RUN_21_09_2021_09_24_45.png' src="C:\gitRepo\app\Selenium_Framework_Mousiki\screenshots\RUN_21_09_2021_09_24_45.png">
    <div class="title">Enter text fail</div>
    </div></div>
    <div class="row mb-3"><div class="col-md-3">
<img data-featherlight='C:\gitRepo\app\Selenium_Framework_Mousiki\screenshots\RUN_21_09_2021_09_24_55.png' src="C:\gitRepo\app\Selenium_Framework_Mousiki\screenshots\RUN_21_09_2021_09_24_55.png">
    <div class="title">Last Name is invalid</div>
    </div></div>
    <div class="row mb-3"><div class="col-md-3">
<img data-featherlight='C:\gitRepo\app\Selenium_Framework_Mousiki\screenshots\RUN_21_09_2021_09_24_56.png' src="C:\gitRepo\app\Selenium_Framework_Mousiki\screenshots\RUN_21_09_2021_09_24_56.png">
    <div class="title">Click fail</div>
    </div></div>
<div class="detail-body mt-4">
<table class="table table-sm">
  <thead><tr><th class="status-col">Status</th><th class="timestamp-col">Timestamp</th><th class="details-col">Details</th></tr></thead>
  <tbody>
      <tr class="event-row">
        <td><span class="badge log info-bg">Info</span></td>
        <td>9:24:43 PM</td>
        <td>
          Sign Upclicked successfully
        </td>
      </tr>
      <tr class="event-row">
        <td><span class="badge log info-bg">Info</span></td>
        <td>9:24:43 PM</td>
        <td>
          I'm a Studentclicked successfully
        </td>
      </tr>
      <tr class="event-row">
        <td><span class="badge log info-bg">Info</span></td>
        <td>9:24:44 PM</td>
        <td>
          First Nameentered successfully
        </td>
      </tr>
      <tr class="event-row">
        <td><span class="badge log info-bg">Info</span></td>
        <td>9:24:44 PM</td>
        <td>
          Last Nameentered successfully
        </td>
      </tr>
      <tr class="event-row">
        <td><span class="badge log info-bg">Info</span></td>
        <td>9:24:45 PM</td>
        <td>
          Emailentered successfully
        </td>
      </tr>
      <tr class="event-row">
        <td><span class="badge log fail-bg">Fail</span></td>
        <td>9:24:45 PM</td>
        <td>
          An exception occured while enter for element Password Exeception:org.openqa.selenium.NoSuchElementException: no such element: Unable to locate element: {"method":"xpath","selector":"//*[@id='password']"}
  (Session info: chrome=93.0.4577.82)
For documentation on this error, please visit: http://seleniumhq.org/exceptions/no_such_element.html
Build info: version: '3.141.5', revision: 'd54ebd709a', time: '2018-11-06T11:42:16'
System info: host: 'LAPTOP-DL44I5GH', ip: '192.168.1.17', os.name: 'Windows 10', os.arch: 'amd64', os.version: '10.0', java.version: '1.8.0_301'
Driver info: org.openqa.selenium.chrome.ChromeDriver
Capabilities {acceptInsecureCerts: false, browserName: chrome, browserVersion: 93.0.4577.82, chrome: {chromedriverVersion: 93.0.4577.63 (ff5c0da2ec0ad..., userDataDir: C:\Users\USER\AppData\Local...}, goog:chromeOptions: {debuggerAddress: localhost:53452}, javascriptEnabled: true, networkConnectionEnabled: false, pageLoadStrategy: normal, platform: WINDOWS, platformName: WINDOWS, proxy: Proxy(), setWindowRect: true, strictFileInteractability: false, timeouts: {implicit: 0, pageLoad: 300000, script: 30000}, unhandledPromptBehavior: dismiss and notify, webauthn:extension:credBlob: true, webauthn:extension:largeBlob: true, webauthn:virtualAuthenticators: true}
Session ID: a75369c4a2a0de0e2dd90f4da66ea9ba
*** Element info: {Using=xpath, value=//*[@id='password']}
        </td>
      </tr>
      <tr class="event-row">
        <td><span class="badge log info-bg">Info</span></td>
        <td>9:24:47 PM</td>
        <td>
          Registerclicked successfully
        </td>
      </tr>
      <tr class="event-row">
        <td><span class="badge log fail-bg">Fail</span></td>
        <td>9:24:55 PM</td>
        <td>
          Registration completed for 'Last Name is invalid' invalid data
        </td>
      </tr>
      <tr class="event-row">
        <td><span class="badge log fail-bg">Fail</span></td>
        <td>9:24:56 PM</td>
        <td>
          An exception occured while click for element Mousiki logo Exeception:org.openqa.selenium.NoSuchSessionException: Session ID is null. Using WebDriver after calling quit()?
Build info: version: '3.141.5', revision: 'd54ebd709a', time: '2018-11-06T11:42:16'
System info: host: 'LAPTOP-DL44I5GH', ip: '192.168.1.17', os.name: 'Windows 10', os.arch: 'amd64', os.version: '10.0', java.version: '1.8.0_301'
Driver info: driver.version: RemoteWebDriver
        </td>
      </tr>
  </tbody>
</table>
</div>
          </div>
        </li>
        <li class="test-item"  status="pass" test-id="15"
          author=""
          tag=""
          device="">
          <div class="test-detail">
            <p class="name">TC_appregistration_negativeflow_Student_6</p>
            <p class="text-sm">
              <span>9:24:44 PM</span> / <span>00:00:06:510</span>
              <span class="badge pass-bg log float-right">Pass</span>
            </p>
          </div>
          <div class="test-contents d-none">
<div class="detail-head">
<div class="p-v-10">
<div class="info">
<h5 class="test-status text-pass">TC_appregistration_negativeflow_Student_6</h5>
<span class='badge badge-success'>09.21.2021 9:24:44 PM</span>
<span class='badge badge-danger'>09.21.2021 9:24:51 PM</span>
<span class='badge badge-default'>00:00:06:510</span>
&middot; <span class='uri-anchor badge badge-default'>#test-id=15</span>
<span class='badge badge-default pointer float-right ml-1 et'><i class="fa fa-chevron-down"></i></span>
<span class='badge badge-default pointer float-right ct'><i class="fa fa-chevron-up"></i></span>
</div>
</div>
</div>    <div class="row mb-3"><div class="col-md-3">
<img data-featherlight='C:\gitRepo\app\Selenium_Framework_Mousiki\screenshots\RUN_21_09_2021_09_24_50.png' src="C:\gitRepo\app\Selenium_Framework_Mousiki\screenshots\RUN_21_09_2021_09_24_50.png">
    <div class="title">Password should contain at least one lower case letter</div>
    </div></div>
<div class="detail-body mt-4">
<table class="table table-sm">
  <thead><tr><th class="status-col">Status</th><th class="timestamp-col">Timestamp</th><th class="details-col">Details</th></tr></thead>
  <tbody>
      <tr class="event-row">
        <td><span class="badge log info-bg">Info</span></td>
        <td>9:24:44 PM</td>
        <td>
          Sign Upclicked successfully
        </td>
      </tr>
      <tr class="event-row">
        <td><span class="badge log info-bg">Info</span></td>
        <td>9:24:47 PM</td>
        <td>
          I'm a Studentclicked successfully
        </td>
      </tr>
      <tr class="event-row">
        <td><span class="badge log info-bg">Info</span></td>
        <td>9:24:48 PM</td>
        <td>
          First Nameentered successfully
        </td>
      </tr>
      <tr class="event-row">
        <td><span class="badge log info-bg">Info</span></td>
        <td>9:24:48 PM</td>
        <td>
          Last Nameentered successfully
        </td>
      </tr>
      <tr class="event-row">
        <td><span class="badge log info-bg">Info</span></td>
        <td>9:24:48 PM</td>
        <td>
          Emailentered successfully
        </td>
      </tr>
      <tr class="event-row">
        <td><span class="badge log info-bg">Info</span></td>
        <td>9:24:49 PM</td>
        <td>
          Passwordentered successfully
        </td>
      </tr>
      <tr class="event-row">
        <td><span class="badge log info-bg">Info</span></td>
        <td>9:24:50 PM</td>
        <td>
          pasworderrormessageget text from element successfully
        </td>
      </tr>
      <tr class="event-row">
        <td><span class="badge log pass-bg">Pass</span></td>
        <td>9:24:50 PM</td>
        <td>
          Registration not completed for 'Password should contain at least one lower case letter' invalid data as expected
        </td>
      </tr>
      <tr class="event-row">
        <td><span class="badge log info-bg">Info</span></td>
        <td>9:24:51 PM</td>
        <td>
          Mousiki logoclicked successfully
        </td>
      </tr>
  </tbody>
</table>
</div>
          </div>
        </li>
        <li class="test-item"  status="fail" test-id="16"
          author=""
          tag=""
          device="">
          <div class="test-detail">
            <p class="name">TC_appregistration_positiveflow_Teacher</p>
            <p class="text-sm">
              <span>9:25:08 PM</span> / <span>00:00:39:432</span>
              <span class="badge fail-bg log float-right">Fail</span>
            </p>
          </div>
          <div class="test-contents d-none">
<div class="detail-head">
<div class="p-v-10">
<div class="info">
<h5 class="test-status text-fail">TC_appregistration_positiveflow_Teacher</h5>
<span class='badge badge-success'>09.21.2021 9:25:08 PM</span>
<span class='badge badge-danger'>09.21.2021 9:25:47 PM</span>
<span class='badge badge-default'>00:00:39:432</span>
&middot; <span class='uri-anchor badge badge-default'>#test-id=16</span>
<span class='badge badge-default pointer float-right ml-1 et'><i class="fa fa-chevron-down"></i></span>
<span class='badge badge-default pointer float-right ct'><i class="fa fa-chevron-up"></i></span>
</div>
</div>
</div>    <div class="row mb-3"><div class="col-md-3">
<img data-featherlight='C:\gitRepo\app\Selenium_Framework_Mousiki\screenshots\RUN_21_09_2021_09_25_11.png' src="C:\gitRepo\app\Selenium_Framework_Mousiki\screenshots\RUN_21_09_2021_09_25_11.png">
    <div class="title">Enter text fail</div>
    </div></div>
    <div class="row mb-3"><div class="col-md-3">
<img data-featherlight='C:\gitRepo\app\Selenium_Framework_Mousiki\screenshots\RUN_21_09_2021_09_25_42.png' src="C:\gitRepo\app\Selenium_Framework_Mousiki\screenshots\RUN_21_09_2021_09_25_42.png">
    <div class="title">Registration</div>
    </div></div>
    <div class="row mb-3"><div class="col-md-3">
<img data-featherlight='C:\gitRepo\app\Selenium_Framework_Mousiki\screenshots\RUN_21_09_2021_09_25_46.png' src="C:\gitRepo\app\Selenium_Framework_Mousiki\screenshots\RUN_21_09_2021_09_25_46.png">
    <div class="title">Registration verification</div>
    </div></div>
<div class="detail-body mt-4">
<table class="table table-sm">
  <thead><tr><th class="status-col">Status</th><th class="timestamp-col">Timestamp</th><th class="details-col">Details</th></tr></thead>
  <tbody>
      <tr class="event-row">
        <td><span class="badge log info-bg">Info</span></td>
        <td>9:25:08 PM</td>
        <td>
          Sign Upclicked successfully
        </td>
      </tr>
      <tr class="event-row">
        <td><span class="badge log info-bg">Info</span></td>
        <td>9:25:10 PM</td>
        <td>
          I'm a Teacherclicked successfully
        </td>
      </tr>
      <tr class="event-row">
        <td><span class="badge log info-bg">Info</span></td>
        <td>9:25:10 PM</td>
        <td>
          First Nameentered successfully
        </td>
      </tr>
      <tr class="event-row">
        <td><span class="badge log info-bg">Info</span></td>
        <td>9:25:10 PM</td>
        <td>
          Last Nameentered successfully
        </td>
      </tr>
      <tr class="event-row">
        <td><span class="badge log info-bg">Info</span></td>
        <td>9:25:11 PM</td>
        <td>
          Emailentered successfully
        </td>
      </tr>
      <tr class="event-row">
        <td><span class="badge log fail-bg">Fail</span></td>
        <td>9:25:11 PM</td>
        <td>
          An exception occured while enter for element Password Exeception:org.openqa.selenium.NoSuchElementException: no such element: Unable to locate element: {"method":"xpath","selector":"//*[@id='password']"}
  (Session info: chrome=93.0.4577.82)
For documentation on this error, please visit: http://seleniumhq.org/exceptions/no_such_element.html
Build info: version: '3.141.5', revision: 'd54ebd709a', time: '2018-11-06T11:42:16'
System info: host: 'LAPTOP-DL44I5GH', ip: '192.168.1.17', os.name: 'Windows 10', os.arch: 'amd64', os.version: '10.0', java.version: '1.8.0_301'
Driver info: org.openqa.selenium.chrome.ChromeDriver
Capabilities {acceptInsecureCerts: false, browserName: chrome, browserVersion: 93.0.4577.82, chrome: {chromedriverVersion: 93.0.4577.63 (ff5c0da2ec0ad..., userDataDir: C:\Users\USER\AppData\Local...}, goog:chromeOptions: {debuggerAddress: localhost:62343}, javascriptEnabled: true, networkConnectionEnabled: false, pageLoadStrategy: normal, platform: WINDOWS, platformName: WINDOWS, proxy: Proxy(), setWindowRect: true, strictFileInteractability: false, timeouts: {implicit: 0, pageLoad: 300000, script: 30000}, unhandledPromptBehavior: dismiss and notify, webauthn:extension:credBlob: true, webauthn:extension:largeBlob: true, webauthn:virtualAuthenticators: true}
Session ID: bd75adffe8286d5f122b89095c508d3b
*** Element info: {Using=xpath, value=//*[@id='password']}
        </td>
      </tr>
      <tr class="event-row">
        <td><span class="badge log info-bg">Info</span></td>
        <td>9:25:12 PM</td>
        <td>
          Registerclicked successfully
        </td>
      </tr>
      <tr class="event-row">
        <td><span class="badge log fail-bg">Fail</span></td>
        <td>9:25:42 PM</td>
        <td>
          Registration Failed due to error
        </td>
      </tr>
      <tr class="event-row">
        <td><span class="badge log fail-bg">Fail</span></td>
        <td>9:25:46 PM</td>
        <td>
          Registration verification link not available
        </td>
      </tr>
  </tbody>
</table>
</div>
          </div>
        </li>
        <li class="test-item"  status="fail" test-id="17"
          author=""
          tag=""
          device="">
          <div class="test-detail">
            <p class="name">TC_appregistration_positiveflow_MusicSchool</p>
            <p class="text-sm">
              <span>9:25:10 PM</span> / <span>00:00:39:205</span>
              <span class="badge fail-bg log float-right">Fail</span>
            </p>
          </div>
          <div class="test-contents d-none">
<div class="detail-head">
<div class="p-v-10">
<div class="info">
<h5 class="test-status text-fail">TC_appregistration_positiveflow_MusicSchool</h5>
<span class='badge badge-success'>09.21.2021 9:25:10 PM</span>
<span class='badge badge-danger'>09.21.2021 9:25:50 PM</span>
<span class='badge badge-default'>00:00:39:205</span>
&middot; <span class='uri-anchor badge badge-default'>#test-id=17</span>
<span class='badge badge-default pointer float-right ml-1 et'><i class="fa fa-chevron-down"></i></span>
<span class='badge badge-default pointer float-right ct'><i class="fa fa-chevron-up"></i></span>
</div>
</div>
</div>    <div class="row mb-3"><div class="col-md-3">
<img data-featherlight='C:\gitRepo\app\Selenium_Framework_Mousiki\screenshots\RUN_21_09_2021_09_25_44.png' src="C:\gitRepo\app\Selenium_Framework_Mousiki\screenshots\RUN_21_09_2021_09_25_44.png">
    <div class="title">Registration</div>
    </div></div>
    <div class="row mb-3"><div class="col-md-3">
<img data-featherlight='C:\gitRepo\app\Selenium_Framework_Mousiki\screenshots\RUN_21_09_2021_09_25_49.png' src="C:\gitRepo\app\Selenium_Framework_Mousiki\screenshots\RUN_21_09_2021_09_25_49.png">
    <div class="title">Registration verification</div>
    </div></div>
<div class="detail-body mt-4">
<table class="table table-sm">
  <thead><tr><th class="status-col">Status</th><th class="timestamp-col">Timestamp</th><th class="details-col">Details</th></tr></thead>
  <tbody>
      <tr class="event-row">
        <td><span class="badge log info-bg">Info</span></td>
        <td>9:25:10 PM</td>
        <td>
          Sign Upclicked successfully
        </td>
      </tr>
      <tr class="event-row">
        <td><span class="badge log info-bg">Info</span></td>
        <td>9:25:11 PM</td>
        <td>
          We're Music Schoolclicked successfully
        </td>
      </tr>
      <tr class="event-row">
        <td><span class="badge log info-bg">Info</span></td>
        <td>9:25:11 PM</td>
        <td>
          First Nameentered successfully
        </td>
      </tr>
      <tr class="event-row">
        <td><span class="badge log info-bg">Info</span></td>
        <td>9:25:12 PM</td>
        <td>
          Last Nameentered successfully
        </td>
      </tr>
      <tr class="event-row">
        <td><span class="badge log info-bg">Info</span></td>
        <td>9:25:12 PM</td>
        <td>
          Emailentered successfully
        </td>
      </tr>
      <tr class="event-row">
        <td><span class="badge log info-bg">Info</span></td>
        <td>9:25:13 PM</td>
        <td>
          Passwordentered successfully
        </td>
      </tr>
      <tr class="event-row">
        <td><span class="badge log fail-bg">Fail</span></td>
        <td>9:25:44 PM</td>
        <td>
          Registration Failed due to error
        </td>
      </tr>
      <tr class="event-row">
        <td><span class="badge log fail-bg">Fail</span></td>
        <td>9:25:49 PM</td>
        <td>
          Registration verification link not available
        </td>
      </tr>
  </tbody>
</table>
</div>
          </div>
        </li>
        <li class="test-item"  status="fail" test-id="18"
          author=""
          tag=""
          device="">
          <div class="test-detail">
            <p class="name">TC_appregistration_positiveflow_Student</p>
            <p class="text-sm">
              <span>9:25:55 PM</span> / <span>00:00:11:315</span>
              <span class="badge fail-bg log float-right">Fail</span>
            </p>
          </div>
          <div class="test-contents d-none">
<div class="detail-head">
<div class="p-v-10">
<div class="info">
<h5 class="test-status text-fail">TC_appregistration_positiveflow_Student</h5>
<span class='badge badge-success'>09.21.2021 9:25:55 PM</span>
<span class='badge badge-danger'>09.21.2021 9:26:06 PM</span>
<span class='badge badge-default'>00:00:11:315</span>
&middot; <span class='uri-anchor badge badge-default'>#test-id=18</span>
<span class='badge badge-default pointer float-right ml-1 et'><i class="fa fa-chevron-down"></i></span>
<span class='badge badge-default pointer float-right ct'><i class="fa fa-chevron-up"></i></span>
</div>
</div>
</div>    <div class="row mb-3"><div class="col-md-3">
<img data-featherlight='C:\gitRepo\app\Selenium_Framework_Mousiki\screenshots\RUN_21_09_2021_09_25_56.png' src="C:\gitRepo\app\Selenium_Framework_Mousiki\screenshots\RUN_21_09_2021_09_25_56.png">
    <div class="title">Enter text fail</div>
    </div></div>
    <div class="row mb-3"><div class="col-md-3">
<img data-featherlight='C:\gitRepo\app\Selenium_Framework_Mousiki\screenshots\RUN_21_09_2021_09_25_56.png' src="C:\gitRepo\app\Selenium_Framework_Mousiki\screenshots\RUN_21_09_2021_09_25_56.png">
    <div class="title">Enter text fail</div>
    </div></div>
    <div class="row mb-3"><div class="col-md-3">
<img data-featherlight='C:\gitRepo\app\Selenium_Framework_Mousiki\screenshots\RUN_21_09_2021_09_25_57.png' src="C:\gitRepo\app\Selenium_Framework_Mousiki\screenshots\RUN_21_09_2021_09_25_57.png">
    <div class="title">Enter text fail</div>
    </div></div>
    <div class="row mb-3"><div class="col-md-3">
<img data-featherlight='C:\gitRepo\app\Selenium_Framework_Mousiki\screenshots\RUN_21_09_2021_09_26_01.png' src="C:\gitRepo\app\Selenium_Framework_Mousiki\screenshots\RUN_21_09_2021_09_26_01.png">
    <div class="title">Registration</div>
    </div></div>
    <div class="row mb-3"><div class="col-md-3">
<img data-featherlight='C:\gitRepo\app\Selenium_Framework_Mousiki\screenshots\RUN_21_09_2021_09_26_05.png' src="C:\gitRepo\app\Selenium_Framework_Mousiki\screenshots\RUN_21_09_2021_09_26_05.png">
    <div class="title">Registration verification</div>
    </div></div>
<div class="detail-body mt-4">
<table class="table table-sm">
  <thead><tr><th class="status-col">Status</th><th class="timestamp-col">Timestamp</th><th class="details-col">Details</th></tr></thead>
  <tbody>
      <tr class="event-row">
        <td><span class="badge log info-bg">Info</span></td>
        <td>9:25:55 PM</td>
        <td>
          Sign Upclicked successfully
        </td>
      </tr>
      <tr class="event-row">
        <td><span class="badge log info-bg">Info</span></td>
        <td>9:25:56 PM</td>
        <td>
          I'm a Studentclicked successfully
        </td>
      </tr>
      <tr class="event-row">
        <td><span class="badge log fail-bg">Fail</span></td>
        <td>9:25:56 PM</td>
        <td>
          An exception occured while enter for element First Name Exeception:org.openqa.selenium.NoSuchElementException: no such element: Unable to locate element: {"method":"xpath","selector":"//*[@id='firstName']"}
  (Session info: chrome=93.0.4577.82)
For documentation on this error, please visit: http://seleniumhq.org/exceptions/no_such_element.html
Build info: version: '3.141.5', revision: 'd54ebd709a', time: '2018-11-06T11:42:16'
System info: host: 'LAPTOP-DL44I5GH', ip: '192.168.1.17', os.name: 'Windows 10', os.arch: 'amd64', os.version: '10.0', java.version: '1.8.0_301'
Driver info: org.openqa.selenium.chrome.ChromeDriver
Capabilities {acceptInsecureCerts: false, browserName: chrome, browserVersion: 93.0.4577.82, chrome: {chromedriverVersion: 93.0.4577.63 (ff5c0da2ec0ad..., userDataDir: C:\Users\USER\AppData\Local...}, goog:chromeOptions: {debuggerAddress: localhost:54776}, javascriptEnabled: true, networkConnectionEnabled: false, pageLoadStrategy: normal, platform: WINDOWS, platformName: WINDOWS, proxy: Proxy(), setWindowRect: true, strictFileInteractability: false, timeouts: {implicit: 0, pageLoad: 300000, script: 30000}, unhandledPromptBehavior: dismiss and notify, webauthn:extension:credBlob: true, webauthn:extension:largeBlob: true, webauthn:virtualAuthenticators: true}
Session ID: 385ca0508e5f01c525ae137d7c9a9ce9
*** Element info: {Using=xpath, value=//*[@id='firstName']}
        </td>
      </tr>
      <tr class="event-row">
        <td><span class="badge log fail-bg">Fail</span></td>
        <td>9:25:56 PM</td>
        <td>
          An exception occured while enter for element Last Name Exeception:org.openqa.selenium.NoSuchElementException: no such element: Unable to locate element: {"method":"xpath","selector":"//*[@id='lastName']"}
  (Session info: chrome=93.0.4577.82)
For documentation on this error, please visit: http://seleniumhq.org/exceptions/no_such_element.html
Build info: version: '3.141.5', revision: 'd54ebd709a', time: '2018-11-06T11:42:16'
System info: host: 'LAPTOP-DL44I5GH', ip: '192.168.1.17', os.name: 'Windows 10', os.arch: 'amd64', os.version: '10.0', java.version: '1.8.0_301'
Driver info: org.openqa.selenium.chrome.ChromeDriver
Capabilities {acceptInsecureCerts: false, browserName: chrome, browserVersion: 93.0.4577.82, chrome: {chromedriverVersion: 93.0.4577.63 (ff5c0da2ec0ad..., userDataDir: C:\Users\USER\AppData\Local...}, goog:chromeOptions: {debuggerAddress: localhost:54776}, javascriptEnabled: true, networkConnectionEnabled: false, pageLoadStrategy: normal, platform: WINDOWS, platformName: WINDOWS, proxy: Proxy(), setWindowRect: true, strictFileInteractability: false, timeouts: {implicit: 0, pageLoad: 300000, script: 30000}, unhandledPromptBehavior: dismiss and notify, webauthn:extension:credBlob: true, webauthn:extension:largeBlob: true, webauthn:virtualAuthenticators: true}
Session ID: 385ca0508e5f01c525ae137d7c9a9ce9
*** Element info: {Using=xpath, value=//*[@id='lastName']}
        </td>
      </tr>
      <tr class="event-row">
        <td><span class="badge log fail-bg">Fail</span></td>
        <td>9:25:57 PM</td>
        <td>
          An exception occured while enter for element Email Exeception:org.openqa.selenium.StaleElementReferenceException: stale element reference: element is not attached to the page document
  (Session info: chrome=93.0.4577.82)
For documentation on this error, please visit: http://seleniumhq.org/exceptions/stale_element_reference.html
Build info: version: '3.141.5', revision: 'd54ebd709a', time: '2018-11-06T11:42:16'
System info: host: 'LAPTOP-DL44I5GH', ip: '192.168.1.17', os.name: 'Windows 10', os.arch: 'amd64', os.version: '10.0', java.version: '1.8.0_301'
Driver info: org.openqa.selenium.chrome.ChromeDriver
Capabilities {acceptInsecureCerts: false, browserName: chrome, browserVersion: 93.0.4577.82, chrome: {chromedriverVersion: 93.0.4577.63 (ff5c0da2ec0ad..., userDataDir: C:\Users\USER\AppData\Local...}, goog:chromeOptions: {debuggerAddress: localhost:54776}, javascriptEnabled: true, networkConnectionEnabled: false, pageLoadStrategy: normal, platform: WINDOWS, platformName: WINDOWS, proxy: Proxy(), setWindowRect: true, strictFileInteractability: false, timeouts: {implicit: 0, pageLoad: 300000, script: 30000}, unhandledPromptBehavior: dismiss and notify, webauthn:extension:credBlob: true, webauthn:extension:largeBlob: true, webauthn:virtualAuthenticators: true}
Session ID: 385ca0508e5f01c525ae137d7c9a9ce9
        </td>
      </tr>
      <tr class="event-row">
        <td><span class="badge log info-bg">Info</span></td>
        <td>9:25:58 PM</td>
        <td>
          Passwordentered successfully
        </td>
      </tr>
      <tr class="event-row">
        <td><span class="badge log pass-bg">Pass</span></td>
        <td>9:26:01 PM</td>
        <td>
          Registration completed sucessfully
        </td>
      </tr>
      <tr class="event-row">
        <td><span class="badge log fail-bg">Fail</span></td>
        <td>9:26:05 PM</td>
        <td>
          Registration verification link not available
        </td>
      </tr>
  </tbody>
</table>
</div>
          </div>
        </li>
        <li class="test-item"  status="fail" test-id="19"
          author=""
          tag=""
          device="">
          <div class="test-detail">
            <p class="name">TC_appregistration_positiveflow_Parent</p>
            <p class="text-sm">
              <span>9:25:56 PM</span> / <span>00:00:32:011</span>
              <span class="badge fail-bg log float-right">Fail</span>
            </p>
          </div>
          <div class="test-contents d-none">
<div class="detail-head">
<div class="p-v-10">
<div class="info">
<h5 class="test-status text-fail">TC_appregistration_positiveflow_Parent</h5>
<span class='badge badge-success'>09.21.2021 9:25:56 PM</span>
<span class='badge badge-danger'>09.21.2021 9:26:28 PM</span>
<span class='badge badge-default'>00:00:32:011</span>
&middot; <span class='uri-anchor badge badge-default'>#test-id=19</span>
<span class='badge badge-default pointer float-right ml-1 et'><i class="fa fa-chevron-down"></i></span>
<span class='badge badge-default pointer float-right ct'><i class="fa fa-chevron-up"></i></span>
</div>
</div>
</div>    <div class="row mb-3"><div class="col-md-3">
<img data-featherlight='C:\gitRepo\app\Selenium_Framework_Mousiki\screenshots\RUN_21_09_2021_09_26_01.png' src="C:\gitRepo\app\Selenium_Framework_Mousiki\screenshots\RUN_21_09_2021_09_26_01.png">
    <div class="title">Click fail</div>
    </div></div>
    <div class="row mb-3"><div class="col-md-3">
<img data-featherlight='C:\gitRepo\app\Selenium_Framework_Mousiki\screenshots\RUN_21_09_2021_09_26_01.png' src="C:\gitRepo\app\Selenium_Framework_Mousiki\screenshots\RUN_21_09_2021_09_26_01.png">
    <div class="title">Registration</div>
    </div></div>
    <div class="row mb-3"><div class="col-md-3">
<img data-featherlight='C:\gitRepo\app\Selenium_Framework_Mousiki\screenshots\RUN_21_09_2021_09_26_07.png' src="C:\gitRepo\app\Selenium_Framework_Mousiki\screenshots\RUN_21_09_2021_09_26_07.png">
    <div class="title">Registration confirmation</div>
    </div></div>
    <div class="row mb-3"><div class="col-md-3">
<img data-featherlight='C:\gitRepo\app\Selenium_Framework_Mousiki\screenshots\RUN_21_09_2021_09_26_07.png' src="C:\gitRepo\app\Selenium_Framework_Mousiki\screenshots\RUN_21_09_2021_09_26_07.png">
    <div class="title">Enter text fail</div>
    </div></div>
    <div class="row mb-3"><div class="col-md-3">
<img data-featherlight='C:\gitRepo\app\Selenium_Framework_Mousiki\screenshots\RUN_21_09_2021_09_26_07.png' src="C:\gitRepo\app\Selenium_Framework_Mousiki\screenshots\RUN_21_09_2021_09_26_07.png">
    <div class="title">Enter text fail</div>
    </div></div>
    <div class="row mb-3"><div class="col-md-3">
<img data-featherlight='C:\gitRepo\app\Selenium_Framework_Mousiki\screenshots\RUN_21_09_2021_09_26_28.png' src="C:\gitRepo\app\Selenium_Framework_Mousiki\screenshots\RUN_21_09_2021_09_26_28.png">
    <div class="title">Login</div>
    </div></div>
<div class="detail-body mt-4">
<table class="table table-sm">
  <thead><tr><th class="status-col">Status</th><th class="timestamp-col">Timestamp</th><th class="details-col">Details</th></tr></thead>
  <tbody>
      <tr class="event-row">
        <td><span class="badge log info-bg">Info</span></td>
        <td>9:25:56 PM</td>
        <td>
          Sign Upclicked successfully
        </td>
      </tr>
      <tr class="event-row">
        <td><span class="badge log info-bg">Info</span></td>
        <td>9:25:57 PM</td>
        <td>
          I'm a Parentclicked successfully
        </td>
      </tr>
      <tr class="event-row">
        <td><span class="badge log info-bg">Info</span></td>
        <td>9:25:57 PM</td>
        <td>
          First Nameentered successfully
        </td>
      </tr>
      <tr class="event-row">
        <td><span class="badge log info-bg">Info</span></td>
        <td>9:25:58 PM</td>
        <td>
          Last Nameentered successfully
        </td>
      </tr>
      <tr class="event-row">
        <td><span class="badge log info-bg">Info</span></td>
        <td>9:25:59 PM</td>
        <td>
          Emailentered successfully
        </td>
      </tr>
      <tr class="event-row">
        <td><span class="badge log info-bg">Info</span></td>
        <td>9:25:59 PM</td>
        <td>
          Passwordentered successfully
        </td>
      </tr>
      <tr class="event-row">
        <td><span class="badge log fail-bg">Fail</span></td>
        <td>9:26:01 PM</td>
        <td>
          An exception occured while click for element Register Exeception:org.openqa.selenium.NoSuchElementException: no such element: Unable to locate element: {"method":"xpath","selector":"//button[contains(.,'Register')]"}
  (Session info: chrome=93.0.4577.82)
For documentation on this error, please visit: http://seleniumhq.org/exceptions/no_such_element.html
Build info: version: '3.141.5', revision: 'd54ebd709a', time: '2018-11-06T11:42:16'
System info: host: 'LAPTOP-DL44I5GH', ip: '192.168.1.17', os.name: 'Windows 10', os.arch: 'amd64', os.version: '10.0', java.version: '1.8.0_301'
Driver info: org.openqa.selenium.chrome.ChromeDriver
Capabilities {acceptInsecureCerts: false, browserName: chrome, browserVersion: 93.0.4577.82, chrome: {chromedriverVersion: 93.0.4577.63 (ff5c0da2ec0ad..., userDataDir: C:\Users\USER\AppData\Local...}, goog:chromeOptions: {debuggerAddress: localhost:54776}, javascriptEnabled: true, networkConnectionEnabled: false, pageLoadStrategy: normal, platform: WINDOWS, platformName: WINDOWS, proxy: Proxy(), setWindowRect: true, strictFileInteractability: false, timeouts: {implicit: 0, pageLoad: 300000, script: 30000}, unhandledPromptBehavior: dismiss and notify, webauthn:extension:credBlob: true, webauthn:extension:largeBlob: true, webauthn:virtualAuthenticators: true}
Session ID: 385ca0508e5f01c525ae137d7c9a9ce9
*** Element info: {Using=xpath, value=//button[contains(.,'Register')]}
        </td>
      </tr>
      <tr class="event-row">
        <td><span class="badge log pass-bg">Pass</span></td>
        <td>9:26:01 PM</td>
        <td>
          Registration completed sucessfully
        </td>
      </tr>
      <tr class="event-row">
        <td><span class="badge log pass-bg">Pass</span></td>
        <td>9:26:07 PM</td>
        <td>
          Registration confirmated sucessfully, Username:Kl24LWMlS1@gmail.com password:Sgidfn345@
        </td>
      </tr>
      <tr class="event-row">
        <td><span class="badge log info-bg">Info</span></td>
        <td>9:26:07 PM</td>
        <td>
          Login after register confirmationclicked successfully
        </td>
      </tr>
      <tr class="event-row">
        <td><span class="badge log fail-bg">Fail</span></td>
        <td>9:26:07 PM</td>
        <td>
          An exception occured while enter for element UserName Exeception:org.openqa.selenium.NoSuchElementException: no such element: Unable to locate element: {"method":"xpath","selector":"//*[@id='username']"}
  (Session info: chrome=93.0.4577.82)
For documentation on this error, please visit: http://seleniumhq.org/exceptions/no_such_element.html
Build info: version: '3.141.5', revision: 'd54ebd709a', time: '2018-11-06T11:42:16'
System info: host: 'LAPTOP-DL44I5GH', ip: '192.168.1.17', os.name: 'Windows 10', os.arch: 'amd64', os.version: '10.0', java.version: '1.8.0_301'
Driver info: org.openqa.selenium.chrome.ChromeDriver
Capabilities {acceptInsecureCerts: false, browserName: chrome, browserVersion: 93.0.4577.82, chrome: {chromedriverVersion: 93.0.4577.63 (ff5c0da2ec0ad..., userDataDir: C:\Users\USER\AppData\Local...}, goog:chromeOptions: {debuggerAddress: localhost:54776}, javascriptEnabled: true, networkConnectionEnabled: false, pageLoadStrategy: normal, platform: WINDOWS, platformName: WINDOWS, proxy: Proxy(), setWindowRect: true, strictFileInteractability: false, timeouts: {implicit: 0, pageLoad: 300000, script: 30000}, unhandledPromptBehavior: dismiss and notify, webauthn:extension:credBlob: true, webauthn:extension:largeBlob: true, webauthn:virtualAuthenticators: true}
Session ID: 385ca0508e5f01c525ae137d7c9a9ce9
*** Element info: {Using=xpath, value=//*[@id='username']}
        </td>
      </tr>
      <tr class="event-row">
        <td><span class="badge log fail-bg">Fail</span></td>
        <td>9:26:07 PM</td>
        <td>
          An exception occured while enter for element Password Exeception:org.openqa.selenium.NoSuchElementException: no such element: Unable to locate element: {"method":"xpath","selector":"//*[@id='password']"}
  (Session info: chrome=93.0.4577.82)
For documentation on this error, please visit: http://seleniumhq.org/exceptions/no_such_element.html
Build info: version: '3.141.5', revision: 'd54ebd709a', time: '2018-11-06T11:42:16'
System info: host: 'LAPTOP-DL44I5GH', ip: '192.168.1.17', os.name: 'Windows 10', os.arch: 'amd64', os.version: '10.0', java.version: '1.8.0_301'
Driver info: org.openqa.selenium.chrome.ChromeDriver
Capabilities {acceptInsecureCerts: false, browserName: chrome, browserVersion: 93.0.4577.82, chrome: {chromedriverVersion: 93.0.4577.63 (ff5c0da2ec0ad..., userDataDir: C:\Users\USER\AppData\Local...}, goog:chromeOptions: {debuggerAddress: localhost:54776}, javascriptEnabled: true, networkConnectionEnabled: false, pageLoadStrategy: normal, platform: WINDOWS, platformName: WINDOWS, proxy: Proxy(), setWindowRect: true, strictFileInteractability: false, timeouts: {implicit: 0, pageLoad: 300000, script: 30000}, unhandledPromptBehavior: dismiss and notify, webauthn:extension:credBlob: true, webauthn:extension:largeBlob: true, webauthn:virtualAuthenticators: true}
Session ID: 385ca0508e5f01c525ae137d7c9a9ce9
*** Element info: {Using=xpath, value=//*[@id='password']}
        </td>
      </tr>
      <tr class="event-row">
        <td><span class="badge log info-bg">Info</span></td>
        <td>9:26:07 PM</td>
        <td>
          Log Inclicked successfully
        </td>
      </tr>
      <tr class="event-row">
        <td><span class="badge log pass-bg">Pass</span></td>
        <td>9:26:28 PM</td>
        <td>
          Login completed sucessfully
        </td>
      </tr>
  </tbody>
</table>
</div>
          </div>
        </li>
      </ul>
    </div>
  </div>
<div class="test-content scrollable">
<div class="test-content-tools">
<ul><li><a class="back-to-test" href="#"><i class="fa fa-arrow-left"></i></a></li></ul>
</div>
<div class="test-content-detail"><div class="detail-body"></div></div>
</div></div>
<div class="container-fluid p-4 view dashboard-view">
<div class="row">
<div class="col-md-3">
<div class="card"><div class="card-body">
<p class="m-b-0">Started</p>
<h3>Sep 21, 2021 09:22:39 PM</h3>
</div></div>
</div>
<div class="col-md-3">
<div class="card"><div class="card-body">
<p class="m-b-0">Ended</p>
<h3>Sep 21, 2021 09:26:59 PM</h3>
</div></div>
</div>
<div class="col-md-3">
<div class="card"><div class="card-body">
<p class="m-b-0 text-pass">Tests Passed</p>
<h3>4</h3>
</div></div>
</div>
<div class="col-md-3">
<div class="card"><div class="card-body">
<p class="m-b-0 text-fail">Tests Failed</p>
<h3>15</h3>
</div></div>
</div>
</div>
<div class="row">
<div class="col-md-6">
<div class="card">
<div class="card-header">
<h6 class="card-title">Tests</h6>
</div>
<div class="card-body">
<div class="">
<canvas id='parent-analysis' width='115' height='90'></canvas>
</div>
</div>
<div class="card-footer">
<div><small data-tooltip='21%'>
<b>4</b> tests passed
</small>
</div>
<div>
<small data-tooltip='78%'><b>15</b> tests failed,
<b>0</b> skipped, <b data-tooltip='0%'>0</b> others
</small>
</div>
</div>
</div>
</div>
<div class="col-md-6">
<div class="card">
<div class="card-header">
<h6 class="card-title">Log events</h6>
</div>
<div class="card-body">
<div class="">
<canvas id='events-analysis' width='115' height='90'></canvas>
</div>
</div>
<div class="card-footer">
<div><small data-tooltip='5%'><b>9</b> events passed</small></div>
<div>
<small data-tooltip='20%'><b>35</b> events failed,
<b data-tooltip='%'>126</b> others
</small>
</div>
</div>
</div>
</div>
</div>
<div class="row"><div class="col-md-12">
<div class="card"><div class="card-header"><p>Timeline</p></div>
<div class="card-body pt-0"><div>
<canvas id="timeline" height="120"></canvas>
</div></div>
</div>
</div></div>
<script>
var timeline = {
"TC_appregistration_negativeflow_Teacher_1":10.092,"TC_appregistration_negativeflow_Teacher_2":9.044,"TC_appregistration_negativeflow_Teacher_3":9.852,"TC_appregistration_negativeflow_Teacher_4":8.853,"TC_appregistration_negativeflow_Teacher_5":4.251,"TC_appregistration_negativeflow_Teacher_7":11.189,"TC_appregistration_negativeflow_Teacher_6":4.285,"TC_appregistration_negativeflow_Teacher_8":4.797,"TC_appregistration_negativeflow_Teacher_9":8.976,"TC_appregistration_negativeflow_Teacher_10":4.137,"TC_appregistration_negativeflow_Teacher_11":8.86,"TC_appregistration_negativeflow_Teacher_12":12.772,"TC_appregistration_negativeflow_Teacher_14":4.144,"TC_appregistration_negativeflow_Student_2":13.904,"TC_appregistration_negativeflow_Student_6":6.51,"TC_appregistration_positiveflow_Teacher":39.432,"TC_appregistration_positiveflow_MusicSchool":39.205,"TC_appregistration_positiveflow_Student":11.315,"TC_appregistration_positiveflow_Parent":32.011
};
</script>
<div class="row">
</div>
</div>
<script>
var statusGroup = {
parentCount: 5,
passParent: 4,
failParent: 15,
warningParent: 0,
skipParent: 0,
childCount: 5,
passChild: 0,
failChild: 0,
warningChild: 0,
skipChild: 0,
infoChild: 0,
grandChildCount: 5,
passGrandChild: 0,
failGrandChild: 0,
warningGrandChild: 0,
skipGrandChild: 0,
infoGrandChild: 0,
eventsCount: 5,
passEvents: 9,
failEvents: 35,
warningEvents: 0,
skipEvents: 0,
infoEvents: 126
};
</script>        </div>
      </div>
    </div>
  </div>
<script src="https://cdn.jsdelivr.net/gh/extent-framework/extent-github-cdn@d6562a79075e061305ccfdb82f01e5e195e2d307/spark/js/spark-script.js"></script>
<script type="text/javascript"></script></body>
</html>